BookRestaurant O O O O O O O B-facility I-facility O O [PAD] O [PAD] [PAD] [PAD]
BookRestaurant O O O O O [PAD] O O O [PAD] O O B-facility
BookRestaurant O O O O [PAD] O O [PAD] O B-facility
BookRestaurant O [PAD] [PAD] O [PAD] O O [PAD] B-facility O O [PAD] [PAD]
BookRestaurant O O O O O [PAD] O O O B-facility
BookRestaurant O O O O O O O B-restaurant_name I-restaurant_name O [PAD] O O [PAD]
BookRestaurant O O O O B-restaurant_name I-restaurant_name O [PAD] [PAD] [PAD] [PAD] O [PAD]
BookRestaurant O O O O O B-restaurant_name I-restaurant_name O [PAD] [PAD] [PAD]
BookRestaurant O O O O B-restaurant_name I-restaurant_name O [PAD] O O O O [PAD]
BookRestaurant O O O O O O B-restaurant_name I-restaurant_name
RateBook O O O [PAD] [PAD] O O O O [PAD] O O O O O B-best_rating
RateBook O O [PAD] O O B-best_rating O [PAD] [PAD] [PAD] [PAD] O O O [PAD]
RateBook O O [PAD] [PAD] [PAD] O O B-best_rating
RateBook O O [PAD] O O B-best_rating O O O O [PAD] O O [PAD]
RateBook O [PAD] [PAD] [PAD] O O B-best_rating
PlayMusic O O B-music_item [PAD] [PAD] [PAD]
PlayMusic O O [PAD] B-music_item O [PAD] [PAD]
AddToPlaylist O O B-music_item O O [PAD] [PAD] [PAD] [PAD] O
AddToPlaylist O O B-music_item O [PAD] [PAD] [PAD]
AddToPlaylist O O B-music_item O [PAD] [PAD] [PAD] [PAD] O
AddToPlaylist O O [PAD] [PAD] O B-playlist_owner O [PAD] [PAD] [PAD]
AddToPlaylist O [PAD] [PAD] [PAD] O B-playlist_owner [PAD] [PAD] [PAD] O
AddToPlaylist O [PAD] [PAD] O B-playlist_owner O [PAD] [PAD] [PAD]
AddToPlaylist O O [PAD] O B-playlist_owner [PAD] [PAD]
AddToPlaylist O [PAD] O B-playlist_owner [PAD] O
RateBook O [PAD] B-object_part_of_series_type O [PAD]
RateBook O O [PAD] [PAD] [PAD] [PAD] B-object_part_of_series_type O [PAD] O [PAD]
RateBook O [PAD] B-object_part_of_series_type O [PAD]
RateBook O [PAD] [PAD] O [PAD] B-object_part_of_series_type
RateBook O [PAD] B-object_part_of_series_type [PAD] O O O O O [PAD]
RateBook O O O [PAD] B-object_type O O O O [PAD] O O O O O [PAD]
SearchScreeningEvent O O O O O B-object_type I-object_type O [PAD] [PAD] [PAD] [PAD]
SearchCreativeWork O O O B-object_type [PAD] [PAD] [PAD] [PAD] [PAD]
SearchCreativeWork O [PAD] [PAD] B-object_type
RateBook O [PAD] B-object_type [PAD] [PAD]
GetWeather O O B-condition_description O [PAD] [PAD] [PAD] [PAD] [PAD]
GetWeather O O O O B-condition_description [PAD] O [PAD] [PAD] O [PAD] [PAD] [PAD]
GetWeather O O O B-condition_description O [PAD] O [PAD] [PAD]
GetWeather [PAD] [PAD] O B-condition_description O O [PAD] [PAD]
GetWeather O O O O O O B-condition_description [PAD] [PAD] [PAD] [PAD] [PAD] [PAD] [PAD] [PAD] [PAD] O [PAD] [PAD] [PAD] [PAD]
SearchScreeningEvent O B-movie_name I-movie_name
SearchScreeningEvent O O [PAD] [PAD] O B-movie_name I-movie_name I-movie_name I-movie_name
SearchScreeningEvent O O O O O [PAD] O B-movie_name I-movie_name I-movie_name
SearchScreeningEvent O [PAD] O B-movie_name I-movie_name I-movie_name O O O O O [PAD]
SearchScreeningEvent O B-movie_name I-movie_name I-movie_name O [PAD] [PAD]
SearchScreeningEvent O O O O O [PAD] [PAD] O [PAD] B-spatial_relation I-spatial_relation I-spatial_relation
GetWeather O O O O O O O O [PAD] [PAD] [PAD] B-spatial_relation [PAD] [PAD] [PAD]
SearchScreeningEvent O [PAD] [PAD] B-spatial_relation O O [PAD] [PAD]
SearchScreeningEvent O O O O [PAD] [PAD] B-spatial_relation I-spatial_relation I-spatial_relation
BookRestaurant O O [PAD] O O [PAD] B-spatial_relation I-spatial_relation I-spatial_relation O [PAD]
PlayMusic O O B-sort [PAD] O [PAD] [PAD]
PlayMusic O O B-sort I-sort [PAD] O O [PAD]
BookRestaurant O O O O O O O B-sort [PAD] O [PAD]
BookRestaurant O O O O [PAD] O O B-sort [PAD] O O [PAD] [PAD] [PAD] [PAD]
PlayMusic O B-sort [PAD] O [PAD]
SearchCreativeWork O O O [PAD] B-object_name I-object_name I-object_name I-object_name I-object_name
SearchCreativeWork O O B-object_name I-object_name I-object_name I-object_name I-object_name I-object_name
SearchCreativeWork O B-object_name I-object_name [PAD]
SearchCreativeWork O O O O O O [PAD] B-object_name I-object_name
SearchCreativeWork O O [PAD] [PAD] O B-object_name I-object_name
PlayMusic O O B-artist O [PAD] O [PAD] [PAD]
AddToPlaylist O O B-artist I-artist O [PAD] O [PAD] [PAD] [PAD]
AddToPlaylist O B-artist I-artist I-artist O [PAD] [PAD] [PAD] [PAD] O
PlayMusic O O [PAD] [PAD] O B-artist I-artist
PlayMusic O O O O O [PAD] O O B-artist
BookRestaurant O O O O [PAD] O O [PAD] [PAD] O O B-cuisine [PAD] [PAD] [PAD]
BookRestaurant O O O O [PAD] O O B-cuisine I-cuisine [PAD]
BookRestaurant O O O O [PAD] O O O [PAD] [PAD] O [PAD] O O B-cuisine O
BookRestaurant O O [PAD] B-cuisine O O O [PAD] O [PAD] O [PAD]
BookRestaurant O O O O O O B-cuisine [PAD] [PAD] O [PAD]
GetWeather O O O O O [PAD] [PAD] O B-timeRange I-timeRange I-timeRange I-timeRange I-timeRange I-timeRange I-timeRange
GetWeather O O O O O O O O [PAD] [PAD] [PAD] [PAD] B-timeRange I-timeRange I-timeRange
BookRestaurant O O [PAD] O [PAD] O B-timeRange I-timeRange I-timeRange
BookRestaurant O O [PAD] O B-timeRange I-timeRange I-timeRange O [PAD]
GetWeather O O O O O O [PAD] [PAD] B-timeRange I-timeRange I-timeRange I-timeRange
RateBook O O O B-object_select [PAD] O O O O [PAD] O O O O O [PAD]
RateBook O B-object_select [PAD] O [PAD]
RateBook O B-object_select [PAD] [PAD] [PAD]
RateBook O O O O O B-object_select [PAD] [PAD] [PAD]
RateBook O B-object_select [PAD] O [PAD]
SearchScreeningEvent O O O O O [PAD] [PAD] O B-movie_type [PAD] [PAD] [PAD]
SearchScreeningEvent O B-movie_type I-movie_type [PAD] O O [PAD] [PAD]
SearchScreeningEvent O O O O B-movie_type I-movie_type [PAD] [PAD] [PAD]
SearchScreeningEvent [PAD] [PAD] [PAD] O O B-movie_type
SearchScreeningEvent O B-movie_type O O O [PAD] [PAD] [PAD]
GetWeather O O O O O O O O B-geographic_poi I-geographic_poi I-geographic_poi [PAD] [PAD] [PAD] [PAD]
GetWeather O O O O [PAD] [PAD] O B-geographic_poi I-geographic_poi I-geographic_poi I-geographic_poi I-geographic_poi
GetWeather O O [PAD] O B-geographic_poi I-geographic_poi I-geographic_poi I-geographic_poi I-geographic_poi
GetWeather O O [PAD] B-geographic_poi I-geographic_poi I-geographic_poi I-geographic_poi
GetWeather O O O O O O [PAD] [PAD] [PAD] [PAD] [PAD] [PAD] [PAD] [PAD] [PAD] [PAD] O B-geographic_poi I-geographic_poi I-geographic_poi I-geographic_poi
BookRestaurant O O O O [PAD] O B-state
GetWeather O O O O O [PAD] B-state O [PAD] [PAD] [PAD] [PAD] [PAD] [PAD] [PAD]
BookRestaurant O O O O O [PAD] O [PAD] [PAD] B-state O [PAD] [PAD] [PAD] [PAD]
BookRestaurant O O [PAD] O [PAD] [PAD] [PAD] O B-state
BookRestaurant O O O O O O O [PAD] [PAD] O B-state
BookRestaurant O O [PAD] O O B-served_dish [PAD] [PAD] [PAD] O [PAD]
BookRestaurant O O O O O [PAD] O B-served_dish I-served_dish I-served_dish O [PAD]
BookRestaurant O O O O O O B-served_dish I-served_dish [PAD] [PAD] [PAD] [PAD]
BookRestaurant O O [PAD] O [PAD] O O [PAD] O O O O O B-served_dish O
BookRestaurant O O O O O [PAD] [PAD] O O B-served_dish O [PAD] O O O O [PAD] O [PAD] [PAD]
GetWeather O O O O O O B-current_location I-current_location [PAD] [PAD] [PAD] [PAD]
GetWeather O O O O [PAD] [PAD] O B-current_location I-current_location O [PAD] [PAD] [PAD]
GetWeather O O O O O O O B-current_location I-current_location O [PAD] [PAD] [PAD] [PAD]
GetWeather O O O O O [PAD] [PAD] O B-current_location
GetWeather O O [PAD] B-current_location O [PAD]
PlayMusic O O [PAD] O B-album O [PAD] [PAD]
PlayMusic O B-album I-album I-album O [PAD] [PAD]
PlayMusic O B-album I-album I-album I-album I-album I-album O [PAD] [PAD]
PlayMusic O B-album I-album I-album I-album I-album
PlayMusic O O O O B-album I-album I-album O [PAD] [PAD]
GetWeather O O O O O O O O O [PAD] O O O O B-country
BookRestaurant O O O O O O O [PAD] [PAD] O B-country O O [PAD]
BookRestaurant O O O O O [PAD] O [PAD] [PAD] [PAD] O B-country
GetWeather O O O O O B-country I-country
GetWeather O O O O O O [PAD] [PAD] [PAD] [PAD] O B-country
SearchScreeningEvent O [PAD] [PAD] O B-location_name I-location_name I-location_name
SearchScreeningEvent O O O [PAD] [PAD] O B-location_name I-location_name
SearchScreeningEvent O [PAD] [PAD] [PAD] O B-location_name I-location_name
SearchScreeningEvent O [PAD] O O O B-location_name I-location_name I-location_name
SearchScreeningEvent O [PAD] O O O B-location_name I-location_name
BookRestaurant O O O O O [PAD] [PAD] [PAD] O B-poi I-poi
BookRestaurant O O O O [PAD] O O [PAD] [PAD] O O [PAD] [PAD] B-poi I-poi
BookRestaurant O B-poi I-poi O [PAD] O O [PAD] [PAD] O O [PAD] [PAD]
BookRestaurant O O [PAD] O [PAD] [PAD] [PAD] [PAD] [PAD] [PAD] O B-poi I-poi I-poi I-poi
BookRestaurant O O O O O O [PAD] O O [PAD] O B-poi O [PAD] [PAD]
GetWeather O O O B-condition_temperature O [PAD]
GetWeather O O O B-condition_temperature [PAD] O [PAD] [PAD]
GetWeather O O O O O B-condition_temperature O O [PAD]
GetWeather O O O O O B-condition_temperature O O [PAD]
GetWeather O O B-condition_temperature O [PAD] [PAD] [PAD]
BookRestaurant O O O O O [PAD] O [PAD] [PAD] [PAD] O B-party_size_description I-party_size_description I-party_size_description I-party_size_description
BookRestaurant O O O O [PAD] [PAD] O B-party_size_description I-party_size_description I-party_size_description I-party_size_description O [PAD]
BookRestaurant O O O O O [PAD] O B-party_size_description I-party_size_description I-party_size_description I-party_size_description O [PAD]
BookRestaurant O O O O [PAD] O [PAD] O B-party_size_description I-party_size_description I-party_size_description
BookRestaurant [PAD] O [PAD] O B-party_size_description I-party_size_description I-party_size_description I-party_size_description
BookRestaurant O O O O B-party_size_number O [PAD]
BookRestaurant O O [PAD] O B-party_size_number O [PAD] [PAD] [PAD]
BookRestaurant O O [PAD] O B-party_size_number
BookRestaurant O O O O O O O [PAD] [PAD] O [PAD] O O B-party_size_number
BookRestaurant O O O O B-party_size_number O O [PAD] [PAD] O O [PAD] [PAD] [PAD] [PAD]
AddToPlaylist O B-entity_name I-entity_name I-entity_name O O [PAD] [PAD] O
AddToPlaylist O O O [PAD] [PAD] B-entity_name I-entity_name I-entity_name I-entity_name
AddToPlaylist O B-entity_name I-entity_name O [PAD] O [PAD] [PAD] [PAD]
AddToPlaylist O B-entity_name O [PAD] [PAD] O
AddToPlaylist O B-entity_name I-entity_name O [PAD] O O [PAD]
PlayMusic O O [PAD] B-track I-track I-track
PlayMusic O B-track I-track I-track I-track O [PAD] [PAD]
PlayMusic O O [PAD] B-track I-track
PlayMusic O B-track I-track I-track I-track I-track I-track O [PAD] [PAD]
PlayMusic O B-track I-track I-track I-track I-track O [PAD] [PAD] [PAD]
PlayMusic O O O O O B-year O
PlayMusic O O O O O B-year O O [PAD]
PlayMusic O [PAD] [PAD] O O B-year
PlayMusic O O O B-year
PlayMusic O B-year O
RateBook O O O [PAD] [PAD] O O O O B-rating_value O O O O O [PAD]
RateBook O [PAD] [PAD] O B-rating_value
RateBook O [PAD] [PAD] B-rating_value [PAD]
RateBook O O O O O [PAD] [PAD] B-rating_value [PAD]
RateBook O [PAD] [PAD] O B-rating_value
BookRestaurant O O B-restaurant_type O [PAD] O [PAD] [PAD] [PAD]
BookRestaurant O O O O O B-restaurant_type O [PAD] [PAD] [PAD] O [PAD] [PAD] [PAD] [PAD]
BookRestaurant O O B-restaurant_type O [PAD] [PAD] [PAD] O [PAD]
BookRestaurant O O O O O O O [PAD] B-restaurant_type O [PAD]
BookRestaurant O O B-restaurant_type O O [PAD] [PAD] [PAD] [PAD] O [PAD]
PlayMusic O B-genre O [PAD]
PlayMusic O O O O O B-genre O O [PAD]
PlayMusic O [PAD] B-genre O
PlayMusic O O B-genre O
PlayMusic O O O O O B-genre I-genre
AddToPlaylist O [PAD] [PAD] [PAD] O O B-playlist I-playlist O
AddToPlaylist O O [PAD] [PAD] O [PAD] O B-playlist I-playlist I-playlist
AddToPlaylist O [PAD] [PAD] [PAD] O [PAD] B-playlist I-playlist I-playlist O
AddToPlaylist O O O B-playlist I-playlist [PAD] [PAD] [PAD] [PAD]
AddToPlaylist O O [PAD] O O B-playlist I-playlist I-playlist I-playlist O
PlayMusic O O [PAD] O [PAD] O B-service I-service
PlayMusic O O [PAD] [PAD] [PAD] O O B-service
PlayMusic O [PAD] O B-service
PlayMusic O [PAD] O [PAD] O B-service
PlayMusic O O O O O [PAD] O B-service O [PAD] [PAD]
GetWeather O O O O O B-city [PAD] O [PAD] [PAD] [PAD] [PAD] [PAD] [PAD] [PAD]
BookRestaurant O O O O O [PAD] O B-city I-city [PAD] O [PAD] [PAD] [PAD] [PAD]
GetWeather O O O O O O O O O B-city O O O O [PAD]
GetWeather O O O [PAD] [PAD] O B-city I-city
BookRestaurant O O O O O [PAD] [PAD] O O O O [PAD] O B-city I-city
SearchScreeningEvent O O B-object_location_type I-object_location_type O [PAD] [PAD] [PAD] [PAD]
SearchScreeningEvent O [PAD] [PAD] [PAD] O O B-object_location_type I-object_location_type
SearchScreeningEvent O [PAD] O [PAD] [PAD] [PAD] O O O O O B-object_location_type
SearchScreeningEvent O [PAD] O O O O [PAD] B-object_location_type I-object_location_type
SearchScreeningEvent O O [PAD] B-object_location_type I-object_location_type O [PAD]
RateBook O [PAD] [PAD] [PAD] B-rating_unit
RateBook O O O O O [PAD] [PAD] [PAD] B-rating_unit
RateBook O O B-rating_unit O O [PAD] O [PAD] [PAD] [PAD] [PAD] O O O [PAD]
RateBook O O [PAD] [PAD] [PAD] [PAD] O O [PAD] B-rating_unit
RateBook O [PAD] O [PAD] B-rating_unit O O [PAD] [PAD]
