BookRestaurant O O O O O O O B-facility I-facility O O [PAD] O [PAD] [PAD] [PAD]
BookRestaurant O O O O O [PAD] O O O [PAD] O O B-facility
BookRestaurant O O O O [PAD] O O [PAD] O B-facility
BookRestaurant O [PAD] [PAD] O [PAD] O O [PAD] B-facility O O [PAD] [PAD]
BookRestaurant O O O O O [PAD] O O O B-facility
BookRestaurant O O O O O O O [PAD] O O B-facility O [PAD] [PAD] [PAD]
BookRestaurant O O O [PAD] O O B-facility O O O O O [PAD]
BookRestaurant O O O O [PAD] [PAD] O [PAD] O O [PAD] O O B-facility I-facility
BookRestaurant O O O O [PAD] [PAD] O O [PAD] O O B-facility
BookRestaurant O O O O O [PAD] O O [PAD] O O B-facility
BookRestaurant O O O [PAD] [PAD] [PAD] [PAD] O O [PAD] O B-facility
BookRestaurant O O [PAD] O B-facility O O [PAD]
BookRestaurant O O [PAD] O O B-facility [PAD] [PAD] [PAD] [PAD] O O [PAD] O [PAD] O O [PAD]
BookRestaurant O O [PAD] O B-facility O [PAD] [PAD] [PAD] [PAD]
BookRestaurant O O O O O O [PAD] [PAD] [PAD] [PAD] O O [PAD] O O B-facility I-facility
BookRestaurant O O [PAD] O O B-facility [PAD]
BookRestaurant O O B-facility O [PAD] O [PAD] [PAD] [PAD]
BookRestaurant O O [PAD] O B-facility O [PAD] O
BookRestaurant [PAD] O [PAD] O O [PAD] O O B-facility
BookRestaurant O O O O [PAD] O O [PAD] O O B-facility O [PAD] [PAD] [PAD] [PAD] [PAD]
BookRestaurant O O O O B-facility [PAD] O [PAD] [PAD] [PAD] [PAD] O
BookRestaurant O O O O O O O B-restaurant_name I-restaurant_name O [PAD] O O [PAD]
BookRestaurant O O O O B-restaurant_name I-restaurant_name O [PAD] [PAD] [PAD] [PAD] O [PAD]
BookRestaurant O O O O O B-restaurant_name I-restaurant_name O [PAD] [PAD] [PAD]
BookRestaurant O O O O B-restaurant_name I-restaurant_name O [PAD] O O O O [PAD]
BookRestaurant O O O O O O B-restaurant_name I-restaurant_name
BookRestaurant O B-restaurant_name I-restaurant_name I-restaurant_name O [PAD] [PAD] [PAD] [PAD] O [PAD] O
BookRestaurant O O O O B-restaurant_name O [PAD] O [PAD] [PAD] [PAD]
BookRestaurant O O B-restaurant_name I-restaurant_name O [PAD] O
BookRestaurant O O O O O O O [PAD] [PAD] [PAD] O B-restaurant_name I-restaurant_name I-restaurant_name O [PAD]
BookRestaurant O O O B-restaurant_name I-restaurant_name I-restaurant_name I-restaurant_name O [PAD] [PAD] O O O O [PAD]
BookRestaurant O O O O O O B-restaurant_name I-restaurant_name I-restaurant_name
BookRestaurant O O O O O B-restaurant_name I-restaurant_name O [PAD] [PAD] O O O O [PAD]
BookRestaurant O O O O O [PAD] O O [PAD] B-restaurant_name O [PAD]
BookRestaurant O O [PAD] O O B-restaurant_name I-restaurant_name I-restaurant_name I-restaurant_name
BookRestaurant O O O O O [PAD] O [PAD] O [PAD] O B-restaurant_name I-restaurant_name
BookRestaurant O O O O O [PAD] [PAD] O O B-restaurant_name I-restaurant_name I-restaurant_name
BookRestaurant O O O O [PAD] O O B-restaurant_name I-restaurant_name
BookRestaurant O O O [PAD] O O O O B-restaurant_name I-restaurant_name O [PAD] [PAD]
BookRestaurant O O O O O B-restaurant_name I-restaurant_name I-restaurant_name O [PAD] [PAD] [PAD]
BookRestaurant O O O O O O O O B-restaurant_name I-restaurant_name I-restaurant_name O [PAD] O [PAD] [PAD]
BookRestaurant O O O O O B-restaurant_name I-restaurant_name O [PAD] [PAD]
BookRestaurant O O O O B-restaurant_name I-restaurant_name O O [PAD] [PAD] [PAD]
BookRestaurant O O O O O [PAD] O [PAD] [PAD] O B-restaurant_name I-restaurant_name I-restaurant_name I-restaurant_name
BookRestaurant O [PAD] O B-restaurant_name I-restaurant_name I-restaurant_name O [PAD] [PAD] [PAD] [PAD] [PAD] [PAD] O [PAD]
BookRestaurant O B-restaurant_name I-restaurant_name I-restaurant_name I-restaurant_name [PAD] O [PAD]
BookRestaurant O O O O O [PAD] O B-restaurant_name I-restaurant_name I-restaurant_name O [PAD]
BookRestaurant O O O O O [PAD] O B-restaurant_name I-restaurant_name I-restaurant_name [PAD] [PAD] [PAD] [PAD]
BookRestaurant O B-restaurant_name I-restaurant_name I-restaurant_name I-restaurant_name O [PAD] [PAD] O [PAD] [PAD] [PAD]
BookRestaurant O O O O O B-restaurant_name I-restaurant_name I-restaurant_name O [PAD] [PAD]
BookRestaurant O O O O B-restaurant_name I-restaurant_name I-restaurant_name I-restaurant_name O [PAD]
RateBook O O O [PAD] [PAD] O O O O [PAD] O O O O O B-best_rating
RateBook O O [PAD] O O B-best_rating O [PAD] [PAD] [PAD] [PAD] O O O [PAD]
RateBook O O [PAD] [PAD] [PAD] O O B-best_rating
RateBook O O [PAD] O O B-best_rating O O O O [PAD] O O [PAD]
RateBook O [PAD] [PAD] [PAD] O O B-best_rating
RateBook O O [PAD] [PAD] [PAD] O O B-best_rating
RateBook O O [PAD] [PAD] [PAD] [PAD] O O B-best_rating [PAD]
RateBook O [PAD] O B-best_rating [PAD] O O [PAD] [PAD]
RateBook O O [PAD] [PAD] [PAD] [PAD] [PAD] O [PAD] O B-best_rating
RateBook O [PAD] [PAD] [PAD] [PAD] [PAD] [PAD] [PAD] [PAD] O B-best_rating
RateBook O [PAD] [PAD] [PAD] [PAD] [PAD] [PAD] O O O [PAD] O B-best_rating [PAD]
RateBook O O O O [PAD] [PAD] [PAD] [PAD] [PAD] O O B-best_rating [PAD]
RateBook O [PAD] O O B-best_rating O [PAD] [PAD]
RateBook O [PAD] O O B-best_rating O [PAD] [PAD] [PAD]
RateBook O [PAD] [PAD] [PAD] O O B-best_rating [PAD]
RateBook O O O O O O O [PAD] O B-best_rating O O [PAD] O [PAD] [PAD] [PAD] [PAD] [PAD] [PAD]
RateBook O O [PAD] [PAD] [PAD] O B-best_rating
RateBook O [PAD] [PAD] [PAD] O O O O O B-best_rating
RateBook O O O [PAD] [PAD] [PAD] O O B-best_rating [PAD]
RateBook O O O [PAD] [PAD] [PAD] O O B-best_rating [PAD]
PlayMusic O O B-music_item [PAD] [PAD] [PAD]
PlayMusic O O [PAD] B-music_item O [PAD] [PAD]
AddToPlaylist O O B-music_item O O [PAD] [PAD] [PAD] [PAD] O
AddToPlaylist O O B-music_item O [PAD] [PAD] [PAD]
AddToPlaylist O O B-music_item O [PAD] [PAD] [PAD] [PAD] O
PlayMusic O O B-music_item O [PAD] [PAD]
AddToPlaylist O O B-music_item O [PAD] O [PAD] [PAD] [PAD] [PAD] [PAD]
PlayMusic O O O O O [PAD] [PAD] B-music_item
AddToPlaylist O O O B-music_item O [PAD] [PAD]
PlayMusic O B-music_item O [PAD] O [PAD]
PlayMusic O O O O O B-music_item O [PAD] O [PAD] [PAD]
AddToPlaylist O O B-music_item O O O O [PAD]
AddToPlaylist O O B-music_item O [PAD] O O [PAD] [PAD]
AddToPlaylist O B-music_item O [PAD] [PAD] [PAD] [PAD] [PAD] [PAD]
AddToPlaylist O O B-music_item O [PAD] [PAD]
AddToPlaylist O O B-music_item O [PAD] [PAD] [PAD] O
AddToPlaylist O B-music_item O [PAD] [PAD] O
PlayMusic O O [PAD] [PAD] B-music_item
AddToPlaylist O O B-music_item O [PAD]
AddToPlaylist O O B-music_item O O [PAD] [PAD] [PAD] [PAD] O
AddToPlaylist O O B-music_item O O [PAD] [PAD] [PAD] [PAD] [PAD] O
AddToPlaylist O [PAD] B-music_item O [PAD] [PAD] [PAD] O
PlayMusic O [PAD] B-music_item O [PAD]
AddToPlaylist O O O O O B-music_item O [PAD] [PAD] [PAD] O [PAD] [PAD] [PAD] O
AddToPlaylist O O B-music_item O [PAD] [PAD] [PAD] O
PlayMusic O O O B-music_item O [PAD] [PAD]
PlayMusic O O B-music_item [PAD] [PAD]
PlayMusic O O [PAD] B-music_item O O [PAD]
PlayMusic O O [PAD] B-music_item O [PAD] [PAD] O [PAD]
AddToPlaylist O O B-music_item O [PAD] [PAD]
AddToPlaylist O [PAD] [PAD] B-music_item O [PAD] [PAD] [PAD] [PAD]
PlayMusic O O [PAD] B-music_item O [PAD] [PAD]
AddToPlaylist O O B-music_item O [PAD] [PAD] [PAD]
AddToPlaylist O O B-music_item O [PAD] [PAD] [PAD] O
AddToPlaylist O O [PAD] [PAD] O B-playlist_owner O [PAD] [PAD] [PAD]
AddToPlaylist O [PAD] [PAD] [PAD] O B-playlist_owner [PAD] [PAD] [PAD] O
AddToPlaylist O [PAD] [PAD] O B-playlist_owner O [PAD] [PAD] [PAD]
AddToPlaylist O O [PAD] O B-playlist_owner [PAD] [PAD]
AddToPlaylist O [PAD] O B-playlist_owner [PAD] O
AddToPlaylist O O [PAD] O B-playlist_owner I-playlist_owner [PAD] [PAD] O
AddToPlaylist O O [PAD] O B-playlist_owner O [PAD] [PAD] [PAD] [PAD] [PAD]
AddToPlaylist O [PAD] [PAD] O B-playlist_owner O O [PAD]
AddToPlaylist O [PAD] [PAD] O B-playlist_owner [PAD] [PAD] O
AddToPlaylist O [PAD] [PAD] O B-playlist_owner [PAD] [PAD] O
AddToPlaylist O O [PAD] O B-playlist_owner O O [PAD] [PAD]
AddToPlaylist O O O [PAD] [PAD] O O O O B-playlist_owner O [PAD] [PAD] [PAD]
AddToPlaylist O O [PAD] O B-playlist_owner [PAD] [PAD] O
AddToPlaylist O [PAD] O B-playlist_owner [PAD] O
AddToPlaylist O [PAD] [PAD] [PAD] O B-playlist_owner O O [PAD] [PAD] [PAD] [PAD]
AddToPlaylist O [PAD] O B-playlist_owner [PAD] [PAD]
AddToPlaylist O B-playlist_owner [PAD] O [PAD] [PAD] [PAD] O
AddToPlaylist O O O O O [PAD] O [PAD] [PAD] [PAD] O B-playlist_owner [PAD] [PAD] O
AddToPlaylist O [PAD] [PAD] O B-playlist_owner O O [PAD] [PAD] [PAD] [PAD]
AddToPlaylist O [PAD] [PAD] [PAD] [PAD] O B-playlist_owner [PAD] [PAD] [PAD] O
AddToPlaylist O [PAD] [PAD] [PAD] [PAD] [PAD] [PAD] [PAD] [PAD] O B-playlist_owner [PAD] [PAD] [PAD] O
AddToPlaylist O [PAD] O B-playlist_owner I-playlist_owner [PAD] [PAD] O
AddToPlaylist O [PAD] [PAD] O B-playlist_owner [PAD] [PAD] O
AddToPlaylist O O O [PAD] [PAD] [PAD] [PAD] O B-playlist_owner [PAD] [PAD] [PAD] [PAD] [PAD] O
AddToPlaylist O O [PAD] O B-playlist_owner [PAD] [PAD] O
AddToPlaylist O O [PAD] O B-playlist_owner [PAD] [PAD] [PAD] [PAD] O
RateBook O [PAD] B-object_part_of_series_type O [PAD]
RateBook O O [PAD] [PAD] [PAD] [PAD] B-object_part_of_series_type O [PAD] O [PAD]
RateBook O [PAD] B-object_part_of_series_type O [PAD]
RateBook O [PAD] [PAD] O [PAD] B-object_part_of_series_type
RateBook O [PAD] B-object_part_of_series_type [PAD] O O O O O [PAD]
RateBook O [PAD] B-object_part_of_series_type [PAD] O [PAD] [PAD]
RateBook O [PAD] B-object_part_of_series_type O O [PAD] O
RateBook O O O O B-object_part_of_series_type [PAD] [PAD] [PAD] [PAD] [PAD] [PAD] [PAD] [PAD] [PAD] O O O [PAD] [PAD]
RateBook O [PAD] B-object_part_of_series_type I-object_part_of_series_type [PAD] [PAD]
RateBook O O [PAD] [PAD] B-object_part_of_series_type O [PAD]
RateBook [PAD] B-object_part_of_series_type O O [PAD] O O [PAD]
RateBook O O [PAD] [PAD] [PAD] B-object_part_of_series_type O [PAD]
RateBook O [PAD] [PAD] B-object_part_of_series_type [PAD] O [PAD]
RateBook O O [PAD] [PAD] B-object_part_of_series_type O [PAD]
RateBook O O B-object_part_of_series_type [PAD] O [PAD]
RateBook O [PAD] B-object_part_of_series_type O [PAD] [PAD]
RateBook O O O O [PAD] [PAD] B-object_part_of_series_type [PAD] O [PAD] O O [PAD]
RateBook O O O [PAD] B-object_part_of_series_type [PAD] [PAD]
RateBook O [PAD] B-object_part_of_series_type [PAD] O [PAD]
RateBook O [PAD] O O [PAD] [PAD] O [PAD] [PAD] [PAD] B-object_part_of_series_type
RateBook O O [PAD] B-object_part_of_series_type [PAD] [PAD] [PAD] O O [PAD] [PAD]
RateBook O [PAD] B-object_part_of_series_type [PAD] [PAD]
RateBook O O [PAD] B-object_part_of_series_type O O [PAD] O O [PAD] O [PAD]
RateBook O O [PAD] B-object_part_of_series_type [PAD] [PAD] [PAD] [PAD] O [PAD]
RateBook O O O O O [PAD] B-object_part_of_series_type O O O [PAD] O O O O O [PAD]
RateBook O O [PAD] [PAD] [PAD] B-object_part_of_series_type [PAD] O [PAD]
RateBook O O [PAD] B-object_part_of_series_type O [PAD]
RateBook O O O O [PAD] B-object_part_of_series_type [PAD] [PAD]
RateBook O [PAD] [PAD] B-object_part_of_series_type [PAD] [PAD] O O [PAD]
RateBook O O O O [PAD] [PAD] B-object_part_of_series_type [PAD] [PAD] O O [PAD]
RateBook O O O [PAD] B-object_type O O O O [PAD] O O O O O [PAD]
SearchScreeningEvent O O O O O B-object_type I-object_type O [PAD] [PAD] [PAD] [PAD]
SearchCreativeWork O O O B-object_type [PAD] [PAD] [PAD] [PAD] [PAD]
SearchCreativeWork O [PAD] [PAD] B-object_type
RateBook O [PAD] B-object_type [PAD] [PAD]
SearchScreeningEvent O B-object_type I-object_type
RateBook O O O O O [PAD] B-object_type [PAD] [PAD]
SearchScreeningEvent O B-object_type I-object_type O [PAD] [PAD] [PAD]
SearchCreativeWork O O O O O O B-object_type [PAD] [PAD]
SearchCreativeWork O O B-object_type I-object_type O [PAD] [PAD]
SearchCreativeWork O O B-object_type O [PAD]
SearchScreeningEvent O O O O O B-object_type O [PAD] [PAD] [PAD]
RateBook O [PAD] B-object_type O [PAD]
SearchScreeningEvent O B-object_type O [PAD] [PAD] [PAD] O O O O O [PAD]
RateBook O O [PAD] B-object_type [PAD] O O [PAD]
RateBook O O B-object_type O O [PAD] O O O O [PAD] O O [PAD]
SearchScreeningEvent O O O B-object_type I-object_type O [PAD] [PAD]
SearchCreativeWork O O O B-object_type [PAD] [PAD]
RateBook O [PAD] B-object_type [PAD] O O [PAD]
RateBook O O [PAD] B-object_type O [PAD]
SearchCreativeWork O [PAD] O B-object_type
RateBook O O [PAD] B-object_type [PAD] O O [PAD]
RateBook O [PAD] O [PAD] [PAD] O O [PAD] B-object_type
SearchCreativeWork O O O B-object_type O [PAD] [PAD] [PAD]
SearchCreativeWork O O B-object_type I-object_type O [PAD] [PAD] [PAD] [PAD] [PAD]
SearchCreativeWork O O B-object_type O [PAD] [PAD] [PAD] [PAD]
SearchCreativeWork O O O O O B-object_type O [PAD] [PAD]
SearchCreativeWork O O [PAD] [PAD] [PAD] [PAD] [PAD] B-object_type
SearchCreativeWork O O O O O B-object_type I-object_type [PAD] [PAD]
SearchCreativeWork O O [PAD] [PAD] B-object_type
SearchCreativeWork O O O O O O B-object_type [PAD] [PAD] [PAD] [PAD] [PAD] [PAD]
RateBook O O B-object_type [PAD] [PAD] [PAD] [PAD] O O [PAD] [PAD]
SearchScreeningEvent O O B-object_type I-object_type O [PAD] [PAD] [PAD] [PAD]
SearchCreativeWork O O O B-object_type O [PAD] [PAD] [PAD] [PAD] [PAD] [PAD]
SearchCreativeWork O O B-object_type O [PAD] [PAD] [PAD]
SearchCreativeWork O O O O [PAD] [PAD] [PAD] B-object_type
SearchCreativeWork O O B-object_type I-object_type O [PAD] [PAD]
SearchCreativeWork O O B-object_type O [PAD] [PAD] [PAD] [PAD] [PAD]
SearchScreeningEvent O O B-object_type I-object_type
GetWeather O O B-condition_description O [PAD] [PAD] [PAD] [PAD] [PAD]
GetWeather O O O O B-condition_description [PAD] O [PAD] [PAD] O [PAD] [PAD] [PAD]
GetWeather O O O B-condition_description O [PAD] O [PAD] [PAD]
GetWeather [PAD] [PAD] O B-condition_description O O [PAD] [PAD]
GetWeather O O O O O O B-condition_description [PAD] [PAD] [PAD] [PAD] [PAD] [PAD] [PAD] [PAD] [PAD] O [PAD] [PAD] [PAD] [PAD]
GetWeather O O O O O [PAD] [PAD] O O O B-condition_description
GetWeather O O O B-condition_description O [PAD] O [PAD]
GetWeather O O B-condition_description [PAD] O [PAD]
GetWeather O O O O O O [PAD] [PAD] O B-condition_description O
GetWeather O O O B-condition_description [PAD] [PAD] O [PAD] [PAD]
GetWeather O O O B-condition_description O [PAD] [PAD] O [PAD]
GetWeather O O O O B-condition_description O [PAD] O O [PAD] [PAD]
GetWeather O [PAD] [PAD] [PAD] [PAD] [PAD] O B-condition_description O
GetWeather O O O O O B-condition_description O [PAD] [PAD] [PAD] [PAD] [PAD]
GetWeather O O O B-condition_description [PAD] [PAD] [PAD] [PAD] O [PAD] [PAD] [PAD] [PAD] O [PAD] [PAD] [PAD] [PAD]
GetWeather O O O B-condition_description O O [PAD] [PAD] [PAD] [PAD]
GetWeather O O O B-condition_description O [PAD] [PAD] [PAD] O [PAD]
GetWeather O O O B-condition_description O [PAD] [PAD] [PAD]
GetWeather O B-condition_description O O [PAD] [PAD] O [PAD]
GetWeather O O O O O B-condition_description O [PAD] [PAD]
GetWeather O O O B-condition_description O [PAD]
GetWeather O O O O B-condition_description O [PAD] [PAD] O [PAD]
GetWeather O O O B-condition_description O O O O [PAD] [PAD]
GetWeather O O O B-condition_description O [PAD]
SearchScreeningEvent O B-movie_name I-movie_name
SearchScreeningEvent O O [PAD] [PAD] O B-movie_name I-movie_name I-movie_name I-movie_name
SearchScreeningEvent O O O O O [PAD] O B-movie_name I-movie_name I-movie_name
SearchScreeningEvent O [PAD] O B-movie_name I-movie_name I-movie_name O O O O O [PAD]
SearchScreeningEvent O B-movie_name I-movie_name I-movie_name O [PAD] [PAD]
SearchScreeningEvent O B-movie_name I-movie_name I-movie_name I-movie_name O O [PAD] [PAD] [PAD] O O [PAD] [PAD]
SearchScreeningEvent O O O [PAD] [PAD] [PAD] O O O B-movie_name I-movie_name I-movie_name
SearchScreeningEvent O O B-movie_name I-movie_name I-movie_name O
SearchScreeningEvent O O [PAD] O B-movie_name I-movie_name O O [PAD] [PAD] [PAD] O [PAD]
SearchScreeningEvent O B-movie_name I-movie_name I-movie_name O [PAD] [PAD] [PAD] [PAD]
SearchScreeningEvent O O B-movie_name I-movie_name I-movie_name I-movie_name O O [PAD] [PAD]
SearchScreeningEvent O O O B-movie_name I-movie_name O
SearchScreeningEvent O B-movie_name I-movie_name I-movie_name O
SearchScreeningEvent O O O [PAD] O B-movie_name I-movie_name I-movie_name
SearchScreeningEvent O B-movie_name I-movie_name O
SearchScreeningEvent O O O O B-movie_name I-movie_name I-movie_name I-movie_name I-movie_name I-movie_name I-movie_name
SearchScreeningEvent O O O [PAD] [PAD] [PAD] O B-movie_name I-movie_name
SearchScreeningEvent O [PAD] [PAD] O B-movie_name I-movie_name I-movie_name O O
SearchScreeningEvent O O O O [PAD] [PAD] O O B-movie_name I-movie_name I-movie_name
SearchScreeningEvent O O O O O B-movie_name O [PAD] [PAD]
SearchScreeningEvent O B-movie_name I-movie_name I-movie_name I-movie_name I-movie_name O [PAD] [PAD] [PAD]
SearchScreeningEvent O O O O O O O B-movie_name I-movie_name I-movie_name
SearchScreeningEvent O O [PAD] [PAD] O B-movie_name I-movie_name I-movie_name O O [PAD]
SearchScreeningEvent O O [PAD] O B-movie_name I-movie_name I-movie_name I-movie_name O [PAD]
SearchScreeningEvent O O O O O B-movie_name I-movie_name I-movie_name O O [PAD]
SearchScreeningEvent O O [PAD] O O B-movie_name I-movie_name I-movie_name I-movie_name I-movie_name I-movie_name
SearchScreeningEvent O O O O O O B-movie_name I-movie_name I-movie_name I-movie_name I-movie_name I-movie_name I-movie_name
SearchScreeningEvent O O O B-movie_name I-movie_name I-movie_name I-movie_name O O [PAD] [PAD] [PAD]
SearchScreeningEvent O O B-movie_name I-movie_name I-movie_name O
SearchScreeningEvent O O B-movie_name I-movie_name I-movie_name O O O [PAD] [PAD]
SearchScreeningEvent O O O O O B-movie_name I-movie_name O O [PAD] [PAD] O [PAD]
SearchScreeningEvent O O O [PAD] [PAD] O B-movie_name I-movie_name I-movie_name I-movie_name
SearchScreeningEvent O O O [PAD] [PAD] [PAD] O B-movie_name I-movie_name I-movie_name
SearchScreeningEvent O O O B-movie_name I-movie_name I-movie_name O O O [PAD] [PAD]
SearchScreeningEvent O O [PAD] [PAD] O B-movie_name I-movie_name
SearchScreeningEvent O O O B-movie_name I-movie_name O
SearchScreeningEvent O O O O B-movie_name I-movie_name I-movie_name I-movie_name O O
SearchScreeningEvent O B-movie_name I-movie_name I-movie_name I-movie_name I-movie_name O O [PAD] [PAD]
SearchScreeningEvent O O O B-movie_name I-movie_name I-movie_name I-movie_name I-movie_name I-movie_name O O
SearchScreeningEvent O O B-movie_name O O O O
SearchScreeningEvent O O O O O B-movie_name I-movie_name I-movie_name I-movie_name I-movie_name I-movie_name [PAD] [PAD]
SearchScreeningEvent O O B-movie_name I-movie_name O O O [PAD] [PAD] [PAD]
SearchScreeningEvent O O O B-movie_name I-movie_name I-movie_name I-movie_name I-movie_name I-movie_name O O [PAD] [PAD]
SearchScreeningEvent O O O B-movie_name I-movie_name I-movie_name I-movie_name I-movie_name O O [PAD] [PAD]
SearchScreeningEvent O [PAD] O O O O O O B-movie_name I-movie_name I-movie_name I-movie_name I-movie_name I-movie_name I-movie_name I-movie_name I-movie_name
SearchScreeningEvent O O O [PAD] [PAD] [PAD] O B-movie_name I-movie_name I-movie_name I-movie_name
SearchScreeningEvent O O O O O [PAD] [PAD] O [PAD] B-spatial_relation I-spatial_relation I-spatial_relation
GetWeather O O O O O O O O [PAD] [PAD] [PAD] B-spatial_relation [PAD] [PAD] [PAD]
SearchScreeningEvent O [PAD] [PAD] B-spatial_relation O O [PAD] [PAD]
SearchScreeningEvent O O O O [PAD] [PAD] B-spatial_relation I-spatial_relation I-spatial_relation
BookRestaurant O O [PAD] O O [PAD] B-spatial_relation I-spatial_relation I-spatial_relation O [PAD]
SearchScreeningEvent B-spatial_relation I-spatial_relation I-spatial_relation O O [PAD]
BookRestaurant O O O O O [PAD] B-spatial_relation I-spatial_relation O [PAD] [PAD]
GetWeather O O O O B-spatial_relation I-spatial_relation O [PAD] [PAD] [PAD] [PAD] [PAD]
GetWeather O O O O [PAD] B-spatial_relation O [PAD] [PAD] O [PAD] [PAD] [PAD]
BookRestaurant O O O O [PAD] O O [PAD] [PAD] O O [PAD] B-spatial_relation [PAD] [PAD]
SearchScreeningEvent O O [PAD] [PAD] O [PAD] [PAD] B-spatial_relation I-spatial_relation
SearchScreeningEvent O [PAD] O O O O B-spatial_relation [PAD] [PAD]
SearchScreeningEvent O O B-spatial_relation [PAD] [PAD] O [PAD]
SearchScreeningEvent O [PAD] [PAD] [PAD] [PAD] O O [PAD] [PAD] [PAD] O O B-spatial_relation [PAD]
GetWeather O O B-spatial_relation [PAD] [PAD] [PAD] [PAD]
SearchScreeningEvent O O O [PAD] [PAD] O [PAD] B-spatial_relation I-spatial_relation
GetWeather O O O O O O B-spatial_relation I-spatial_relation O [PAD] O [PAD] [PAD] [PAD]
SearchScreeningEvent O O O B-spatial_relation [PAD] [PAD] O O O [PAD] [PAD] [PAD]
SearchScreeningEvent O [PAD] [PAD] O B-spatial_relation I-spatial_relation [PAD]
SearchScreeningEvent O O O O O [PAD] O O B-spatial_relation [PAD] [PAD]
SearchScreeningEvent O O [PAD] O [PAD] [PAD] O O B-spatial_relation [PAD] [PAD] O [PAD]
BookRestaurant O O [PAD] B-spatial_relation I-spatial_relation O [PAD] O [PAD] O
BookRestaurant O [PAD] [PAD] O [PAD] O O [PAD] [PAD] O O B-spatial_relation I-spatial_relation
BookRestaurant O O O O O B-spatial_relation [PAD] O O [PAD] O [PAD] O O O O [PAD] O [PAD] [PAD]
GetWeather O O O O O B-spatial_relation I-spatial_relation O [PAD]
BookRestaurant O O O O O [PAD] [PAD] B-spatial_relation [PAD] O O O O [PAD]
SearchScreeningEvent O [PAD] O O B-spatial_relation I-spatial_relation I-spatial_relation
SearchScreeningEvent O O B-spatial_relation [PAD] O O [PAD] [PAD]
SearchScreeningEvent O [PAD] [PAD] O [PAD] B-spatial_relation I-spatial_relation
BookRestaurant O O O O O O [PAD] O O B-spatial_relation O [PAD] O O [PAD] O [PAD] [PAD]
GetWeather O [PAD] O O B-spatial_relation O [PAD]
SearchScreeningEvent O O O [PAD] O B-spatial_relation [PAD] [PAD]
SearchScreeningEvent O O B-spatial_relation [PAD] [PAD] O O [PAD] [PAD]
SearchScreeningEvent O O O B-spatial_relation [PAD] O O [PAD] [PAD]
GetWeather O O O O O O O O B-spatial_relation [PAD] O [PAD]
PlayMusic O O B-sort [PAD] O [PAD] [PAD]
PlayMusic O O B-sort I-sort [PAD] O O [PAD]
BookRestaurant O O O O O O O B-sort [PAD] O [PAD]
BookRestaurant O O O O [PAD] O O B-sort [PAD] O O [PAD] [PAD] [PAD] [PAD]
PlayMusic O B-sort [PAD] O [PAD]
PlayMusic O O B-sort [PAD] O [PAD] [PAD] O [PAD]
BookRestaurant O O O O O O B-sort I-sort [PAD]
PlayMusic O O O O B-sort O O [PAD] [PAD]
BookRestaurant O O O O [PAD] O O O B-sort [PAD] O [PAD] O O [PAD] O
PlayMusic O B-sort [PAD] [PAD]
PlayMusic O [PAD] O O O B-sort O O [PAD]
BookRestaurant O O B-sort [PAD] O O O [PAD] O [PAD] O [PAD]
PlayMusic O O B-sort [PAD] O O [PAD] O [PAD] [PAD]
PlayMusic O O O O O B-sort [PAD] O O [PAD] [PAD] [PAD]
PlayMusic O O O B-sort [PAD] O [PAD]
BookRestaurant O O B-sort I-sort [PAD] [PAD] [PAD] O [PAD]
BookRestaurant O O B-sort [PAD] O [PAD] O O [PAD] O [PAD] [PAD] [PAD]
BookRestaurant O [PAD] O O [PAD] [PAD] O O [PAD] O O B-sort [PAD] O [PAD]
PlayMusic O O O B-sort I-sort [PAD] [PAD] O [PAD]
PlayMusic O B-sort [PAD] O O [PAD]
PlayMusic O O O O O B-sort [PAD] O [PAD] [PAD] O [PAD] [PAD]
BookRestaurant O O [PAD] O [PAD] O B-sort [PAD] [PAD]
BookRestaurant O O O B-sort [PAD] O [PAD] O [PAD] O [PAD] O [PAD] [PAD] [PAD] [PAD]
PlayMusic O O B-sort O O [PAD] [PAD] O
BookRestaurant O O B-sort [PAD] O [PAD] [PAD] O [PAD] O O [PAD]
BookRestaurant O O B-sort [PAD] O [PAD] O [PAD] O [PAD] [PAD] [PAD] [PAD] [PAD] [PAD] [PAD]
SearchCreativeWork O O O [PAD] B-object_name I-object_name I-object_name I-object_name I-object_name
SearchCreativeWork O O B-object_name I-object_name I-object_name I-object_name I-object_name I-object_name
SearchCreativeWork O B-object_name I-object_name [PAD]
SearchCreativeWork O O O O O O [PAD] B-object_name I-object_name
SearchCreativeWork O O [PAD] [PAD] O B-object_name I-object_name
SearchCreativeWork O O [PAD] O B-object_name
RateBook O O [PAD] O O [PAD] O B-object_name I-object_name I-object_name I-object_name O O O [PAD]
SearchCreativeWork O O O [PAD] B-object_name I-object_name
SearchCreativeWork O B-object_name I-object_name I-object_name
SearchCreativeWork O B-object_name O [PAD]
SearchCreativeWork O B-object_name I-object_name I-object_name
RateBook O O B-object_name I-object_name I-object_name [PAD] O O [PAD] [PAD]
SearchCreativeWork O O O [PAD] O B-object_name I-object_name I-object_name
RateBook O B-object_name I-object_name I-object_name I-object_name O [PAD]
SearchCreativeWork O O [PAD] [PAD] O B-object_name I-object_name I-object_name I-object_name I-object_name
SearchCreativeWork O O [PAD] O B-object_name I-object_name I-object_name I-object_name
RateBook O O B-object_name I-object_name I-object_name I-object_name [PAD] O [PAD] O [PAD]
SearchCreativeWork O O O O O [PAD] O B-object_name I-object_name
RateBook O B-object_name I-object_name I-object_name I-object_name I-object_name I-object_name I-object_name [PAD] O [PAD]
SearchCreativeWork O O B-object_name I-object_name I-object_name I-object_name
SearchCreativeWork O O B-object_name I-object_name I-object_name I-object_name I-object_name [PAD]
SearchCreativeWork O O O O O [PAD] [PAD] B-object_name I-object_name
SearchCreativeWork O O B-object_name I-object_name [PAD]
SearchCreativeWork O O O O O O [PAD] B-object_name I-object_name I-object_name I-object_name I-object_name I-object_name
RateBook O B-object_name I-object_name I-object_name I-object_name I-object_name I-object_name O O O [PAD] O [PAD] [PAD]
RateBook O O [PAD] B-object_name I-object_name I-object_name I-object_name O O [PAD] [PAD]
SearchCreativeWork O O O [PAD] O B-object_name I-object_name I-object_name I-object_name I-object_name I-object_name
SearchCreativeWork O O [PAD] O B-object_name I-object_name I-object_name
SearchCreativeWork O O O O B-object_name
RateBook O O O O B-object_name I-object_name I-object_name I-object_name [PAD] O O [PAD] [PAD]
SearchCreativeWork O O O O B-object_name I-object_name I-object_name [PAD]
SearchCreativeWork O O [PAD] [PAD] O B-object_name I-object_name
SearchCreativeWork O O O O B-object_name I-object_name I-object_name
SearchCreativeWork O O [PAD] O B-object_name I-object_name I-object_name I-object_name I-object_name
RateBook O [PAD] [PAD] O B-object_name I-object_name I-object_name I-object_name
RateBook O [PAD] O O [PAD] O B-object_name I-object_name I-object_name
SearchCreativeWork O O O [PAD] O B-object_name I-object_name I-object_name I-object_name I-object_name
RateBook O O O O O O O [PAD] O [PAD] O O [PAD] O B-object_name I-object_name I-object_name I-object_name I-object_name I-object_name
SearchCreativeWork O B-object_name I-object_name I-object_name
SearchCreativeWork O B-object_name I-object_name I-object_name I-object_name I-object_name
SearchCreativeWork O O O O O O [PAD] B-object_name I-object_name I-object_name I-object_name
SearchCreativeWork O O B-object_name I-object_name I-object_name I-object_name [PAD]
SearchCreativeWork O O O O [PAD] B-object_name I-object_name I-object_name I-object_name I-object_name
SearchCreativeWork O O [PAD] O B-object_name I-object_name
SearchCreativeWork O O O B-object_name I-object_name I-object_name
SearchCreativeWork O O O O O [PAD] O B-object_name I-object_name
SearchCreativeWork O O [PAD] B-object_name I-object_name I-object_name I-object_name
SearchCreativeWork O O [PAD] [PAD] B-object_name I-object_name I-object_name I-object_name I-object_name I-object_name I-object_name I-object_name
SearchCreativeWork O B-object_name I-object_name I-object_name
SearchCreativeWork O B-object_name I-object_name I-object_name I-object_name I-object_name I-object_name
SearchCreativeWork O O B-object_name I-object_name
SearchCreativeWork O O O O O [PAD] O O B-object_name I-object_name
RateBook O B-object_name I-object_name [PAD] O [PAD] [PAD]
RateBook O B-object_name I-object_name I-object_name I-object_name I-object_name [PAD] O O [PAD]
SearchCreativeWork O O O O [PAD] B-object_name
PlayMusic O O B-artist O [PAD] O [PAD] [PAD]
AddToPlaylist O O B-artist I-artist O [PAD] O [PAD] [PAD] [PAD]
AddToPlaylist O B-artist I-artist I-artist O [PAD] [PAD] [PAD] [PAD] O
PlayMusic O O [PAD] [PAD] O B-artist I-artist
PlayMusic O O O O O [PAD] O O B-artist
PlayMusic O O [PAD] [PAD] B-artist O O [PAD]
PlayMusic O O [PAD] O B-artist I-artist
PlayMusic O [PAD] [PAD] [PAD] [PAD] O B-artist I-artist
PlayMusic O O O O O B-artist I-artist [PAD]
PlayMusic O [PAD] O B-artist O [PAD]
PlayMusic O O O O O [PAD] O [PAD] O B-artist I-artist
AddToPlaylist O B-artist I-artist O [PAD] [PAD] [PAD] O
AddToPlaylist O B-artist I-artist O [PAD] [PAD] [PAD] O
AddToPlaylist O O O B-artist I-artist O O O O [PAD] O [PAD] [PAD] [PAD]
PlayMusic O B-artist I-artist O O [PAD]
PlayMusic O [PAD] [PAD] [PAD] O B-artist I-artist
AddToPlaylist O B-artist I-artist O [PAD] [PAD] O
PlayMusic O O B-artist I-artist [PAD]
PlayMusic O B-artist I-artist I-artist
AddToPlaylist O B-artist I-artist O [PAD] [PAD] O
PlayMusic O [PAD] [PAD] [PAD] [PAD] [PAD] [PAD] O B-artist I-artist
PlayMusic O O O O O [PAD] O B-artist I-artist O [PAD]
PlayMusic O O O [PAD] O B-artist I-artist
AddToPlaylist O O O O O [PAD] O B-artist I-artist I-artist O [PAD] [PAD] [PAD] O
PlayMusic O O O [PAD] O B-artist I-artist
PlayMusic O O [PAD] [PAD] O B-artist I-artist O [PAD]
AddToPlaylist O B-artist I-artist O [PAD] [PAD] [PAD] O
AddToPlaylist O B-artist I-artist [PAD] O [PAD] [PAD] [PAD] [PAD]
PlayMusic O [PAD] [PAD] [PAD] [PAD] [PAD] [PAD] O B-artist I-artist
PlayMusic O [PAD] [PAD] [PAD] [PAD] [PAD] O B-artist I-artist I-artist
PlayMusic O O [PAD] [PAD] O B-artist I-artist
AddToPlaylist O O B-artist I-artist [PAD] O O [PAD] [PAD] O
AddToPlaylist O O B-artist I-artist [PAD] O [PAD]
PlayMusic O O B-artist I-artist O [PAD]
PlayMusic O O [PAD] [PAD] O B-artist I-artist
PlayMusic O O O O B-artist I-artist [PAD] O O [PAD]
PlayMusic O O O O [PAD] O O B-artist I-artist
PlayMusic O [PAD] O O B-artist I-artist [PAD] O [PAD]
PlayMusic O O O B-artist I-artist O [PAD] O [PAD]
BookRestaurant O O O O [PAD] O O [PAD] [PAD] O O B-cuisine [PAD] [PAD] [PAD]
BookRestaurant O O O O [PAD] O O B-cuisine I-cuisine [PAD]
BookRestaurant O O O O [PAD] O O O [PAD] [PAD] O [PAD] O O B-cuisine O
BookRestaurant O O [PAD] B-cuisine O O O [PAD] O [PAD] O [PAD]
BookRestaurant O O O O O O B-cuisine [PAD] [PAD] O [PAD]
BookRestaurant O O O [PAD] [PAD] O O O O [PAD] [PAD] [PAD] [PAD] O O B-cuisine O
BookRestaurant O [PAD] O O [PAD] B-cuisine O O [PAD] O O [PAD] [PAD] O [PAD]
BookRestaurant O O B-cuisine O [PAD] O [PAD] O [PAD] [PAD] [PAD] [PAD] O [PAD]
BookRestaurant O O O O [PAD] O O B-cuisine O [PAD] [PAD] [PAD]
BookRestaurant O O O O O O O [PAD] [PAD] B-cuisine [PAD] O [PAD] O [PAD] [PAD]
BookRestaurant O O O O B-cuisine O O O [PAD] O [PAD] [PAD] [PAD]
BookRestaurant [PAD] [PAD] [PAD] [PAD] O O O B-cuisine O O [PAD] O [PAD] [PAD]
BookRestaurant O O B-cuisine [PAD] O [PAD] [PAD] [PAD] O [PAD] O
BookRestaurant O O [PAD] [PAD] [PAD] O O O B-cuisine O [PAD] [PAD] [PAD] [PAD] [PAD] [PAD] O [PAD] [PAD] [PAD] [PAD] [PAD] [PAD]
BookRestaurant O O O O O O O [PAD] [PAD] [PAD] O B-cuisine O [PAD] [PAD] O [PAD]
BookRestaurant O O O O [PAD] [PAD] [PAD] [PAD] [PAD] O O [PAD] [PAD] O O [PAD] O [PAD] [PAD] O [PAD] [PAD] [PAD] [PAD] O O B-cuisine
BookRestaurant O O B-cuisine O [PAD] O O O [PAD]
BookRestaurant O O O O [PAD] O [PAD] [PAD] O O B-cuisine O O [PAD] O
BookRestaurant O O [PAD] B-cuisine I-cuisine [PAD] O [PAD] [PAD] O [PAD] O O [PAD] [PAD]
BookRestaurant O O O O O [PAD] O O B-cuisine O
BookRestaurant O O B-cuisine [PAD] O [PAD] [PAD] [PAD] [PAD] O O [PAD] [PAD] [PAD] [PAD]
BookRestaurant O B-cuisine I-cuisine [PAD] O [PAD] [PAD]
BookRestaurant O O O O O B-cuisine [PAD] O [PAD] [PAD] [PAD]
BookRestaurant O O [PAD] O [PAD] O B-cuisine
BookRestaurant O B-cuisine O O [PAD] [PAD] [PAD] O O [PAD]
BookRestaurant O O O O [PAD] O O B-cuisine [PAD] [PAD] [PAD]
BookRestaurant O O [PAD] [PAD] B-cuisine I-cuisine [PAD] O [PAD] O [PAD] [PAD] [PAD] O [PAD]
BookRestaurant O O O O [PAD] O O [PAD] [PAD] O [PAD] [PAD] [PAD] O O B-cuisine I-cuisine O
BookRestaurant O O B-cuisine [PAD] O [PAD]
BookRestaurant O O O O O B-cuisine I-cuisine [PAD] O [PAD] O [PAD] [PAD] [PAD] O [PAD] [PAD]
GetWeather O O O O O [PAD] [PAD] O B-timeRange I-timeRange I-timeRange I-timeRange I-timeRange I-timeRange I-timeRange
GetWeather O O O O O O O O [PAD] [PAD] [PAD] [PAD] B-timeRange I-timeRange I-timeRange
BookRestaurant O O [PAD] O [PAD] O B-timeRange I-timeRange I-timeRange
BookRestaurant O O [PAD] O B-timeRange I-timeRange I-timeRange O [PAD]
GetWeather O O O O O O [PAD] [PAD] B-timeRange I-timeRange I-timeRange I-timeRange
GetWeather O O O O [PAD] [PAD] O [PAD] [PAD] O B-timeRange I-timeRange I-timeRange
GetWeather O O O O O O O O O [PAD] [PAD] B-timeRange I-timeRange I-timeRange I-timeRange
GetWeather O O O [PAD] B-timeRange O [PAD] [PAD]
BookRestaurant O O B-timeRange O O [PAD]
BookRestaurant O O O O O B-timeRange I-timeRange O O O O [PAD] O [PAD] [PAD]
BookRestaurant O O O O O O [PAD] [PAD] [PAD] B-timeRange I-timeRange I-timeRange
BookRestaurant O O O O O [PAD] [PAD] O B-timeRange I-timeRange I-timeRange
GetWeather O O O [PAD] O [PAD] O B-timeRange I-timeRange
SearchScreeningEvent O [PAD] [PAD] [PAD] [PAD] O O B-timeRange I-timeRange I-timeRange O O [PAD] [PAD]
BookRestaurant O O O O O O O [PAD] [PAD] O O [PAD] O B-timeRange I-timeRange I-timeRange
GetWeather O O O O O O B-timeRange I-timeRange I-timeRange I-timeRange O [PAD]
GetWeather O O O O O O [PAD] [PAD] O [PAD] O B-timeRange I-timeRange I-timeRange
GetWeather [PAD] [PAD] O [PAD] O O B-timeRange I-timeRange
GetWeather O O O O O O O B-timeRange I-timeRange I-timeRange O [PAD]
BookRestaurant O O O O O [PAD] B-timeRange I-timeRange O O [PAD]
GetWeather O O O O B-timeRange I-timeRange I-timeRange O [PAD]
GetWeather O O O O O O [PAD] [PAD] O B-timeRange I-timeRange I-timeRange
SearchScreeningEvent O O [PAD] O [PAD] [PAD] O O [PAD] [PAD] [PAD] O B-timeRange
GetWeather O O O O O O O [PAD] [PAD] O B-timeRange I-timeRange I-timeRange I-timeRange
SearchScreeningEvent O [PAD] [PAD] [PAD] O B-timeRange I-timeRange I-timeRange I-timeRange
GetWeather O O O O O O [PAD] B-timeRange I-timeRange I-timeRange I-timeRange I-timeRange I-timeRange I-timeRange I-timeRange I-timeRange O [PAD] [PAD] [PAD] [PAD]
BookRestaurant O O O O O [PAD] [PAD] O O [PAD] O [PAD] O O O O [PAD] O B-timeRange I-timeRange
GetWeather O O O O O B-timeRange I-timeRange I-timeRange O [PAD]
GetWeather O O [PAD] B-timeRange I-timeRange I-timeRange I-timeRange
GetWeather O O O O O [PAD] [PAD] B-timeRange I-timeRange
GetWeather O O [PAD] [PAD] O B-timeRange
BookRestaurant O O O [PAD] [PAD] [PAD] [PAD] O B-timeRange I-timeRange O O O O [PAD]
BookRestaurant [PAD] [PAD] [PAD] [PAD] [PAD] O O O O O [PAD] O B-timeRange I-timeRange I-timeRange
GetWeather O O O O O [PAD] B-timeRange O [PAD]
GetWeather O O O O O O O [PAD] [PAD] [PAD] O B-timeRange
GetWeather O O O [PAD] B-timeRange I-timeRange O [PAD] [PAD]
GetWeather O O O O O O O B-timeRange I-timeRange I-timeRange O [PAD] [PAD] [PAD]
RateBook O O O B-object_select [PAD] O O O O [PAD] O O O O O [PAD]
RateBook O B-object_select [PAD] O [PAD]
RateBook O B-object_select [PAD] [PAD] [PAD]
RateBook O O O O O B-object_select [PAD] [PAD] [PAD]
RateBook O B-object_select [PAD] O [PAD]
RateBook O O B-object_select [PAD] [PAD] O O [PAD]
RateBook O O [PAD] O O [PAD] O O O O B-object_select O O [PAD]
RateBook O B-object_select [PAD] [PAD] O O [PAD]
RateBook O O B-object_select [PAD] O [PAD]
RateBook O O B-object_select [PAD] [PAD] O O [PAD]
RateBook O [PAD] O [PAD] [PAD] O O B-object_select [PAD]
RateBook O B-object_select [PAD] O [PAD]
RateBook O [PAD] O O [PAD] O B-object_select [PAD]
RateBook O B-object_select [PAD] [PAD] O O [PAD] [PAD]
RateBook O O B-object_select [PAD] [PAD] O [PAD]
RateBook O B-object_select [PAD] O [PAD]
RateBook O [PAD] [PAD] O B-object_select [PAD]
RateBook O B-object_select [PAD] [PAD] O O O O O [PAD]
RateBook O O O B-object_select [PAD] [PAD] O O [PAD] [PAD]
RateBook O O O B-object_select [PAD] [PAD] O O [PAD] [PAD]
RateBook O B-object_select [PAD] O [PAD]
RateBook O B-object_select [PAD] [PAD] O [PAD] [PAD]
RateBook O B-object_select [PAD] O O [PAD] O
RateBook O [PAD] O [PAD] O O B-object_select O O [PAD]
RateBook O O B-object_select [PAD] [PAD] [PAD]
RateBook O O O B-object_select [PAD] [PAD] [PAD] O O O O O [PAD]
RateBook O B-object_select I-object_select [PAD] [PAD] O O [PAD]
RateBook O O B-object_select [PAD] [PAD] [PAD]
SearchScreeningEvent O O O O O [PAD] [PAD] O B-movie_type [PAD] [PAD] [PAD]
SearchScreeningEvent O B-movie_type I-movie_type [PAD] O O [PAD] [PAD]
SearchScreeningEvent O O O O B-movie_type I-movie_type [PAD] [PAD] [PAD]
SearchScreeningEvent [PAD] [PAD] [PAD] O O B-movie_type
SearchScreeningEvent O B-movie_type O O O [PAD] [PAD] [PAD]
SearchScreeningEvent O O [PAD] [PAD] O B-movie_type I-movie_type [PAD] [PAD]
SearchScreeningEvent O B-movie_type O O O O [PAD] [PAD] [PAD]
SearchScreeningEvent O O [PAD] [PAD] [PAD] O B-movie_type
SearchScreeningEvent O B-movie_type O O O [PAD] [PAD]
SearchScreeningEvent O O O [PAD] [PAD] O B-movie_type [PAD] [PAD]
SearchScreeningEvent O [PAD] [PAD] O [PAD] [PAD] B-movie_type
SearchScreeningEvent O O O O O B-movie_type O O [PAD] [PAD] [PAD]
SearchScreeningEvent O B-movie_type O O [PAD] [PAD] [PAD]
SearchScreeningEvent O B-movie_type O O O [PAD] [PAD]
SearchScreeningEvent O O [PAD] B-movie_type O O [PAD] [PAD]
SearchScreeningEvent O [PAD] [PAD] O B-movie_type [PAD] [PAD]
SearchScreeningEvent O B-movie_type O [PAD] [PAD] [PAD]
SearchScreeningEvent O O O B-movie_type O [PAD] [PAD] [PAD]
SearchScreeningEvent O O [PAD] [PAD] [PAD] O O B-movie_type I-movie_type
SearchScreeningEvent O O O [PAD] [PAD] O O B-movie_type I-movie_type
SearchScreeningEvent O B-movie_type O O O [PAD] [PAD]
SearchScreeningEvent O O B-movie_type [PAD] [PAD] [PAD] O O [PAD] [PAD]
SearchScreeningEvent O O O O O O O B-movie_type O O [PAD] [PAD] [PAD]
SearchScreeningEvent O O B-movie_type [PAD] [PAD] [PAD]
GetWeather O O O O O O O O B-geographic_poi I-geographic_poi I-geographic_poi [PAD] [PAD] [PAD] [PAD]
GetWeather O O O O [PAD] [PAD] O B-geographic_poi I-geographic_poi I-geographic_poi I-geographic_poi I-geographic_poi
GetWeather O O [PAD] O B-geographic_poi I-geographic_poi I-geographic_poi I-geographic_poi I-geographic_poi
GetWeather O O [PAD] B-geographic_poi I-geographic_poi I-geographic_poi I-geographic_poi
GetWeather O O O O O O [PAD] [PAD] [PAD] [PAD] [PAD] [PAD] [PAD] [PAD] [PAD] [PAD] O B-geographic_poi I-geographic_poi I-geographic_poi I-geographic_poi
GetWeather O O O O O O O [PAD] [PAD] [PAD] O B-geographic_poi I-geographic_poi I-geographic_poi
GetWeather O O O O O B-geographic_poi
GetWeather O B-geographic_poi I-geographic_poi I-geographic_poi I-geographic_poi I-geographic_poi O [PAD] O
GetWeather O O O O O O B-geographic_poi I-geographic_poi I-geographic_poi [PAD] [PAD] [PAD] [PAD]
GetWeather O O O [PAD] O B-geographic_poi I-geographic_poi I-geographic_poi
GetWeather O O O O O [PAD] O B-geographic_poi I-geographic_poi I-geographic_poi I-geographic_poi
GetWeather O O [PAD] O B-geographic_poi I-geographic_poi I-geographic_poi O [PAD] [PAD]
GetWeather O O O [PAD] [PAD] [PAD] [PAD] [PAD] O B-geographic_poi I-geographic_poi I-geographic_poi I-geographic_poi O [PAD] [PAD] [PAD] [PAD]
GetWeather O O O O [PAD] [PAD] [PAD] [PAD] O B-geographic_poi I-geographic_poi I-geographic_poi I-geographic_poi
GetWeather O O B-geographic_poi I-geographic_poi I-geographic_poi I-geographic_poi
GetWeather O B-geographic_poi I-geographic_poi I-geographic_poi I-geographic_poi I-geographic_poi O [PAD] [PAD] O O O [PAD]
GetWeather O O O O [PAD] O B-geographic_poi I-geographic_poi I-geographic_poi I-geographic_poi
GetWeather O O O O O [PAD] [PAD] O B-geographic_poi I-geographic_poi I-geographic_poi
GetWeather O O O O O B-geographic_poi I-geographic_poi I-geographic_poi I-geographic_poi O [PAD] [PAD]
GetWeather O O B-geographic_poi I-geographic_poi I-geographic_poi [PAD] [PAD] [PAD] [PAD]
GetWeather O O O [PAD] [PAD] [PAD] [PAD] [PAD] O B-geographic_poi I-geographic_poi I-geographic_poi I-geographic_poi
GetWeather O O [PAD] O B-geographic_poi I-geographic_poi I-geographic_poi
GetWeather O O O O [PAD] [PAD] [PAD] [PAD] [PAD] O B-geographic_poi I-geographic_poi I-geographic_poi I-geographic_poi
BookRestaurant O O O O [PAD] O B-state
GetWeather O O O O O [PAD] B-state O [PAD] [PAD] [PAD] [PAD] [PAD] [PAD] [PAD]
BookRestaurant O O O O O [PAD] O [PAD] [PAD] B-state O [PAD] [PAD] [PAD] [PAD]
BookRestaurant O O [PAD] O [PAD] [PAD] [PAD] O B-state
BookRestaurant O O O O O O O [PAD] [PAD] O B-state
BookRestaurant O O [PAD] O O [PAD] [PAD] [PAD] [PAD] O B-state
GetWeather O O O [PAD] O B-state
GetWeather O O O O O O O O O B-state I-state [PAD] [PAD] [PAD] [PAD]
BookRestaurant O O O O [PAD] [PAD] O [PAD] [PAD] [PAD] [PAD] O B-state
GetWeather O O O O O O [PAD] [PAD] O B-state O [PAD] [PAD] [PAD]
BookRestaurant O O O O [PAD] [PAD] O B-state O O O O [PAD]
GetWeather O O O O O O O [PAD] [PAD] [PAD] O B-state
GetWeather O O O O O [PAD] O O B-state
BookRestaurant O O O O [PAD] O O [PAD] O [PAD] B-state
GetWeather O O O O O B-state I-state O O O [PAD]
BookRestaurant O O O O O [PAD] [PAD] O O [PAD] O B-state O O O O [PAD] O [PAD] [PAD]
BookRestaurant O O O O O [PAD] [PAD] [PAD] B-state O O O O [PAD]
GetWeather O O O O O [PAD] [PAD] [PAD] O B-state
GetWeather O O O O O [PAD] [PAD] [PAD] O B-state O [PAD] O
BookRestaurant O O O [PAD] O B-state O [PAD] O O
GetWeather O O O O O O O [PAD] [PAD] B-state O [PAD]
GetWeather O O O [PAD] [PAD] [PAD] O B-state I-state
GetWeather O O O B-state I-state O O [PAD] O
BookRestaurant O O O O O [PAD] O O B-state [PAD] O [PAD]
GetWeather O O O [PAD] O [PAD] [PAD] B-state
BookRestaurant O O B-state O O [PAD] [PAD] [PAD] [PAD]
BookRestaurant O O O O O [PAD] O [PAD] [PAD] O [PAD] O [PAD] O B-state I-state I-state
BookRestaurant [PAD] O O O O O O O [PAD] O O [PAD] O B-state
GetWeather O O O [PAD] O [PAD] [PAD] O B-state
GetWeather O O O O O [PAD] O B-state
BookRestaurant O O O O [PAD] O [PAD] [PAD] [PAD] B-state
BookRestaurant O O [PAD] O O B-served_dish [PAD] [PAD] [PAD] O [PAD]
BookRestaurant O O O O O [PAD] O B-served_dish I-served_dish I-served_dish O [PAD]
BookRestaurant O O O O O O B-served_dish I-served_dish [PAD] [PAD] [PAD] [PAD]
BookRestaurant O O [PAD] O [PAD] O O [PAD] O O O O O B-served_dish O
BookRestaurant O O O O O [PAD] [PAD] O O B-served_dish O [PAD] O O O O [PAD] O [PAD] [PAD]
BookRestaurant O O O O O O [PAD] O O [PAD] O [PAD] O O [PAD] O B-served_dish I-served_dish
BookRestaurant O O O O [PAD] O O O [PAD] O O B-served_dish
BookRestaurant O O [PAD] O O B-served_dish O [PAD]
BookRestaurant O O O O O [PAD] O B-served_dish I-served_dish O [PAD] O [PAD] O [PAD] [PAD] [PAD]
BookRestaurant [PAD] O O O O O O O [PAD] O O B-served_dish O [PAD]
BookRestaurant O O O O O B-served_dish [PAD] O [PAD] [PAD]
BookRestaurant O O O O O [PAD] O O [PAD] O O B-served_dish
BookRestaurant O O O O [PAD] [PAD] [PAD] [PAD] O O [PAD] O O B-served_dish
BookRestaurant O O [PAD] [PAD] O [PAD] [PAD] O O B-served_dish I-served_dish I-served_dish O [PAD] [PAD]
BookRestaurant O O [PAD] O O [PAD] [PAD] O [PAD] [PAD] O O B-served_dish I-served_dish O [PAD]
BookRestaurant O O O O [PAD] O O B-served_dish I-served_dish O O [PAD] [PAD]
BookRestaurant O O O O [PAD] O O B-served_dish O [PAD] [PAD] [PAD] [PAD]
BookRestaurant O O O O O O [PAD] O O B-served_dish [PAD] [PAD] [PAD] [PAD]
BookRestaurant O O O O O O [PAD] O O O B-served_dish I-served_dish I-served_dish
BookRestaurant O O O O [PAD] O O O O [PAD] [PAD] [PAD] O O B-served_dish I-served_dish I-served_dish O O [PAD] [PAD] [PAD] [PAD]
BookRestaurant O O O O O O O B-served_dish [PAD] O [PAD]
BookRestaurant O O O O [PAD] O O [PAD] O O B-served_dish O [PAD] [PAD] [PAD]
BookRestaurant O O O O O [PAD] O [PAD] [PAD] O O B-served_dish I-served_dish
BookRestaurant O O O O O O [PAD] O B-served_dish I-served_dish O [PAD] [PAD] [PAD] [PAD] [PAD]
BookRestaurant O O O O O [PAD] O B-served_dish O [PAD] O O [PAD]
BookRestaurant O O [PAD] [PAD] O [PAD] O O B-served_dish
BookRestaurant O O O O [PAD] O B-served_dish I-served_dish O O [PAD] O [PAD]
BookRestaurant O O O O O [PAD] O [PAD] O O B-served_dish I-served_dish
BookRestaurant O O O O O O [PAD] O [PAD] O B-served_dish
BookRestaurant O O B-served_dish O [PAD] O [PAD] O [PAD]
BookRestaurant O O [PAD] O B-served_dish I-served_dish I-served_dish O [PAD]
BookRestaurant O O O O O O [PAD] O [PAD] O O B-served_dish I-served_dish
GetWeather O O O O O O B-current_location I-current_location [PAD] [PAD] [PAD] [PAD]
GetWeather O O O O [PAD] [PAD] O B-current_location I-current_location O [PAD] [PAD] [PAD]
GetWeather O O O O O O O B-current_location I-current_location O [PAD] [PAD] [PAD] [PAD]
GetWeather O O O O O [PAD] [PAD] O B-current_location
GetWeather O O [PAD] B-current_location O [PAD]
GetWeather O O O O O O B-current_location I-current_location O [PAD] O
GetWeather O O O O O O B-current_location
GetWeather O O O O O O [PAD] [PAD] [PAD] [PAD] [PAD] B-current_location
GetWeather O O O O O O B-current_location I-current_location
GetWeather O O O O O O O B-current_location I-current_location
GetWeather O O O O O O O O B-current_location O [PAD] [PAD]
GetWeather O O O O O B-current_location O [PAD] [PAD] [PAD] [PAD]
GetWeather O O O O O O [PAD] [PAD] [PAD] O O B-current_location I-current_location
GetWeather O O O O O [PAD] O O B-current_location I-current_location O [PAD]
GetWeather O O O [PAD] [PAD] O B-current_location I-current_location
GetWeather O O O O B-current_location
GetWeather O O O O [PAD] O O O B-current_location I-current_location
GetWeather O O O B-current_location
GetWeather O O O [PAD] B-current_location
GetWeather O O O [PAD] O O O O B-current_location I-current_location
GetWeather O O O O O O O B-current_location I-current_location O [PAD] [PAD]
PlayMusic O O [PAD] O B-album O [PAD] [PAD]
PlayMusic O B-album I-album I-album O [PAD] [PAD]
PlayMusic O B-album I-album I-album I-album I-album I-album O [PAD] [PAD]
PlayMusic O B-album I-album I-album I-album I-album
PlayMusic O O O O B-album I-album I-album O [PAD] [PAD]
PlayMusic O [PAD] [PAD] O B-album I-album I-album I-album I-album O [PAD]
PlayMusic O O O O O O [PAD] B-album I-album I-album I-album I-album I-album I-album O [PAD]
PlayMusic O O O O B-album I-album I-album I-album [PAD] O [PAD] [PAD]
PlayMusic O B-album I-album I-album I-album O [PAD] [PAD]
PlayMusic O O [PAD] B-album I-album O [PAD] [PAD]
PlayMusic O O O O O B-album I-album I-album
PlayMusic O [PAD] [PAD] B-album
PlayMusic O O [PAD] B-album I-album O [PAD] [PAD]
PlayMusic O O O O [PAD] B-album I-album I-album I-album O [PAD] [PAD]
PlayMusic O B-album I-album I-album O [PAD] [PAD] [PAD]
PlayMusic O B-album I-album I-album I-album O [PAD] [PAD]
PlayMusic O B-album I-album O [PAD] [PAD] O [PAD]
PlayMusic O [PAD] [PAD] O B-album I-album I-album
PlayMusic O O [PAD] [PAD] B-album I-album O [PAD]
PlayMusic O B-album I-album I-album I-album O [PAD] [PAD]
PlayMusic O B-album I-album O [PAD] [PAD] O [PAD]
PlayMusic O B-album O [PAD] [PAD]
PlayMusic O O O [PAD] O B-album I-album
PlayMusic O B-album O [PAD] [PAD]
PlayMusic O [PAD] O O B-album I-album I-album O [PAD] [PAD]
PlayMusic O O [PAD] O [PAD] [PAD] O O B-album I-album [PAD] O [PAD] [PAD]
PlayMusic O B-album I-album I-album I-album I-album O [PAD]
PlayMusic O O [PAD] B-album O [PAD]
PlayMusic O B-album I-album
PlayMusic O [PAD] [PAD] O O O B-album I-album I-album [PAD]
PlayMusic O B-album I-album I-album O [PAD] [PAD]
PlayMusic O B-album I-album I-album I-album I-album I-album O [PAD] [PAD] [PAD] O [PAD]
PlayMusic O B-album O [PAD] [PAD]
PlayMusic O B-album O [PAD] [PAD]
PlayMusic O B-album I-album I-album I-album O [PAD]
PlayMusic O [PAD] [PAD] B-album I-album I-album I-album I-album I-album
PlayMusic O B-album I-album I-album I-album I-album O [PAD] [PAD]
PlayMusic O B-album I-album O [PAD] [PAD] [PAD] O [PAD]
PlayMusic O B-album I-album I-album I-album O [PAD] [PAD]
PlayMusic O B-album I-album I-album I-album O [PAD] [PAD] O [PAD]
PlayMusic O O O [PAD] [PAD] O B-album I-album O [PAD]
PlayMusic O O O O B-album O [PAD] [PAD] [PAD] [PAD] [PAD] [PAD]
PlayMusic O O B-album I-album O [PAD] [PAD]
PlayMusic O B-album I-album I-album I-album I-album
GetWeather O O O O O O O O O [PAD] O O O O B-country
BookRestaurant O O O O O O O [PAD] [PAD] O B-country O O [PAD]
BookRestaurant O O O O O [PAD] O [PAD] [PAD] [PAD] O B-country
GetWeather O O O O O B-country I-country
GetWeather O O O O O O [PAD] [PAD] [PAD] [PAD] O B-country
GetWeather B-country [PAD] O [PAD] O O [PAD] [PAD]
BookRestaurant O O O O O [PAD] O [PAD] [PAD] [PAD] [PAD] O B-country
BookRestaurant O [PAD] [PAD] [PAD] O B-country I-country I-country I-country O [PAD] O
GetWeather O O O O O [PAD] B-country
GetWeather O O O [PAD] O [PAD] O B-country
GetWeather O O [PAD] O [PAD] [PAD] B-country
GetWeather O O O O O O O O O B-country
BookRestaurant [PAD] O B-country O [PAD] [PAD] [PAD] [PAD]
GetWeather O O O O O B-country I-country [PAD] [PAD]
GetWeather O O O O O O O O [PAD] B-country O [PAD]
GetWeather O O O O O [PAD] O B-country I-country
GetWeather O O O O [PAD] O [PAD] O O B-country I-country
GetWeather O O O O O [PAD] [PAD] O B-country
GetWeather O O O O O [PAD] O [PAD] [PAD] B-country [PAD] [PAD]
BookRestaurant O O O O O O [PAD] O O [PAD] O B-country O [PAD]
GetWeather O O O O O O O [PAD] O B-country
GetWeather O O O [PAD] B-country I-country [PAD] O [PAD] [PAD] [PAD]
BookRestaurant O O [PAD] O B-country O [PAD] O O [PAD] [PAD]
GetWeather O O O O O O O [PAD] [PAD] O B-country
BookRestaurant O O [PAD] O [PAD] O [PAD] O [PAD] [PAD] [PAD] [PAD] O B-country
GetWeather O O O O O [PAD] O O O [PAD] [PAD] [PAD] O O O O B-country I-country
GetWeather O O [PAD] O B-country I-country
BookRestaurant O O O O O [PAD] O [PAD] O B-country O [PAD] [PAD]
BookRestaurant O O O O O O O O B-country O O O [PAD]
SearchScreeningEvent O [PAD] [PAD] O B-location_name I-location_name I-location_name
SearchScreeningEvent O O O [PAD] [PAD] O B-location_name I-location_name
SearchScreeningEvent O [PAD] [PAD] [PAD] O B-location_name I-location_name
SearchScreeningEvent O [PAD] O O O B-location_name I-location_name I-location_name
SearchScreeningEvent O [PAD] O O O B-location_name I-location_name
SearchScreeningEvent O O [PAD] [PAD] [PAD] [PAD] O O B-location_name I-location_name
SearchScreeningEvent O [PAD] O O O B-location_name I-location_name
SearchScreeningEvent O [PAD] [PAD] O B-location_name I-location_name
SearchScreeningEvent O [PAD] [PAD] O B-location_name I-location_name
SearchScreeningEvent O O [PAD] [PAD] O B-location_name I-location_name
SearchScreeningEvent O O O O [PAD] [PAD] O B-location_name I-location_name
SearchScreeningEvent O [PAD] O B-location_name I-location_name I-location_name
SearchScreeningEvent O O O O [PAD] [PAD] O B-location_name I-location_name I-location_name
SearchScreeningEvent O [PAD] O O O B-location_name I-location_name
SearchScreeningEvent O O O [PAD] [PAD] O B-location_name I-location_name I-location_name
SearchScreeningEvent O O [PAD] B-location_name I-location_name I-location_name O O [PAD] [PAD]
SearchScreeningEvent O B-location_name I-location_name O [PAD] [PAD] [PAD] O O
SearchScreeningEvent O O O O O [PAD] O B-location_name I-location_name
SearchScreeningEvent O [PAD] [PAD] [PAD] [PAD] [PAD] O B-location_name I-location_name I-location_name
SearchScreeningEvent O O O O [PAD] O O B-location_name I-location_name
SearchScreeningEvent O [PAD] O O O B-location_name I-location_name I-location_name
SearchScreeningEvent O O [PAD] [PAD] O B-location_name I-location_name
SearchScreeningEvent O O O [PAD] [PAD] [PAD] [PAD] O O B-location_name I-location_name I-location_name
SearchScreeningEvent O O O [PAD] [PAD] O B-location_name I-location_name
BookRestaurant O O O O O [PAD] [PAD] [PAD] O B-poi I-poi
BookRestaurant O O O O [PAD] O O [PAD] [PAD] O O [PAD] [PAD] B-poi I-poi
BookRestaurant O B-poi I-poi O [PAD] O O [PAD] [PAD] O O [PAD] [PAD]
BookRestaurant O O [PAD] O [PAD] [PAD] [PAD] [PAD] [PAD] [PAD] O B-poi I-poi I-poi I-poi
BookRestaurant O O O O O O [PAD] O O [PAD] O B-poi O [PAD] [PAD]
BookRestaurant O O O O [PAD] [PAD] O B-poi O O [PAD] O O [PAD] [PAD]
BookRestaurant [PAD] [PAD] [PAD] [PAD] O O O O [PAD] [PAD] B-poi
BookRestaurant O O [PAD] [PAD] O O B-poi O O O O [PAD]
BookRestaurant O O O O [PAD] [PAD] [PAD] O O O [PAD] O B-poi I-poi I-poi I-poi
BookRestaurant O O O O O [PAD] [PAD] O O B-poi I-poi I-poi I-poi O [PAD] O
BookRestaurant O O O O O [PAD] [PAD] B-poi I-poi
BookRestaurant O O O O [PAD] [PAD] O O [PAD] B-poi I-poi
BookRestaurant O O O O [PAD] O O O O [PAD] B-poi I-poi O O [PAD] [PAD] [PAD] O O [PAD] [PAD] [PAD] [PAD]
BookRestaurant O O [PAD] O O [PAD] [PAD] [PAD] [PAD] [PAD] O O B-poi O [PAD] O O [PAD]
BookRestaurant O O O O [PAD] [PAD] [PAD] [PAD] [PAD] O O [PAD] [PAD] O O [PAD] O B-poi I-poi O [PAD] [PAD] [PAD] [PAD] O O [PAD]
BookRestaurant O O O O B-poi O O [PAD] O
BookRestaurant O O O O O O [PAD] [PAD] [PAD] [PAD] O O B-poi O [PAD] [PAD]
BookRestaurant O O O O [PAD] [PAD] B-poi I-poi O [PAD] O
BookRestaurant O [PAD] [PAD] O B-poi I-poi I-poi I-poi I-poi [PAD]
BookRestaurant O O O O B-poi [PAD] O [PAD]
BookRestaurant O O O O O [PAD] [PAD] B-poi I-poi
BookRestaurant O O O O [PAD] O O [PAD] [PAD] O B-poi O [PAD]
BookRestaurant O O [PAD] [PAD] [PAD] [PAD] [PAD] O B-poi I-poi O [PAD] [PAD] [PAD]
BookRestaurant O O O O O [PAD] [PAD] [PAD] O [PAD] O [PAD] [PAD] [PAD] O B-poi I-poi
BookRestaurant [PAD] [PAD] [PAD] [PAD] [PAD] [PAD] O O O O O [PAD] O O [PAD] [PAD] [PAD] [PAD] O B-poi I-poi I-poi
BookRestaurant O O [PAD] [PAD] O B-poi I-poi I-poi O [PAD] O
BookRestaurant O O O O O [PAD] [PAD] [PAD] O O [PAD] B-poi [PAD]
BookRestaurant [PAD] [PAD] O B-poi I-poi O O O [PAD] O O [PAD] [PAD] [PAD] [PAD]
BookRestaurant O O O O [PAD] O O [PAD] [PAD] O B-poi I-poi I-poi I-poi O O [PAD] [PAD] [PAD] [PAD] [PAD]
BookRestaurant O O O [PAD] O O O [PAD] [PAD] [PAD] [PAD] B-poi I-poi I-poi
BookRestaurant O O O O O O O O [PAD] O [PAD] [PAD] [PAD] O O [PAD] O [PAD] [PAD] O B-poi
GetWeather O O O B-condition_temperature O [PAD]
GetWeather O O O B-condition_temperature [PAD] O [PAD] [PAD]
GetWeather O O O O O B-condition_temperature O O [PAD]
GetWeather O O O O O B-condition_temperature O O [PAD]
GetWeather O O B-condition_temperature O [PAD] [PAD] [PAD]
GetWeather O O O O O [PAD] [PAD] [PAD] O [PAD] O B-condition_temperature O
GetWeather O O O O O B-condition_temperature [PAD] O [PAD]
GetWeather O O O O O B-condition_temperature O [PAD]
GetWeather O B-condition_temperature O O [PAD] O [PAD]
GetWeather O O O [PAD] [PAD] O O B-condition_temperature O
GetWeather O O O B-condition_temperature O [PAD] [PAD] [PAD]
GetWeather O O O O O B-condition_temperature O [PAD]
GetWeather O O O O O O B-condition_temperature [PAD] [PAD] [PAD] [PAD] [PAD]
GetWeather O B-condition_temperature O O O [PAD] [PAD]
GetWeather O O O B-condition_temperature O [PAD] [PAD] [PAD]
GetWeather O O O O O B-condition_temperature O [PAD] [PAD] [PAD] [PAD]
GetWeather O O B-condition_temperature O [PAD] [PAD] [PAD] O [PAD] [PAD]
GetWeather O O O O O B-condition_temperature O [PAD]
GetWeather O O O B-condition_temperature O [PAD]
GetWeather O O O O O B-condition_temperature O [PAD] [PAD] O [PAD]
GetWeather O O O B-condition_temperature [PAD] [PAD] [PAD] O [PAD] [PAD] [PAD]
GetWeather O O O B-condition_temperature [PAD] [PAD] [PAD] [PAD] O [PAD]
GetWeather O O O B-condition_temperature O [PAD] [PAD] [PAD] [PAD] O [PAD]
BookRestaurant O O O O O [PAD] O [PAD] [PAD] [PAD] O B-party_size_description I-party_size_description I-party_size_description I-party_size_description
BookRestaurant O O O O [PAD] [PAD] O B-party_size_description I-party_size_description I-party_size_description I-party_size_description O [PAD]
BookRestaurant O O O O O [PAD] O B-party_size_description I-party_size_description I-party_size_description I-party_size_description O [PAD]
BookRestaurant O O O O [PAD] O [PAD] O B-party_size_description I-party_size_description I-party_size_description
BookRestaurant [PAD] O [PAD] O B-party_size_description I-party_size_description I-party_size_description I-party_size_description
BookRestaurant O O O O O O O B-party_size_description I-party_size_description I-party_size_description O [PAD] [PAD] [PAD] O [PAD]
BookRestaurant B-party_size_description I-party_size_description I-party_size_description I-party_size_description I-party_size_description O O O O O [PAD] O [PAD] [PAD] [PAD]
BookRestaurant O O O O O O O [PAD] O O [PAD] O B-party_size_description I-party_size_description I-party_size_description
BookRestaurant O O [PAD] O B-party_size_description I-party_size_description I-party_size_description [PAD] [PAD] [PAD] O [PAD] [PAD] [PAD] [PAD]
BookRestaurant O O [PAD] O B-party_size_description I-party_size_description I-party_size_description O [PAD] [PAD]
BookRestaurant O O O [PAD] [PAD] O O O O B-party_size_description I-party_size_description I-party_size_description I-party_size_description O O [PAD] O
BookRestaurant B-party_size_description I-party_size_description I-party_size_description I-party_size_description O O O O [PAD] [PAD] [PAD]
BookRestaurant O O O O B-party_size_description I-party_size_description I-party_size_description I-party_size_description O O [PAD] O O [PAD]
BookRestaurant B-party_size_description I-party_size_description I-party_size_description O O O O [PAD] O [PAD] [PAD]
BookRestaurant B-party_size_description I-party_size_description I-party_size_description I-party_size_description I-party_size_description O O O O O [PAD] O [PAD]
BookRestaurant O O O O [PAD] O O O [PAD] O B-party_size_description I-party_size_description I-party_size_description
BookRestaurant O O O O [PAD] O O [PAD] O B-party_size_description I-party_size_description I-party_size_description I-party_size_description
BookRestaurant O O O O O [PAD] [PAD] [PAD] O B-party_size_description I-party_size_description I-party_size_description
BookRestaurant B-party_size_description I-party_size_description I-party_size_description I-party_size_description O O O [PAD] O O [PAD] O [PAD] [PAD]
BookRestaurant O O [PAD] [PAD] [PAD] O O O [PAD] O [PAD] [PAD] [PAD] [PAD] [PAD] [PAD] O B-party_size_description I-party_size_description I-party_size_description I-party_size_description I-party_size_description I-party_size_description
BookRestaurant B-party_size_description I-party_size_description I-party_size_description I-party_size_description I-party_size_description I-party_size_description O O O O O O [PAD] [PAD] [PAD]
BookRestaurant O O O O B-party_size_description I-party_size_description I-party_size_description I-party_size_description O O [PAD] [PAD]
BookRestaurant O [PAD] O [PAD] [PAD] [PAD] O [PAD] B-party_size_description I-party_size_description I-party_size_description I-party_size_description I-party_size_description O [PAD]
BookRestaurant O O O O B-party_size_number O [PAD]
BookRestaurant O O [PAD] O B-party_size_number O [PAD] [PAD] [PAD]
BookRestaurant O O [PAD] O B-party_size_number
BookRestaurant O O O O O O O [PAD] [PAD] O [PAD] O O B-party_size_number
BookRestaurant O O O O B-party_size_number O O [PAD] [PAD] O O [PAD] [PAD] [PAD] [PAD]
BookRestaurant O O [PAD] O O B-party_size_number
BookRestaurant O O O O O [PAD] [PAD] O O O O B-party_size_number O [PAD] [PAD]
BookRestaurant O O O O O B-party_size_number O O O [PAD] O O [PAD]
BookRestaurant O O O O B-party_size_number O O [PAD] O [PAD]
BookRestaurant O O O O [PAD] [PAD] O [PAD] O O O O B-party_size_number
BookRestaurant O O O O O B-party_size_number [PAD] [PAD] O O [PAD]
BookRestaurant O O O O B-party_size_number O O [PAD] [PAD] [PAD]
BookRestaurant O O O O B-party_size_number O O [PAD] O [PAD] [PAD]
BookRestaurant O O [PAD] [PAD] [PAD] O [PAD] O B-party_size_number O
BookRestaurant O O [PAD] O B-party_size_number O O [PAD] O O O O O [PAD] O
BookRestaurant O [PAD] [PAD] [PAD] O [PAD] [PAD] [PAD] [PAD] O B-party_size_number O
BookRestaurant O [PAD] [PAD] O B-party_size_number O O [PAD] [PAD] O O [PAD] [PAD]
BookRestaurant O O O O O [PAD] [PAD] O O [PAD] O [PAD] O O O O B-party_size_number O [PAD] [PAD]
BookRestaurant O O O O O [PAD] [PAD] [PAD] [PAD] O O O O B-party_size_number
BookRestaurant O O [PAD] O B-party_size_number O
BookRestaurant O O O O O B-party_size_number O O [PAD]
BookRestaurant O O [PAD] [PAD] O B-party_size_number O
BookRestaurant O O O O B-party_size_number O O O [PAD] [PAD] O [PAD] O O [PAD] O
BookRestaurant O O O [PAD] O [PAD] O B-party_size_number O O
AddToPlaylist O B-entity_name I-entity_name I-entity_name O O [PAD] [PAD] O
AddToPlaylist O O O [PAD] [PAD] B-entity_name I-entity_name I-entity_name I-entity_name
AddToPlaylist O B-entity_name I-entity_name O [PAD] O [PAD] [PAD] [PAD]
AddToPlaylist O B-entity_name O [PAD] [PAD] O
AddToPlaylist O B-entity_name I-entity_name O [PAD] O O [PAD]
AddToPlaylist O B-entity_name I-entity_name O O O O [PAD] [PAD]
AddToPlaylist O B-entity_name I-entity_name I-entity_name O [PAD] O O [PAD] [PAD] [PAD] [PAD]
AddToPlaylist O B-entity_name O O [PAD] [PAD] [PAD] [PAD] O
AddToPlaylist O B-entity_name I-entity_name O [PAD] [PAD] [PAD] [PAD]
AddToPlaylist O B-entity_name O [PAD] [PAD] [PAD]
AddToPlaylist O B-entity_name I-entity_name O O [PAD] [PAD] [PAD] O
AddToPlaylist O B-entity_name I-entity_name O [PAD] O O [PAD] [PAD] [PAD] [PAD]
AddToPlaylist O B-entity_name I-entity_name I-entity_name I-entity_name I-entity_name O O [PAD] [PAD] O
AddToPlaylist O B-entity_name I-entity_name I-entity_name I-entity_name O [PAD] [PAD] [PAD] [PAD] O
AddToPlaylist O B-entity_name I-entity_name I-entity_name I-entity_name O O O [PAD] [PAD] [PAD]
AddToPlaylist O B-entity_name I-entity_name I-entity_name I-entity_name I-entity_name I-entity_name I-entity_name I-entity_name O [PAD] [PAD] [PAD] [PAD] O
AddToPlaylist O B-entity_name O [PAD] [PAD] [PAD] [PAD] O
AddToPlaylist O O O B-entity_name I-entity_name I-entity_name I-entity_name O [PAD] [PAD] [PAD] [PAD] [PAD] [PAD] O
AddToPlaylist O B-entity_name O O [PAD] [PAD] [PAD] O
AddToPlaylist O B-entity_name I-entity_name I-entity_name I-entity_name O [PAD] [PAD] [PAD] O
AddToPlaylist O B-entity_name O [PAD] [PAD] [PAD] [PAD] O
AddToPlaylist O O O B-entity_name I-entity_name O [PAD] O O [PAD] [PAD] [PAD]
AddToPlaylist O O O B-entity_name I-entity_name I-entity_name I-entity_name O [PAD] O O [PAD]
AddToPlaylist O B-entity_name I-entity_name I-entity_name O [PAD]
AddToPlaylist O O O O B-entity_name O [PAD] O O [PAD] [PAD]
AddToPlaylist O B-entity_name I-entity_name I-entity_name O [PAD] [PAD] [PAD] [PAD] O
AddToPlaylist O B-entity_name I-entity_name I-entity_name I-entity_name O [PAD] [PAD] [PAD] [PAD]
AddToPlaylist O B-entity_name O [PAD] [PAD] [PAD] [PAD] O
AddToPlaylist O B-entity_name I-entity_name I-entity_name O O [PAD] [PAD] [PAD] O
AddToPlaylist O B-entity_name O [PAD] [PAD] O
AddToPlaylist O B-entity_name I-entity_name I-entity_name I-entity_name O O [PAD] [PAD] O
AddToPlaylist O B-entity_name I-entity_name I-entity_name I-entity_name O [PAD] [PAD] [PAD] [PAD] O
AddToPlaylist O B-entity_name O [PAD] [PAD] [PAD]
AddToPlaylist O B-entity_name I-entity_name I-entity_name O [PAD] O O [PAD] [PAD]
AddToPlaylist O O B-entity_name O [PAD] [PAD] [PAD] [PAD] [PAD] [PAD] [PAD] O
AddToPlaylist O B-entity_name I-entity_name I-entity_name O [PAD] [PAD] O
AddToPlaylist O O O [PAD] [PAD] [PAD] O B-entity_name I-entity_name I-entity_name I-entity_name I-entity_name I-entity_name I-entity_name I-entity_name
AddToPlaylist O B-entity_name O O [PAD] [PAD] O
AddToPlaylist O B-entity_name I-entity_name O [PAD] [PAD] [PAD] [PAD] [PAD] [PAD] [PAD] O
PlayMusic O O [PAD] B-track I-track I-track
PlayMusic O B-track I-track I-track I-track O [PAD] [PAD]
PlayMusic O O [PAD] B-track I-track
PlayMusic O B-track I-track I-track I-track I-track I-track O [PAD] [PAD]
PlayMusic O B-track I-track I-track I-track I-track O [PAD] [PAD] [PAD]
PlayMusic O B-track O [PAD] [PAD] O [PAD] [PAD]
PlayMusic O B-track I-track O [PAD] [PAD]
PlayMusic O B-track I-track I-track O [PAD] [PAD]
PlayMusic O B-track I-track I-track O [PAD] [PAD] O [PAD]
PlayMusic O B-track I-track I-track I-track O [PAD]
PlayMusic O O [PAD] B-track I-track O [PAD]
PlayMusic O O O O O B-track I-track I-track I-track O [PAD]
PlayMusic O B-track I-track I-track
PlayMusic O B-track I-track
PlayMusic O O O O O B-track [PAD] O [PAD] O [PAD] [PAD]
PlayMusic O O O O [PAD] B-track I-track
PlayMusic O B-track I-track I-track I-track O [PAD] O [PAD]
PlayMusic O O B-track I-track O
PlayMusic O B-track O [PAD] [PAD]
PlayMusic O B-track I-track I-track O [PAD] [PAD]
PlayMusic O B-track O [PAD] [PAD] O [PAD]
PlayMusic O [PAD] O O O [PAD] [PAD] [PAD] B-track I-track
PlayMusic O B-track I-track I-track I-track I-track
PlayMusic O B-track I-track I-track
PlayMusic O [PAD] O O B-track I-track I-track I-track I-track I-track
PlayMusic O [PAD] [PAD] B-track I-track I-track I-track
PlayMusic O B-track O [PAD] O [PAD] [PAD]
PlayMusic O O O [PAD] [PAD] [PAD] O B-track I-track I-track I-track [PAD]
PlayMusic O O O O B-track I-track I-track
PlayMusic O B-track I-track I-track I-track O [PAD] [PAD]
PlayMusic O B-track I-track I-track O [PAD] [PAD] O [PAD]
PlayMusic O B-track I-track I-track O [PAD] [PAD]
PlayMusic O O [PAD] B-track O [PAD] [PAD] O [PAD]
PlayMusic O O [PAD] B-track [PAD] [PAD]
PlayMusic B-track O [PAD] O O
PlayMusic O B-track I-track I-track
PlayMusic O O [PAD] B-track I-track O [PAD] [PAD]
PlayMusic O B-track I-track I-track O [PAD]
PlayMusic O [PAD] [PAD] B-track I-track I-track
PlayMusic O B-track I-track I-track O [PAD]
PlayMusic O B-track I-track I-track I-track I-track O [PAD] [PAD]
PlayMusic O O [PAD] B-track I-track I-track I-track O [PAD] [PAD]
PlayMusic O O O O O B-year O
PlayMusic O O O O O B-year O O [PAD]
PlayMusic O [PAD] [PAD] O O B-year
PlayMusic O O O B-year
PlayMusic O B-year O
PlayMusic O [PAD] [PAD] O B-year
PlayMusic O O O O O B-year O [PAD] [PAD] O [PAD]
PlayMusic O O O B-year O [PAD] [PAD]
PlayMusic O O B-year [PAD] O O [PAD]
PlayMusic O O B-year [PAD] O [PAD] [PAD]
PlayMusic O B-year O O O O [PAD]
PlayMusic O O O B-year
PlayMusic O O [PAD] [PAD] O B-year
PlayMusic O O O O [PAD] [PAD] B-year O O [PAD]
PlayMusic O [PAD] O O [PAD] [PAD] [PAD] O B-year
PlayMusic O O O [PAD] [PAD] O B-year O [PAD]
PlayMusic O O B-year [PAD] O [PAD] [PAD] [PAD] O [PAD] [PAD]
PlayMusic O O O [PAD] O O O [PAD] O B-year O [PAD] [PAD]
PlayMusic O O O B-year
PlayMusic O O [PAD] O O B-year
PlayMusic O O B-year O O [PAD]
PlayMusic O O O O O B-year [PAD] [PAD]
PlayMusic O O O O B-year O
PlayMusic O O [PAD] [PAD] O O B-year O [PAD] [PAD]
PlayMusic O O O [PAD] [PAD] O B-year
PlayMusic O O [PAD] O B-year O [PAD]
PlayMusic O O O B-year
PlayMusic O O O O O [PAD] O O B-year
PlayMusic O O O [PAD] O B-year O [PAD]
PlayMusic O O O O O O O B-year
PlayMusic O O B-year [PAD] O [PAD] [PAD] O [PAD]
RateBook O O O [PAD] [PAD] O O O O B-rating_value O O O O O [PAD]
RateBook O [PAD] [PAD] O B-rating_value
RateBook O [PAD] [PAD] B-rating_value [PAD]
RateBook O O O O O [PAD] [PAD] B-rating_value [PAD]
RateBook O [PAD] [PAD] O B-rating_value
RateBook O O [PAD] O O [PAD] O [PAD] [PAD] [PAD] [PAD] O O O B-rating_value
RateBook O O [PAD] [PAD] B-rating_value O O [PAD]
RateBook O O [PAD] O O [PAD] O O O O [PAD] O O B-rating_value
RateBook O [PAD] [PAD] B-rating_value O O [PAD]
RateBook O O [PAD] [PAD] O B-rating_value
RateBook O O [PAD] [PAD] B-rating_value O O [PAD]
RateBook O O [PAD] [PAD] [PAD] B-rating_value O O [PAD] [PAD]
RateBook O B-rating_value O [PAD] [PAD] O O [PAD] [PAD]
RateBook O [PAD] [PAD] [PAD] [PAD] O B-rating_value
RateBook O O [PAD] [PAD] [PAD] [PAD] [PAD] O B-rating_value O [PAD]
RateBook O [PAD] [PAD] [PAD] [PAD] [PAD] [PAD] [PAD] B-rating_value O [PAD]
RateBook O [PAD] [PAD] [PAD] [PAD] [PAD] [PAD] O O O B-rating_value O [PAD] [PAD]
RateBook O O [PAD] [PAD] [PAD] [PAD] [PAD] O O B-rating_value [PAD]
RateBook O [PAD] [PAD] O B-rating_value
RateBook O O O O [PAD] [PAD] [PAD] [PAD] B-rating_value O O [PAD] [PAD]
RateBook O B-rating_value [PAD] O [PAD] [PAD] [PAD] [PAD]
RateBook O B-rating_value O O [PAD] O [PAD] [PAD]
BookRestaurant O O B-restaurant_type O [PAD] O [PAD] [PAD] [PAD]
BookRestaurant O O O O O B-restaurant_type O [PAD] [PAD] [PAD] O [PAD] [PAD] [PAD] [PAD]
BookRestaurant O O B-restaurant_type O [PAD] [PAD] [PAD] O [PAD]
BookRestaurant O O O O O O O [PAD] B-restaurant_type O [PAD]
BookRestaurant O O B-restaurant_type O O [PAD] [PAD] [PAD] [PAD] O [PAD]
BookRestaurant O O B-restaurant_type O [PAD]
BookRestaurant O O O O O B-restaurant_type [PAD] [PAD] O [PAD] [PAD]
BookRestaurant O O O O O B-restaurant_type O [PAD] [PAD] [PAD] O [PAD]
BookRestaurant O O O O [PAD] O O [PAD] B-restaurant_type O O [PAD] [PAD] [PAD] [PAD]
BookRestaurant O O O O O O [PAD] [PAD] B-restaurant_type [PAD] [PAD] [PAD]
BookRestaurant O O O O O O O [PAD] [PAD] O O B-restaurant_type O [PAD] [PAD] [PAD]
BookRestaurant O O O O O [PAD] O O O B-restaurant_type O O [PAD]
BookRestaurant O O O O [PAD] O O B-restaurant_type O [PAD]
BookRestaurant O O O O O [PAD] [PAD] [PAD] O O B-restaurant_type
BookRestaurant O O O O [PAD] O O [PAD] [PAD] B-restaurant_type
BookRestaurant O O O O O B-restaurant_type O [PAD] [PAD] [PAD] [PAD] O [PAD]
BookRestaurant O O O O [PAD] O O B-restaurant_type O [PAD] [PAD]
BookRestaurant O O B-restaurant_type [PAD] [PAD] O [PAD] O [PAD] O
BookRestaurant O O B-restaurant_type O [PAD] O O [PAD] O O O O O [PAD] O
BookRestaurant O O [PAD] O [PAD] O O B-restaurant_type O O O O O [PAD] O
BookRestaurant O [PAD] [PAD] O [PAD] O O B-restaurant_type [PAD] O O [PAD] [PAD]
BookRestaurant O O O O O [PAD] B-restaurant_type O O [PAD] O [PAD] O O O O [PAD] O [PAD] [PAD]
BookRestaurant O O O O O O [PAD] [PAD] B-restaurant_type
BookRestaurant O O O O O B-restaurant_type O O O [PAD]
BookRestaurant O O O O O B-restaurant_type I-restaurant_type [PAD] [PAD] O O O O [PAD]
BookRestaurant O O B-restaurant_type O [PAD] O
PlayMusic O B-genre O [PAD]
PlayMusic O O O O O B-genre O O [PAD]
PlayMusic O [PAD] B-genre O
PlayMusic O O B-genre O
PlayMusic O O O O O B-genre I-genre
PlayMusic O O O O O O O O B-genre O
PlayMusic O O B-genre O
PlayMusic O [PAD] O O O B-genre
PlayMusic O O B-genre O [PAD]
PlayMusic O B-genre O [PAD]
PlayMusic O B-genre O
PlayMusic O O B-genre O [PAD]
PlayMusic O O B-genre O
PlayMusic O B-genre I-genre O [PAD] [PAD]
PlayMusic O O B-genre I-genre I-genre O [PAD]
PlayMusic O O B-genre O
PlayMusic O O B-genre I-genre
PlayMusic O B-genre
PlayMusic O O B-genre I-genre O [PAD]
PlayMusic O O B-genre O
PlayMusic O O O O O B-genre
PlayMusic O O O O B-genre O [PAD]
PlayMusic O [PAD] O O O B-genre
PlayMusic O O O O O B-genre O
PlayMusic O O O O B-genre O
PlayMusic O O B-genre [PAD] O [PAD]
PlayMusic O B-genre O O [PAD] [PAD]
PlayMusic O O B-genre I-genre
PlayMusic O O B-genre
PlayMusic O O O B-genre I-genre
PlayMusic O O O O O O B-genre O [PAD]
PlayMusic O O B-genre O O [PAD]
PlayMusic O [PAD] [PAD] O O B-genre I-genre
AddToPlaylist O [PAD] [PAD] [PAD] O O B-playlist I-playlist O
AddToPlaylist O O [PAD] [PAD] O [PAD] O B-playlist I-playlist I-playlist
AddToPlaylist O [PAD] [PAD] [PAD] O [PAD] B-playlist I-playlist I-playlist O
AddToPlaylist O O O B-playlist I-playlist [PAD] [PAD] [PAD] [PAD]
AddToPlaylist O O [PAD] O O B-playlist I-playlist I-playlist I-playlist O
AddToPlaylist O [PAD] [PAD] O [PAD] O B-playlist I-playlist I-playlist
AddToPlaylist O O [PAD] O [PAD] B-playlist I-playlist
AddToPlaylist O [PAD] O [PAD] B-playlist O
PlayMusic O O B-playlist I-playlist I-playlist I-playlist
AddToPlaylist O O [PAD] O [PAD] [PAD] B-playlist I-playlist O
AddToPlaylist O O [PAD] O [PAD] O B-playlist I-playlist I-playlist I-playlist I-playlist
AddToPlaylist O [PAD] [PAD] O [PAD] O O B-playlist
AddToPlaylist O [PAD] [PAD] O O O O B-playlist I-playlist
AddToPlaylist O O O [PAD] O B-playlist I-playlist
AddToPlaylist O O [PAD] O O O O B-playlist
AddToPlaylist O [PAD] [PAD] O [PAD] B-playlist I-playlist O
AddToPlaylist O [PAD] [PAD] O [PAD] B-playlist I-playlist O
AddToPlaylist O O [PAD] O [PAD] O O B-playlist I-playlist
AddToPlaylist O [PAD] O B-playlist I-playlist I-playlist I-playlist I-playlist I-playlist
AddToPlaylist O O O [PAD] [PAD] O O O O [PAD] O B-playlist I-playlist I-playlist
AddToPlaylist O O [PAD] O B-playlist I-playlist
AddToPlaylist O O [PAD] O [PAD] B-playlist I-playlist O
AddToPlaylist O [PAD] [PAD] O B-playlist I-playlist O
AddToPlaylist O [PAD] O [PAD] B-playlist O
AddToPlaylist O [PAD] [PAD] [PAD] O [PAD] O O B-playlist I-playlist I-playlist I-playlist
AddToPlaylist O [PAD] O O B-playlist I-playlist I-playlist I-playlist O
AddToPlaylist O O [PAD] O B-playlist
AddToPlaylist O O [PAD] O O B-playlist I-playlist I-playlist I-playlist O
AddToPlaylist O [PAD] [PAD] O B-playlist I-playlist I-playlist I-playlist
AddToPlaylist O O [PAD] O O B-playlist I-playlist I-playlist I-playlist I-playlist O
AddToPlaylist O [PAD] O [PAD] B-playlist I-playlist
AddToPlaylist O [PAD] [PAD] O B-playlist I-playlist O
AddToPlaylist O [PAD] [PAD] O B-playlist I-playlist I-playlist O
AddToPlaylist O O O O O [PAD] O [PAD] [PAD] [PAD] O [PAD] B-playlist I-playlist O
AddToPlaylist O [PAD] [PAD] O O B-playlist I-playlist I-playlist O
AddToPlaylist O O [PAD] O B-playlist I-playlist I-playlist O
AddToPlaylist O [PAD] [PAD] O [PAD] O O B-playlist I-playlist I-playlist I-playlist
AddToPlaylist O [PAD] [PAD] [PAD] [PAD] [PAD] O O B-playlist I-playlist O
AddToPlaylist O O [PAD] O B-playlist I-playlist
AddToPlaylist O [PAD] [PAD] [PAD] [PAD] O [PAD] B-playlist I-playlist I-playlist O
AddToPlaylist O [PAD] [PAD] [PAD] [PAD] O O O B-playlist I-playlist I-playlist
AddToPlaylist O [PAD] [PAD] [PAD] [PAD] [PAD] [PAD] [PAD] [PAD] O [PAD] B-playlist I-playlist I-playlist O
AddToPlaylist O [PAD] O [PAD] [PAD] B-playlist I-playlist O
PlayMusic O O [PAD] O [PAD] O B-service I-service
PlayMusic O O [PAD] [PAD] [PAD] O O B-service
PlayMusic O [PAD] O B-service
PlayMusic O [PAD] O [PAD] O B-service
PlayMusic O O O O O [PAD] O B-service O [PAD] [PAD]
PlayMusic O B-service
PlayMusic O O O O O [PAD] O O B-service
PlayMusic O B-service O O O
PlayMusic O O O B-service I-service
PlayMusic O O O O O [PAD] O [PAD] [PAD] O B-service
PlayMusic O O [PAD] [PAD] O O B-service
PlayMusic O O [PAD] [PAD] O [PAD] [PAD] O B-service
PlayMusic O [PAD] O O O O B-service
PlayMusic O O O O [PAD] [PAD] [PAD] O O B-service
PlayMusic O B-service [PAD] O
PlayMusic O B-service O O [PAD] [PAD] [PAD] O [PAD]
PlayMusic O O O [PAD] [PAD] O [PAD] O B-service
PlayMusic O [PAD] O [PAD] [PAD] O B-service I-service
PlayMusic O O [PAD] [PAD] O [PAD] [PAD] [PAD] O B-service I-service
PlayMusic O O O B-service O O O [PAD] O [PAD] O [PAD] [PAD]
PlayMusic O B-service O O O [PAD] O O [PAD]
PlayMusic O O [PAD] O O B-service
PlayMusic O O [PAD] [PAD] O B-service
PlayMusic O [PAD] [PAD] O [PAD] [PAD] [PAD] [PAD] [PAD] O B-service
PlayMusic O O O O O O [PAD] [PAD] [PAD] [PAD] [PAD] [PAD] [PAD] [PAD] O B-service
GetWeather O O O O O B-city [PAD] O [PAD] [PAD] [PAD] [PAD] [PAD] [PAD] [PAD]
BookRestaurant O O O O O [PAD] O B-city I-city [PAD] O [PAD] [PAD] [PAD] [PAD]
GetWeather O O O O O O O O O B-city O O O O [PAD]
GetWeather O O O [PAD] [PAD] O B-city I-city
BookRestaurant O O O O O [PAD] [PAD] O O O O [PAD] O B-city I-city
GetWeather O O O [PAD] O B-city O [PAD] [PAD]
GetWeather O O O O O O B-city I-city
GetWeather [PAD] B-city O [PAD] O O [PAD] [PAD]
GetWeather O O O O [PAD] [PAD] [PAD] O B-city
BookRestaurant O O O O [PAD] O O [PAD] O B-city [PAD]
GetWeather O O O O O O B-city I-city O [PAD] [PAD] [PAD]
GetWeather O O O O O [PAD] O O B-city
BookRestaurant O O [PAD] [PAD] [PAD] O B-city O [PAD] O
GetWeather O O O O O B-city [PAD]
GetWeather O O O [PAD] O B-city O [PAD]
GetWeather O O [PAD] O B-city I-city [PAD]
BookRestaurant O O O O [PAD] O B-city O [PAD] [PAD] [PAD]
GetWeather O O O O O B-city I-city I-city O [PAD] O [PAD] O
GetWeather O O B-city [PAD] [PAD] [PAD] [PAD]
GetWeather O O O O O B-city
BookRestaurant O O O O [PAD] O O O [PAD] [PAD] O B-city O O [PAD] O
BookRestaurant O O O O O O O [PAD] [PAD] [PAD] O [PAD] [PAD] [PAD] O B-city
GetWeather O O O O O B-city I-city
BookRestaurant O O O O O [PAD] O B-city
GetWeather O O O O O [PAD] [PAD] O B-city
BookRestaurant O O O O O O [PAD] O O [PAD] O B-city O O [PAD] O [PAD] [PAD]
BookRestaurant O O [PAD] [PAD] O O O [PAD] O B-city O [PAD]
GetWeather O O O O O O O B-city I-city [PAD] O [PAD]
GetWeather O O O O O [PAD] O B-city
GetWeather O [PAD] O O [PAD] O B-city
BookRestaurant O O O O O [PAD] [PAD] O B-city I-city O O O O [PAD]
SearchScreeningEvent O O B-object_location_type I-object_location_type O [PAD] [PAD] [PAD] [PAD]
SearchScreeningEvent O [PAD] [PAD] [PAD] O O B-object_location_type I-object_location_type
SearchScreeningEvent O [PAD] O [PAD] [PAD] [PAD] O O O O O B-object_location_type
SearchScreeningEvent O [PAD] O O O O [PAD] B-object_location_type I-object_location_type
SearchScreeningEvent O O [PAD] B-object_location_type I-object_location_type O [PAD]
SearchScreeningEvent O [PAD] [PAD] [PAD] [PAD] O O [PAD] [PAD] [PAD] O O [PAD] B-object_location_type
SearchScreeningEvent O O O [PAD] B-object_location_type I-object_location_type O O O [PAD] [PAD] [PAD]
SearchScreeningEvent O O O O O [PAD] O O [PAD] B-object_location_type I-object_location_type
SearchScreeningEvent O O [PAD] O [PAD] [PAD] O O [PAD] B-object_location_type I-object_location_type O [PAD]
SearchScreeningEvent O O O B-object_location_type O [PAD] [PAD] [PAD]
SearchScreeningEvent O O [PAD] [PAD] O O B-object_location_type I-object_location_type
SearchScreeningEvent O O O [PAD] O [PAD] B-object_location_type I-object_location_type
SearchScreeningEvent O O [PAD] B-object_location_type I-object_location_type O O [PAD] [PAD]
SearchScreeningEvent O O O [PAD] B-object_location_type O O [PAD] [PAD]
SearchScreeningEvent O O O [PAD] B-object_location_type I-object_location_type O [PAD] [PAD]
SearchScreeningEvent O O O O B-object_location_type I-object_location_type O O [PAD] [PAD] [PAD]
SearchScreeningEvent O O O O O O O [PAD] O O [PAD] B-object_location_type I-object_location_type
SearchScreeningEvent O O B-object_location_type I-object_location_type O [PAD] [PAD] [PAD] O O [PAD]
SearchScreeningEvent O O [PAD] O O [PAD] [PAD] O O B-object_location_type O [PAD] O
SearchScreeningEvent O O O O O [PAD] [PAD] [PAD] O O B-object_location_type
SearchScreeningEvent O O [PAD] [PAD] [PAD] O O O [PAD] B-object_location_type
SearchScreeningEvent O O O O O [PAD] [PAD] O O B-object_location_type I-object_location_type O [PAD]
RateBook O [PAD] [PAD] [PAD] B-rating_unit
RateBook O O O O O [PAD] [PAD] [PAD] B-rating_unit
RateBook O O B-rating_unit O O [PAD] O [PAD] [PAD] [PAD] [PAD] O O O [PAD]
RateBook O O [PAD] [PAD] [PAD] [PAD] O O [PAD] B-rating_unit
RateBook O [PAD] O [PAD] B-rating_unit O O [PAD] [PAD]
RateBook O [PAD] [PAD] [PAD] [PAD] [PAD] [PAD] O O O [PAD] O [PAD] B-rating_unit
RateBook O O [PAD] [PAD] [PAD] [PAD] [PAD] O O [PAD] B-rating_unit
RateBook O O O O [PAD] [PAD] [PAD] [PAD] [PAD] O O [PAD] B-rating_unit
RateBook O [PAD] B-rating_unit O [PAD] [PAD] [PAD] [PAD]
RateBook O [PAD] [PAD] [PAD] O O [PAD] B-rating_unit
RateBook O [PAD] B-rating_unit O [PAD] [PAD]
RateBook O O O [PAD] [PAD] [PAD] O O [PAD] B-rating_unit
RateBook O O O [PAD] [PAD] [PAD] O O [PAD] B-rating_unit
RateBook O [PAD] [PAD] [PAD] O [PAD] B-rating_unit
RateBook O [PAD] O B-rating_unit O O [PAD] O O [PAD]
RateBook O O [PAD] [PAD] [PAD] B-rating_unit
RateBook O [PAD] [PAD] [PAD] O [PAD] B-rating_unit
RateBook O O O [PAD] [PAD] [PAD] B-rating_unit O O O O O [PAD]
RateBook O [PAD] O O [PAD] B-rating_unit O [PAD] [PAD] [PAD]
RateBook O O [PAD] [PAD] [PAD] B-rating_unit
RateBook [PAD] [PAD] [PAD] [PAD] [PAD] [PAD] [PAD] [PAD] [PAD] O [PAD] O O [PAD] B-rating_unit
RateBook O O O O [PAD] [PAD] [PAD] [PAD] [PAD] [PAD] [PAD] [PAD] [PAD] [PAD] O O O [PAD] B-rating_unit
