atis_flight O O O O O B-fromloc.city_name O B-toloc.city_name B-round_trip I-round_trip
atis_flight O O O O O O B-toloc.city_name O B-arrive_date.month_name B-arrive_date.day_number
atis_flight O O O O O O O B-fromloc.city_name I-fromloc.city_name O O B-toloc.city_name O B-stoploc.city_name O O B-arrive_time.time_relative B-arrive_time.time I-arrive_time.time
atis_flight O O O O O O B-fromloc.city_name O B-toloc.city_name I-toloc.city_name O O O B-stoploc.city_name I-stoploc.city_name O O B-meal_description O O O O O O O
atis_ground_fare O O O B-transport_type I-transport_type O O B-city_name I-city_name
atis_ground_fare O O O O O B-transport_type O O B-city_name
atis_ground_fare O O O O B-transport_type O O B-fromloc.city_name I-fromloc.city_name B-fromloc.airport_name I-fromloc.airport_name
atis_ground_fare O O O O O O O B-fromloc.city_name O O
atis_flight_time O O O O O B-flight_time O O O B-airline_name O B-airline_name O B-toloc.airport_code O B-depart_date.month_name B-depart_date.day_number
atis_flight_time O O O B-flight_time I-flight_time O B-fromloc.city_name O B-toloc.city_name
atis_flight_time O O O B-flight_time I-flight_time O B-fromloc.city_name O B-toloc.city_name
atis_flight_time O O O O B-flight_time O O O O B-depart_date.day_name B-depart_time.period_of_day O B-fromloc.city_name O O B-fromloc.city_name I-fromloc.city_name I-fromloc.city_name O B-toloc.city_name
atis_flight_time O B-flight_time O O B-airline_code B-flight_number O
atis_quantity O O O O B-airline_code O O B-class_type I-class_type
atis_quantity O O O O O O
atis_quantity O O O O O B-flight_stop O O O O B-fromloc.city_name O B-toloc.city_name
atis_quantity O O B-flight_stop O O O B-fromloc.city_name O B-toloc.city_name B-arrive_date.month_name B-arrive_date.day_number I-arrive_date.day_number
atis_quantity O O O O O O B-fromloc.city_name I-fromloc.city_name O B-toloc.city_name O B-depart_date.month_name B-depart_date.day_number
atis_distance O O O O O O O O B-fromloc.airport_name I-fromloc.airport_name O O O O B-toloc.city_name
atis_distance O O O O O B-fromloc.airport_name I-fromloc.airport_name O O B-toloc.city_name
atis_distance O O O O O B-fromloc.airport_name I-fromloc.airport_name O B-toloc.city_name
atis_city O O O O B-city_name O
atis_city O O O O O B-airline_name I-airline_name I-airline_name
atis_city O O O O O O B-airline_name O B-airline_name I-airline_name I-airline_name
atis_city O B-airport_code B-city_name
atis_capacity O O O O O O O O B-fromloc.city_name O B-toloc.city_name
atis_capacity O O O O O O O O O O B-airline_name I-airline_name O
atis_capacity O O O O O O B-aircraft_code O
atis_capacity O O O O O O B-aircraft_code
atis_capacity O O O O O O O
atis_capacity O O O O O O B-aircraft_code
atis_aircraft O O O O O O O O O O O O O O O B-fromloc.city_name O B-toloc.city_name O
atis_aircraft O O O O O O O O O O B-fromloc.city_name O B-toloc.city_name I-toloc.city_name I-toloc.city_name B-depart_time.time_relative B-depart_time.time
atis_aircraft O O O O O O O O O B-fromloc.city_name O B-toloc.city_name O O B-depart_time.time_relative B-depart_time.time
atis_aircraft O O O O O O B-fromloc.city_name O B-toloc.city_name B-toloc.state_code O B-depart_time.time I-depart_time.time
atis_flight_no O O O O O O O B-toloc.city_name I-toloc.city_name I-toloc.city_name O B-fromloc.city_name B-arrive_time.time_relative B-arrive_time.time
atis_flight_no O O O O O O O O O B-fromloc.city_name B-fromloc.state_name O B-toloc.city_name B-toloc.state_name O B-depart_date.day_name
atis_flight_no O O O B-fromloc.city_name O B-toloc.city_name I-toloc.city_name O B-depart_date.month_name B-depart_date.day_number I-depart_date.day_number
atis_cheapest O O O B-cost_relative O O O O
atis_airline O O O O B-fromloc.city_name O B-toloc.city_name B-toloc.state_code O O O
atis_airline O O O O B-fromloc.city_name O B-toloc.city_name B-toloc.state_code O O O O O O
atis_airline O O O O B-fromloc.city_name I-fromloc.city_name O B-toloc.city_name O O B-fromloc.city_name O B-toloc.city_name
atis_airline O O O O O O O O O O B-fromloc.city_name O B-toloc.city_name I-toloc.city_name
atis_abbreviation O O O O B-fare_basis_code O
atis_abbreviation O O O O B-fare_basis_code O
atis_abbreviation O O B-airport_code
atis_abbreviation O O B-airport_code
atis_abbreviation O O B-airline_code
atis_restriction O O O B-restriction_code
atis_restriction O O O O O O B-cost_relative B-round_trip I-round_trip O O B-fromloc.city_name O B-toloc.city_name
atis_restriction O O O O O O O O B-fromloc.city_name O B-toloc.city_name O O O O B-fare_amount I-fare_amount
atis_airport B-city_name O
atis_airport O O O O B-city_name
atis_airport O O O O O O B-city_name
atis_airport O O O O B-city_name B-state_code
atis_meal O O O O B-meal O O B-fromloc.city_name O B-toloc.airport_code O B-airline_name B-flight_number
atis_meal O O O B-meal O B-airline_name O B-flight_number O B-fromloc.city_name I-fromloc.city_name O B-toloc.city_name I-toloc.city_name I-toloc.city_name
atis_meal O O O B-meal O O B-fromloc.city_name O B-toloc.city_name
atis_meal O O O B-meal O O O B-fromloc.city_name O B-toloc.city_name
atis_airfare B-round_trip I-round_trip O O B-fromloc.city_name O B-toloc.city_name B-cost_relative O B-fare_amount I-fare_amount B-round_trip I-round_trip O O B-fromloc.city_name O B-toloc.city_name B-cost_relative O B-fare_amount I-fare_amount B-round_trip I-round_trip O O B-fromloc.city_name O B-toloc.city_name B-cost_relative O B-fare_amount I-fare_amount
atis_airfare O O O O O B-cost_relative I-cost_relative B-round_trip I-round_trip O O B-fromloc.city_name O B-toloc.city_name
atis_airfare O O O O O O O O B-fromloc.city_name O B-toloc.city_name
atis_airfare O O O O O O B-round_trip I-round_trip O O B-fromloc.city_name O B-toloc.city_name
atis_airfare O O O B-class_type I-class_type O O B-fromloc.city_name O B-toloc.city_name
atis_ground_service O O O O O O O O B-toloc.airport_name I-toloc.airport_name I-toloc.airport_name
atis_ground_service O O O O O B-city_name O O B-city_name
atis_ground_service O O O B-city_name
