AddToPlaylist O B-entity_name I-entity_name I-entity_name O O B-playlist I-playlist O
AddToPlaylist O O B-artist I-artist O B-playlist_owner O B-playlist I-playlist I-playlist
AddToPlaylist O B-artist I-artist I-artist O B-playlist_owner B-playlist I-playlist I-playlist O
AddToPlaylist O O O B-playlist I-playlist B-entity_name I-entity_name I-entity_name I-entity_name
PlayMusic O O B-artist O B-album O B-service I-service
PlayMusic O O B-music_item B-track I-track I-track
PlayMusic O O O O O B-year O
PlayMusic O O B-sort B-music_item O B-artist I-artist
BookRestaurant O O O O B-party_size_number O B-state
BookRestaurant O O B-restaurant_type O B-party_size_number O B-timeRange I-timeRange I-timeRange
BookRestaurant O O O O O B-restaurant_type O B-city I-city B-state O B-party_size_description I-party_size_description I-party_size_description I-party_size_description
SearchCreativeWork O O O B-object_type B-object_name I-object_name I-object_name I-object_name I-object_name
SearchCreativeWork O O B-object_name I-object_name I-object_name I-object_name I-object_name I-object_name
SearchCreativeWork O B-object_name I-object_name B-object_type
SearchCreativeWork O O O O O O B-object_type B-object_name I-object_name
SearchCreativeWork O O B-object_type I-object_type O B-object_name I-object_name
RateBook O O O B-object_select B-object_type O O O O B-rating_value O O O O O B-best_rating
RateBook O B-object_select B-object_part_of_series_type O B-rating_value
RateBook O B-object_select B-object_type B-rating_value B-rating_unit
GetWeather O O O O O B-city B-state O B-timeRange I-timeRange I-timeRange I-timeRange I-timeRange I-timeRange I-timeRange
GetWeather O O O O O O O O B-geographic_poi I-geographic_poi I-geographic_poi B-spatial_relation B-timeRange I-timeRange I-timeRange
GetWeather O O O O O O B-current_location I-current_location B-timeRange I-timeRange I-timeRange I-timeRange
GetWeather O O O O O O O O O B-city O O O O B-country
SearchScreeningEvent O B-movie_name I-movie_name
SearchScreeningEvent O O O O O B-object_type I-object_type O B-movie_type B-spatial_relation I-spatial_relation I-spatial_relation
SearchScreeningEvent O O B-object_location_type I-object_location_type O B-movie_name I-movie_name I-movie_name I-movie_name
SearchScreeningEvent O B-movie_type I-movie_type B-spatial_relation O O B-object_location_type I-object_location_type
