atis_ground_service O O O O O O [PAD] O B-today_relative I-today_relative I-today_relative I-today_relative
atis_ground_service O O O O O O [PAD] B-today_relative
atis_flight O O O [PAD] O B-depart_date.today_relative O [PAD] [PAD] O [PAD] [PAD] O [PAD]
atis_flight O O O O O [PAD] O [PAD] B-depart_date.today_relative [PAD]
atis_flight O O O O B-depart_date.today_relative O [PAD] [PAD] O [PAD]
atis_flight O O O [PAD] O [PAD] O [PAD] B-depart_date.today_relative
atis_flight O O O O O O O [PAD] O [PAD] [PAD] B-depart_date.today_relative
atis_airline O O O [PAD] [PAD] O B-depart_date.today_relative
atis_flight O O O O O [PAD] O [PAD] [PAD] O B-depart_date.today_relative [PAD]
atis_flight O O O O O [PAD] O [PAD] [PAD] [PAD] O O B-depart_date.today_relative O O [PAD] [PAD]
atis_flight O O O O O [PAD] O O B-depart_date.today_relative O O O [PAD]
atis_flight O O O O O [PAD] O B-depart_date.today_relative O [PAD] O [PAD] O [PAD]
atis_flight O O O O O [PAD] [PAD] O [PAD] B-fromloc.state_code O [PAD] [PAD]
atis_flight O O O O [PAD] B-fromloc.state_code O [PAD] [PAD]
atis_flight O O O [PAD] B-fromloc.state_code O [PAD] [PAD] O O [PAD] [PAD]
atis_flight O O O O [PAD] B-fromloc.state_code O [PAD] [PAD] O O O O [PAD]
atis_flight O O O O O [PAD] B-fromloc.state_code O [PAD] O [PAD] [PAD]
atis_flight O O B-fromloc.state_code O [PAD]
atis_airline O O O O O O [PAD] B-fromloc.state_code O [PAD]
atis_flight O O O O O B-fromloc.state_code O [PAD]
atis_flight O O O O O O [PAD] B-fromloc.state_code O [PAD] [PAD] [PAD]
atis_flight O O O O O O O [PAD] B-fromloc.state_code O O [PAD] O O O O O O [PAD] [PAD]
atis_flight O O O O O O [PAD] B-fromloc.state_code O [PAD] O [PAD] [PAD]
atis_quantity O O O O [PAD] O O B-class_type I-class_type
atis_flight O O O O O [PAD] O [PAD] O B-class_type I-class_type
atis_airfare O O O B-class_type I-class_type O O [PAD] O [PAD]
atis_airfare O O O B-class_type I-class_type O O [PAD] O [PAD]
atis_airfare B-class_type O [PAD] [PAD] O [PAD] O [PAD]
atis_airfare O O O B-class_type O O O O [PAD] O [PAD] O [PAD] [PAD] [PAD]
atis_flight O O O [PAD] [PAD] O [PAD] [PAD] O O B-class_type I-class_type
atis_flight O [PAD] O O [PAD] [PAD] O [PAD] O [PAD] O B-class_type I-class_type O
atis_airfare O O O B-class_type I-class_type O O [PAD] O [PAD]
atis_airfare B-class_type I-class_type [PAD] [PAD] O O [PAD] O [PAD]
atis_flight O O O O O [PAD] [PAD] O [PAD] O O O [PAD] [PAD] [PAD] [PAD] [PAD] B-arrive_date.today_relative
atis_flight O [PAD] O O O [PAD] O [PAD] [PAD] [PAD] O O [PAD] B-depart_time.time
atis_flight O O O [PAD] [PAD] [PAD] [PAD] B-depart_time.time I-depart_time.time O O O [PAD] [PAD]
atis_flight O O O [PAD] O [PAD] O [PAD] [PAD] O O [PAD] B-depart_time.time
atis_flight O O O O O [PAD] O [PAD] [PAD] [PAD] [PAD] O O [PAD] B-depart_time.time
atis_flight O O O O O O [PAD] O B-depart_time.time I-depart_time.time O O [PAD]
atis_flight O O O O O B-depart_time.time O [PAD] O [PAD] O O O O [PAD] [PAD] O [PAD] O [PAD]
atis_flight O O O O O [PAD] O [PAD] O [PAD] O O O O [PAD] B-depart_time.time O [PAD] O [PAD]
atis_airfare O O O [PAD] O O O O [PAD] O [PAD] O [PAD] B-depart_time.time I-depart_time.time
atis_flight O O O [PAD] O O O [PAD] O [PAD] [PAD] B-depart_time.time
atis_flight O O O [PAD] O [PAD] O [PAD] B-depart_time.time I-depart_time.time O [PAD] [PAD] [PAD]
atis_flight O O O [PAD] O [PAD] O [PAD] [PAD] [PAD] O [PAD] B-depart_time.time I-depart_time.time
atis_aircraft O O O O O O O O O O [PAD] O [PAD] [PAD] [PAD] [PAD] B-depart_time.time
atis_flight O O O O O O B-airport_name I-airport_name I-airport_name
atis_ground_service O O [PAD] O O O B-airport_name I-airport_name
atis_ground_service O O O O O O B-airport_name I-airport_name O O O O
atis_ground_service O O O [PAD] [PAD] O O B-airport_name I-airport_name
atis_ground_service O O O O O O O B-airport_name I-airport_name
atis_ground_service O O O O O O O O O B-airport_name I-airport_name I-airport_name I-airport_name
atis_ground_service O O O O O O O O B-airport_name I-airport_name
atis_flight O O O O O O B-airport_name I-airport_name I-airport_name
atis_ground_service O O O [PAD] [PAD] [PAD] O O O O B-airport_name I-airport_name
atis_ground_service O O B-airport_name I-airport_name O O O O O O O
atis_flight O O O O O O O O B-airport_name I-airport_name I-airport_name
atis_airfare O O O O O [PAD] O [PAD] [PAD] O O [PAD] B-flight_number
atis_airfare O O O O [PAD] [PAD] O B-flight_number O [PAD] O [PAD] [PAD] O
atis_flight O [PAD] O B-flight_number O O [PAD] O [PAD] O O O O O O O O O O O O O O O O O [PAD]
atis_meal O O O O [PAD] O O [PAD] O [PAD] O [PAD] B-flight_number
atis_flight O O O O O O O O O [PAD] O B-flight_number O O [PAD] O [PAD] O O O O O O O O
atis_flight [PAD] O B-flight_number O [PAD] O [PAD] O O [PAD] O O O O O O O O O
atis_meal O O O [PAD] O [PAD] O B-flight_number O [PAD] [PAD] O [PAD] [PAD] [PAD]
atis_flight O O [PAD] [PAD] B-flight_number O [PAD] [PAD] O [PAD] O [PAD] O O O O O O O O O
atis_airfare O O O [PAD] [PAD] O O [PAD] B-flight_number O [PAD] O [PAD] [PAD] O [PAD]
atis_flight O O O O O O [PAD] O [PAD] O B-flight_number O [PAD] [PAD]
atis_airfare [PAD] B-flight_number [PAD] O [PAD] O O O O
atis_flight O O O O O [PAD] O [PAD] B-depart_time.period_mod O O [PAD]
atis_flight O O O O O O O O [PAD] O [PAD] B-depart_time.period_mod O O [PAD] O [PAD] [PAD]
atis_flight O O O O O O [PAD] O [PAD] B-depart_time.period_mod O O [PAD]
atis_flight O O O O O O O [PAD] O [PAD] O B-depart_time.period_mod [PAD] [PAD]
atis_flight O O O O O [PAD] O [PAD] O O B-depart_time.period_mod O O [PAD]
atis_flight O O O O O [PAD] O O O [PAD] O O B-depart_time.period_mod O [PAD] [PAD]
atis_flight O O O [PAD] O O [PAD] B-depart_time.period_mod [PAD] [PAD]
atis_flight O O O O O O [PAD] O [PAD] B-depart_time.period_mod O O [PAD]
atis_flight O O O O O [PAD] O [PAD] [PAD] O B-depart_time.period_mod [PAD]
atis_abbreviation O O B-days_code
atis_abbreviation O O B-days_code
atis_flight O O [PAD] O O O O O O O [PAD] O [PAD] [PAD] B-or O [PAD]
atis_flight O O O O O [PAD] O [PAD] O O [PAD] [PAD] B-or [PAD] [PAD]
atis_flight O O O O O O O [PAD] O [PAD] [PAD] B-or [PAD]
atis_flight O O O O O O O O O [PAD] [PAD] [PAD] O O [PAD] [PAD] B-or [PAD] O O [PAD] [PAD] [PAD]
atis_flight O O O O O [PAD] O [PAD] O [PAD] [PAD] [PAD] O O [PAD] [PAD] B-or [PAD]
atis_flight [PAD] B-or [PAD] O O [PAD] O [PAD]
atis_flight O O O O O [PAD] B-or [PAD] O O O [PAD]
atis_flight O O O [PAD] O O [PAD] [PAD] [PAD] O O [PAD] [PAD] B-or [PAD]
atis_flight O O O O O O [PAD] B-or [PAD] [PAD] [PAD] O O O [PAD]
atis_flight_time O O O O O B-flight_time O O O [PAD] O [PAD] O [PAD] O [PAD] [PAD]
atis_flight_time O O O B-flight_time I-flight_time O [PAD] O [PAD]
atis_flight O O O O O [PAD] O [PAD] [PAD] O O O O O O O [PAD] O O O O O B-flight_time O O O O O O
atis_flight O O [PAD] [PAD] O O [PAD] O [PAD] [PAD] [PAD] B-flight_time I-flight_time I-flight_time
atis_flight_time O O O B-flight_time I-flight_time O [PAD] O [PAD]
atis_flight O O O O O O [PAD] O [PAD] O O O O O O B-flight_time O O O
atis_flight O O [PAD] [PAD] [PAD] O [PAD] [PAD] O [PAD] O B-flight_time O O O O O O O O O
atis_flight O O O B-flight_time I-flight_time O [PAD] O [PAD]
atis_flight O O O B-flight_time I-flight_time O [PAD] O [PAD]
atis_flight_time O O O O B-flight_time O O O O [PAD] [PAD] O [PAD] O O [PAD] [PAD] [PAD] O [PAD]
atis_flight O O O [PAD] O [PAD] O O O [PAD] [PAD] B-arrive_date.date_relative [PAD]
atis_flight O O O [PAD] [PAD] [PAD] O [PAD] [PAD] [PAD] O B-arrive_date.date_relative [PAD] [PAD] [PAD] [PAD]
atis_flight O O O O O O [PAD] O O O [PAD] [PAD] [PAD] [PAD] B-arrive_date.date_relative [PAD]
atis_flight O O O O O O O [PAD] [PAD] [PAD] [PAD] B-arrive_date.date_relative [PAD] O
atis_flight O O O [PAD] [PAD] O [PAD] O O [PAD] O [PAD] [PAD] B-arrive_date.date_relative [PAD]
atis_flight O O O O O O [PAD] [PAD] O O O [PAD] [PAD] [PAD] [PAD] [PAD] [PAD] B-arrive_date.date_relative [PAD]
atis_airfare O O O [PAD] [PAD] O [PAD] O O O O [PAD] O [PAD] [PAD] O [PAD] [PAD] [PAD] B-arrive_date.date_relative [PAD]
atis_flight O O O [PAD] O O O [PAD] [PAD] [PAD] [PAD] B-arrive_date.date_relative [PAD]
atis_flight O O O [PAD] O [PAD] O O O [PAD] [PAD] B-arrive_date.date_relative [PAD]
atis_flight O O O O [PAD] [PAD] [PAD] O [PAD] [PAD] O O O O B-arrive_date.day_name
atis_flight O O O O O [PAD] [PAD] O [PAD] O O O [PAD] O B-arrive_date.day_name
atis_flight O O O [PAD] O O O [PAD] O [PAD] [PAD] O B-arrive_date.day_name
atis_flight O O O O O O O [PAD] [PAD] O [PAD] [PAD] [PAD] O O O [PAD] [PAD] [PAD] O B-arrive_date.day_name
atis_flight O O [PAD] O [PAD] O [PAD] [PAD] [PAD] O B-arrive_date.day_name
atis_flight O O O [PAD] O O [PAD] O [PAD] O O B-arrive_date.day_name [PAD]
atis_flight O O O [PAD] O O [PAD] [PAD] O [PAD] O O B-arrive_date.day_name [PAD] [PAD] [PAD]
atis_flight O O O [PAD] O [PAD] O O O [PAD] [PAD] [PAD] B-arrive_date.day_name
atis_flight [PAD] O O [PAD] [PAD] [PAD] O [PAD] [PAD] O B-arrive_date.day_name
atis_flight O O O O O O [PAD] O O O [PAD] O B-arrive_date.day_name [PAD]
atis_flight O O O O O [PAD] O [PAD] O O O [PAD] B-arrive_date.day_name [PAD] [PAD]
atis_ground_fare O O O B-transport_type I-transport_type O O [PAD] [PAD]
atis_ground_service O O B-transport_type O O O [PAD] [PAD]
atis_ground_service O O O O B-transport_type I-transport_type O [PAD]
atis_ground_service O O O B-transport_type I-transport_type O O [PAD] [PAD]
atis_ground_service O B-transport_type O O [PAD] [PAD]
atis_ground_service O O O B-transport_type I-transport_type O O [PAD]
atis_ground_service O O O B-transport_type [PAD] [PAD] O O O O [PAD] [PAD]
atis_ground_service O O O [PAD] [PAD] B-transport_type O O O O [PAD] [PAD]
atis_ground_service O O O O B-transport_type O [PAD] [PAD]
atis_ground_fare O O O O O B-transport_type O O [PAD]
atis_flight O O O O O [PAD] O [PAD] [PAD] O O O [PAD] B-stoploc.state_code
atis_flight O O O O O [PAD] [PAD] O [PAD] O [PAD] [PAD] O O O O B-stoploc.state_code
atis_flight O O O O O [PAD] O [PAD] [PAD] O O O O [PAD] B-stoploc.state_code O [PAD] [PAD]
atis_flight O O O O [PAD] O [PAD] [PAD] O O O O B-stoploc.state_code O [PAD] [PAD]
atis_flight O O O O O [PAD] O [PAD] [PAD] O [PAD] [PAD] O O O [PAD] B-stoploc.state_code
atis_flight O O O O [PAD] O O O O O [PAD] O [PAD] B-depart_date.day_number
atis_flight O O O O O [PAD] O [PAD] [PAD] O [PAD] O B-depart_date.day_number
atis_flight O O O [PAD] [PAD] B-depart_date.day_number [PAD] [PAD] [PAD] O O O [PAD] [PAD]
atis_flight O O O O O O [PAD] [PAD] O [PAD] O O B-depart_date.day_number I-depart_date.day_number
atis_flight O O O [PAD] O O [PAD] O [PAD] O [PAD] B-depart_date.day_number
atis_flight O O O O O O [PAD] [PAD] O [PAD] B-depart_date.day_number O [PAD] O [PAD]
atis_flight O O O [PAD] O [PAD] O [PAD] B-depart_date.day_number I-depart_date.day_number O O [PAD]
atis_flight O O O O O [PAD] B-depart_date.day_number [PAD] O [PAD] O [PAD] [PAD]
atis_flight O O O [PAD] O [PAD] [PAD] O [PAD] B-depart_date.day_number
atis_flight O O [PAD] [PAD] O O [PAD] O [PAD] [PAD] O [PAD] B-depart_date.day_number I-depart_date.day_number
atis_flight O O O [PAD] O O O [PAD] O [PAD] O [PAD] B-depart_date.day_number
atis_flight O B-depart_date.day_name O O O [PAD] O [PAD] [PAD] [PAD] O O [PAD] [PAD]
atis_flight O O O O O [PAD] O [PAD] [PAD] O B-depart_date.day_name O [PAD]
atis_flight O O O O O [PAD] O [PAD] [PAD] [PAD] B-depart_date.day_name O O [PAD] [PAD]
atis_flight O O O O O [PAD] O [PAD] O O B-depart_date.day_name [PAD] [PAD] [PAD] [PAD]
atis_flight O O O O O [PAD] O [PAD] O O [PAD] [PAD] [PAD] B-depart_date.day_name [PAD]
atis_flight O O O O O [PAD] O [PAD] O B-depart_date.day_name
atis_flight O O O O O [PAD] [PAD] O [PAD] O O B-depart_date.day_name
atis_flight O O O O O O B-depart_date.day_name O [PAD] O [PAD] [PAD] [PAD]
atis_flight B-depart_date.day_name [PAD] O O [PAD] O [PAD]
atis_flight O O O O O [PAD] [PAD] [PAD] O [PAD] [PAD] [PAD] B-depart_date.day_name
atis_flight O O B-period_of_day O O [PAD]
atis_ground_service O O O O O O O O [PAD] O O O O O O O O B-period_of_day [PAD] [PAD] [PAD]
atis_ground_service O O O O O O O [PAD] [PAD] O [PAD] B-period_of_day
atis_flight O O O O O O O [PAD] [PAD] O O [PAD] O [PAD] O O B-arrive_time.time_relative [PAD] [PAD]
atis_flight O O O O O O [PAD] O [PAD] B-arrive_time.time_relative [PAD] [PAD]
atis_flight O O O O O [PAD] [PAD] O [PAD] O O O [PAD] B-arrive_time.time_relative [PAD] [PAD] [PAD] [PAD]
atis_flight O O O O O [PAD] O [PAD] O [PAD] O O O [PAD] O O B-arrive_time.time_relative [PAD]
atis_flight O O O [PAD] O [PAD] [PAD] O B-arrive_time.time_relative [PAD] [PAD] O [PAD] [PAD]
atis_flight O O O O [PAD] O [PAD] O O O O O O [PAD] O O B-arrive_time.time_relative [PAD] [PAD] O O O O O [PAD]
atis_flight O O O O O O [PAD] O [PAD] [PAD] O O O [PAD] O [PAD] B-arrive_time.time_relative [PAD] [PAD]
atis_flight O O O [PAD] O [PAD] O O B-arrive_time.time_relative [PAD] [PAD]
atis_flight O O O O O O O [PAD] [PAD] O [PAD] [PAD] [PAD] O O O B-arrive_time.time_relative [PAD] [PAD] O [PAD]
atis_flight O O O O O [PAD] [PAD] O [PAD] O O [PAD] O O O [PAD] B-arrive_time.time_relative [PAD] [PAD]
atis_flight O O O O O O B-airline_name I-airline_name O [PAD] O [PAD] [PAD] O O [PAD] O O
atis_flight B-airline_name O O [PAD] O [PAD] [PAD] [PAD]
atis_flight O B-airline_name I-airline_name O O [PAD] O [PAD] [PAD]
atis_flight O O O [PAD] O [PAD] O B-airline_name I-airline_name O O [PAD] [PAD]
atis_flight O O O O O O O O [PAD] O [PAD] [PAD] O B-airline_name I-airline_name
atis_flight O O O O O [PAD] O B-airline_name I-airline_name
atis_flight O O [PAD] O O B-airline_name I-airline_name O [PAD] [PAD] O [PAD]
atis_flight O O O [PAD] O [PAD] O B-airline_name I-airline_name O [PAD] [PAD] O [PAD]
atis_flight B-airline_name I-airline_name O [PAD] O [PAD]
atis_flight B-airline_name O O O O [PAD]
atis_flight O O B-depart_date.date_relative O O O O O O O [PAD] O [PAD] [PAD] [PAD] O [PAD]
atis_flight O O O O O [PAD] O [PAD] [PAD] B-depart_date.date_relative [PAD] O O [PAD] [PAD]
atis_flight O O O [PAD] O O [PAD] O [PAD] O O [PAD] O O [PAD] O [PAD] O O B-depart_date.date_relative O
atis_flight O O O O O [PAD] [PAD] [PAD] O [PAD] [PAD] B-depart_date.date_relative [PAD]
atis_flight O O O O O O [PAD] O O O [PAD] [PAD] [PAD] B-depart_date.date_relative [PAD] O O O O O O O O O [PAD] O [PAD] O [PAD] [PAD]
atis_flight O O O O B-depart_date.date_relative [PAD] [PAD] O [PAD] O [PAD] [PAD]
atis_flight O O O O O [PAD] [PAD] O [PAD] O B-depart_date.date_relative [PAD] O O [PAD] [PAD] [PAD]
atis_flight O O O O [PAD] O [PAD] [PAD] [PAD] [PAD] B-depart_date.date_relative [PAD]
atis_airfare O O O O O O O O O [PAD] O [PAD] [PAD] B-depart_date.date_relative [PAD]
atis_flight O O O O O O [PAD] O [PAD] [PAD] O O O B-aircraft_code O [PAD] [PAD] [PAD] [PAD]
atis_airline O O O O B-aircraft_code O O [PAD] O [PAD]
atis_flight O O O O O [PAD] O [PAD] [PAD] O O O B-aircraft_code
atis_flight O O O O O [PAD] [PAD] O [PAD] O O O B-aircraft_code
atis_flight O O O O O O [PAD] O O [PAD] O [PAD] [PAD] O O B-aircraft_code O [PAD] [PAD] [PAD]
atis_abbreviation O O O O B-aircraft_code
atis_flight [PAD] [PAD] [PAD] O [PAD] O O O B-aircraft_code O O O [PAD] O [PAD] [PAD]
atis_flight O O O O O [PAD] [PAD] O [PAD] [PAD] O B-aircraft_code
atis_capacity O O O O O O B-aircraft_code O
atis_aircraft O O O O O O B-aircraft_code
atis_airfare O O O O O O O O O [PAD] O [PAD] [PAD] O O B-aircraft_code O [PAD] [PAD] [PAD]
atis_abbreviation O O B-airport_code
atis_abbreviation O O B-airport_code
atis_abbreviation O O B-airport_code
atis_abbreviation O O B-airport_code O
atis_city O B-airport_code [PAD]
atis_abbreviation O O B-airport_code
atis_abbreviation O O B-airport_code O
atis_abbreviation O O B-airport_code O O
atis_abbreviation O O B-airport_code O
atis_abbreviation O O B-airport_code O
atis_flight O O O O O [PAD] [PAD] O [PAD] O O O [PAD] O O O B-return_date.day_name
atis_ground_service O O O O O O [PAD] B-month_name [PAD] O [PAD] [PAD] [PAD] O [PAD] [PAD]
atis_ground_service O O O O O O [PAD] [PAD] [PAD] O [PAD] B-month_name [PAD] O [PAD] [PAD]
atis_flight O O O O O B-fromloc.city_name O [PAD] [PAD] [PAD]
atis_airfare [PAD] [PAD] O O B-fromloc.city_name O [PAD] [PAD] O [PAD] [PAD] [PAD] [PAD] O O [PAD] O [PAD] [PAD] O [PAD] [PAD] [PAD] [PAD] O O [PAD] O [PAD] [PAD] O [PAD] [PAD]
atis_airfare [PAD] [PAD] O O [PAD] O [PAD] [PAD] O [PAD] [PAD] [PAD] [PAD] O O B-fromloc.city_name O [PAD] [PAD] O [PAD] [PAD] [PAD] [PAD] O O [PAD] O [PAD] [PAD] O [PAD] [PAD]
atis_airfare [PAD] [PAD] O O [PAD] O [PAD] [PAD] O [PAD] [PAD] [PAD] [PAD] O O [PAD] O [PAD] [PAD] O [PAD] [PAD] [PAD] [PAD] O O B-fromloc.city_name O [PAD] [PAD] O [PAD] [PAD]
atis_flight O O O O O O O B-fromloc.city_name I-fromloc.city_name O O [PAD] O [PAD] O O [PAD] [PAD] [PAD]
atis_airline O O O O B-fromloc.city_name O [PAD] [PAD] O O O
atis_flight O O O O O O B-fromloc.city_name O [PAD] [PAD] O O O [PAD] [PAD] O O [PAD] O O O O O O O
atis_flight O O O O B-fromloc.city_name O O O O O [PAD] O [PAD] [PAD]
atis_flight O O O O O O B-fromloc.city_name O [PAD]
atis_flight O O O O O O [PAD] [PAD] O B-fromloc.city_name O [PAD] [PAD] O O [PAD] O O
atis_flight O [PAD] O O O B-fromloc.city_name O [PAD] [PAD] [PAD] O O [PAD] [PAD]
atis_flight [PAD] O O B-fromloc.city_name O [PAD] [PAD] [PAD]
atis_flight O O [PAD] O O O O O O O B-fromloc.city_name O [PAD] [PAD] [PAD] O [PAD]
atis_flight O O O O O O O [PAD] [PAD] [PAD] O [PAD] B-toloc.country_name O [PAD] O O [PAD]
atis_flight O O O O O O O [PAD] [PAD] O [PAD] B-toloc.country_name O O [PAD]
atis_flight O O O O O [PAD] [PAD] O [PAD] B-toloc.country_name O O [PAD]
atis_abbreviation O O O O B-fare_basis_code O
atis_abbreviation O O O O B-fare_basis_code O
atis_abbreviation O O O O B-fare_basis_code O
atis_abbreviation O O O B-fare_basis_code
atis_abbreviation O O O O B-fare_basis_code
atis_abbreviation O O O B-fare_basis_code O
atis_abbreviation O O O O B-fare_basis_code
atis_abbreviation O O O O O B-fare_basis_code O
atis_abbreviation O O O O B-fare_basis_code
atis_flight O O O O [PAD] O O O O O [PAD] O B-depart_date.month_name [PAD]
atis_flight O O O [PAD] B-depart_date.month_name [PAD] [PAD] [PAD] [PAD] O O O [PAD] [PAD]
atis_flight O O O [PAD] O O [PAD] O [PAD] O B-depart_date.month_name [PAD]
atis_flight O O O O O O [PAD] [PAD] O B-depart_date.month_name [PAD] O [PAD] O [PAD]
atis_flight O O O [PAD] O [PAD] O B-depart_date.month_name [PAD] [PAD] O O [PAD]
atis_flight O O O O O B-depart_date.month_name [PAD] [PAD] O [PAD] O [PAD] [PAD]
atis_flight O O O [PAD] O [PAD] [PAD] O B-depart_date.month_name [PAD]
atis_flight O O [PAD] [PAD] O O [PAD] O [PAD] [PAD] O B-depart_date.month_name [PAD] [PAD]
atis_flight O O O [PAD] O O O [PAD] O [PAD] O B-depart_date.month_name [PAD]
atis_flight O O O O O [PAD] O [PAD] O B-depart_date.month_name [PAD] [PAD] [PAD] O O [PAD] O O O
atis_flight O O [PAD] O [PAD] O B-depart_time.start_time I-depart_time.start_time O [PAD] [PAD]
atis_flight O O O [PAD] O [PAD] [PAD] O B-depart_time.start_time I-depart_time.start_time O [PAD] [PAD] O [PAD]
atis_flight O O O O O [PAD] O [PAD] [PAD] [PAD] O [PAD] O B-depart_time.start_time O [PAD] [PAD]
atis_flight O O O O O O B-depart_time.start_time I-depart_time.start_time O [PAD] [PAD] O [PAD] O [PAD] [PAD]
atis_flight O O O O [PAD] O O [PAD] O B-depart_time.start_time O [PAD] O O [PAD]
atis_flight O O O O O O [PAD] [PAD] [PAD] O O [PAD] [PAD] [PAD] [PAD] O O O B-depart_time.start_time O [PAD] [PAD]
atis_flight O O O O [PAD] [PAD] O O [PAD] O B-depart_time.start_time O [PAD] O O [PAD]
atis_flight O O O [PAD] [PAD] O O O [PAD] O B-depart_time.start_time O [PAD] O O [PAD]
atis_flight O O O O O O [PAD] O [PAD] O B-depart_time.start_time I-depart_time.start_time O [PAD] [PAD]
atis_flight O O [PAD] O [PAD] O B-depart_time.start_time I-depart_time.start_time O [PAD] [PAD]
atis_flight O O O [PAD] [PAD] O [PAD] O [PAD] [PAD] O B-return_date.today_relative I-return_date.today_relative I-return_date.today_relative
atis_ground_service O O O O O O O O [PAD] O O O O O O O O [PAD] B-time_relative [PAD] [PAD]
atis_ground_service O O O O O O O [PAD] [PAD] B-state_name
atis_flight O O O O O O [PAD] O O [PAD] O [PAD] O O O O B-return_time.period_mod [PAD]
atis_flight O [PAD] O O O O [PAD] [PAD] O O [PAD] O [PAD] O O O O B-return_time.period_mod [PAD]
atis_flight O O O O O [PAD] O O [PAD] O [PAD] O O O B-meal
atis_flight O O O O O [PAD] [PAD] O [PAD] [PAD] O [PAD] [PAD] O O B-meal
atis_flight O O O O O [PAD] O [PAD] O [PAD] O O O B-meal O O [PAD] [PAD]
atis_abbreviation O B-meal O [PAD] [PAD]
atis_flight O O O O O [PAD] O [PAD] O O O O O O O O B-meal
atis_meal O O O O B-meal O O [PAD] O [PAD] O [PAD] [PAD]
atis_flight O O O [PAD] O O O [PAD] O [PAD] [PAD] O O B-meal
atis_meal O O O B-meal O [PAD] O [PAD] O [PAD] [PAD] O [PAD] [PAD] [PAD]
atis_meal O O O B-meal O O [PAD] O [PAD]
atis_flight O O [PAD] O O [PAD] [PAD] O [PAD] O O O B-meal
atis_ground_service O O O O O O [PAD] [PAD] B-day_number O [PAD] [PAD] [PAD] O [PAD] [PAD]
atis_ground_service O O O O O O [PAD] [PAD] [PAD] O [PAD] [PAD] B-day_number O [PAD] [PAD]
atis_flight O [PAD] O O [PAD] [PAD] O [PAD] O O O B-arrive_time.start_time O [PAD] [PAD]
atis_flight O O O O O O [PAD] O O O [PAD] [PAD] [PAD] [PAD] [PAD] O O O O O O O O O [PAD] O B-arrive_time.start_time O [PAD] [PAD]
atis_flight O O O [PAD] O [PAD] O O B-arrive_time.start_time O [PAD] [PAD]
atis_flight O O O O O O O O [PAD] O O O B-arrive_time.start_time O [PAD]
atis_flight O O O [PAD] O [PAD] O O [PAD] O B-arrive_time.start_time I-arrive_time.start_time O [PAD] [PAD]
atis_flight O O O O O [PAD] O [PAD] O O O B-arrive_time.start_time O [PAD] [PAD]
atis_flight O O [PAD] O O [PAD] [PAD] [PAD] O [PAD] O [PAD] O O [PAD] O B-arrive_time.start_time I-arrive_time.start_time O [PAD] [PAD]
atis_flight O O O O [PAD] O [PAD] O [PAD] O O [PAD] O B-arrive_time.start_time I-arrive_time.start_time O [PAD] [PAD]
atis_flight O O O O O [PAD] O [PAD] O B-arrive_time.start_time O [PAD] [PAD]
atis_flight O O O [PAD] O O [PAD] O [PAD] O O B-arrive_time.start_time I-arrive_time.start_time O [PAD] [PAD]
atis_flight O O [PAD] [PAD] [PAD] O O [PAD] O [PAD] O O O [PAD] O B-arrive_time.start_time I-arrive_time.start_time O [PAD] [PAD]
atis_flight O O O [PAD] O O O O O O B-fromloc.airport_code O [PAD] [PAD]
atis_city O O O O O B-fromloc.airport_code O
atis_flight O B-fromloc.airport_code O [PAD]
atis_flight O O O B-fromloc.airport_code O [PAD] O O [PAD] O [PAD] [PAD] O [PAD] [PAD]
atis_flight O O B-fromloc.airport_code [PAD] [PAD] [PAD] O [PAD]
atis_airfare O O O O O O [PAD] [PAD] O [PAD] [PAD] O B-fromloc.airport_code O [PAD]
atis_flight O O O O O B-fromloc.airport_code O [PAD]
atis_flight B-fromloc.airport_code O [PAD] O [PAD] [PAD] [PAD] [PAD]
atis_airline O O O O B-fromloc.airport_code O [PAD] [PAD] [PAD]
atis_flight O O O O B-fromloc.airport_code O [PAD]
atis_flight O O O O O O O O O B-fromloc.airport_name I-fromloc.airport_name I-fromloc.airport_name
atis_distance O O O O O O O O B-fromloc.airport_name I-fromloc.airport_name O O O O [PAD]
atis_distance O O O O O B-fromloc.airport_name I-fromloc.airport_name O O [PAD]
atis_flight O O O O O B-fromloc.airport_name I-fromloc.airport_name O O O O
atis_ground_service O O O O O O B-fromloc.airport_name I-fromloc.airport_name O O [PAD]
atis_distance O O O O O B-fromloc.airport_name I-fromloc.airport_name O [PAD]
atis_flight O O O O O O B-fromloc.airport_name I-fromloc.airport_name
atis_flight O O O O O B-fromloc.airport_name I-fromloc.airport_name
atis_ground_service O O O O O B-fromloc.airport_name I-fromloc.airport_name O O [PAD]
atis_flight O O O O O O B-fromloc.airport_name I-fromloc.airport_name
atis_flight O O O O O O O B-fromloc.airport_name I-fromloc.airport_name
atis_flight O O O O B-connect O O [PAD] O [PAD]
atis_flight O O O B-connect [PAD] O O [PAD] O [PAD]
atis_flight O O O [PAD] O O [PAD] B-connect
atis_flight [PAD] [PAD] B-connect O O [PAD] O [PAD]
atis_flight O O O B-connect O O [PAD] [PAD] [PAD] O O [PAD] [PAD] [PAD] [PAD]
atis_flight O O O B-connect O O [PAD] O [PAD] [PAD] O [PAD] O [PAD]
atis_flight O O O O [PAD] O O B-connect O [PAD] O [PAD] [PAD] O [PAD] O O [PAD]
atis_flight O O O B-connect O O [PAD] O [PAD] O O [PAD] [PAD] [PAD] [PAD]
atis_flight O O O O O O O O B-connect O O [PAD] [PAD] [PAD] O [PAD] [PAD] O O [PAD] [PAD]
atis_flight O O O B-connect [PAD] O O [PAD] O [PAD]
atis_airfare [PAD] [PAD] O O [PAD] O [PAD] B-cost_relative O [PAD] [PAD] [PAD] [PAD] O O [PAD] O [PAD] [PAD] O [PAD] [PAD] [PAD] [PAD] O O [PAD] O [PAD] [PAD] O [PAD] [PAD]
atis_airfare [PAD] [PAD] O O [PAD] O [PAD] [PAD] O [PAD] [PAD] [PAD] [PAD] O O [PAD] O [PAD] B-cost_relative O [PAD] [PAD] [PAD] [PAD] O O [PAD] O [PAD] [PAD] O [PAD] [PAD]
atis_airfare [PAD] [PAD] O O [PAD] O [PAD] [PAD] O [PAD] [PAD] [PAD] [PAD] O O [PAD] O [PAD] [PAD] O [PAD] [PAD] [PAD] [PAD] O O [PAD] O [PAD] B-cost_relative O [PAD] [PAD]
atis_airfare O O O O O B-cost_relative I-cost_relative [PAD] [PAD] O O [PAD] O [PAD]
atis_airfare O O O B-cost_relative I-cost_relative O O [PAD] O O [PAD] O [PAD] [PAD]
atis_airfare [PAD] [PAD] O O O [PAD] O [PAD] B-cost_relative O [PAD] [PAD]
atis_flight O O O B-cost_relative O O O [PAD] O [PAD] [PAD] [PAD]
atis_airfare O O B-cost_relative I-cost_relative O O O O O O O [PAD] O [PAD] O O [PAD] [PAD]
atis_flight O O O B-cost_relative I-cost_relative O O [PAD] O [PAD]
atis_airfare O O O B-cost_relative O O O O O [PAD] O [PAD]
atis_airfare O O O O O B-cost_relative [PAD] [PAD] O O [PAD] O [PAD] [PAD]
atis_flight O O O O O O O [PAD] [PAD] O O [PAD] O [PAD] O O [PAD] B-arrive_time.time I-arrive_time.time
atis_flight O O O O O O [PAD] O [PAD] [PAD] B-arrive_time.time I-arrive_time.time
atis_flight O O O O O [PAD] [PAD] O [PAD] O O O [PAD] [PAD] B-arrive_time.time I-arrive_time.time I-arrive_time.time [PAD]
atis_flight O O O O O O [PAD] O [PAD] [PAD] O O [PAD] O O [PAD] O O O B-arrive_time.time I-arrive_time.time O O O O [PAD] O
atis_flight O O O O O [PAD] O [PAD] O [PAD] O O O [PAD] O O [PAD] B-arrive_time.time
atis_flight O O O [PAD] O [PAD] [PAD] O [PAD] B-arrive_time.time I-arrive_time.time O [PAD] [PAD]
atis_flight O O O O [PAD] O [PAD] O O O O O O [PAD] O O [PAD] B-arrive_time.time I-arrive_time.time O O O O O [PAD]
atis_flight O O O O O O [PAD] O [PAD] [PAD] O O O [PAD] O [PAD] [PAD] B-arrive_time.time I-arrive_time.time
atis_flight O O O [PAD] O [PAD] O O [PAD] B-arrive_time.time I-arrive_time.time
atis_flight O O O O O O O [PAD] [PAD] O [PAD] [PAD] [PAD] O O O [PAD] B-arrive_time.time I-arrive_time.time O [PAD]
atis_abbreviation O O O B-restriction_code I-restriction_code O
atis_restriction O O O B-restriction_code
atis_abbreviation O O O B-restriction_code I-restriction_code
atis_abbreviation O O O B-restriction_code O
atis_abbreviation O O O B-restriction_code I-restriction_code O
atis_abbreviation O O O O O O B-restriction_code
atis_abbreviation O O O B-restriction_code I-restriction_code
atis_abbreviation O O B-restriction_code O
atis_abbreviation O O O B-restriction_code I-restriction_code
atis_flight O O O O [PAD] O O [PAD] O [PAD] O O O B-arrive_time.period_of_day O O O O [PAD] O [PAD] [PAD]
atis_flight O O O [PAD] O O [PAD] O [PAD] O O [PAD] B-arrive_time.period_of_day
atis_flight O O O O O [PAD] O [PAD] O [PAD] [PAD] O O O [PAD] [PAD] [PAD] O O B-arrive_time.period_of_day O O O O
atis_flight O O O O O O [PAD] O O O [PAD] O [PAD] B-arrive_time.period_of_day
atis_flight O O O O O [PAD] [PAD] O [PAD] O O [PAD] O O B-arrive_time.period_of_day
atis_flight O O O O O [PAD] [PAD] O [PAD] [PAD] O O O [PAD] [PAD] O O B-arrive_time.period_of_day I-arrive_time.period_of_day
atis_flight O O O O O [PAD] O [PAD] [PAD] O [PAD] [PAD] [PAD] O O [PAD] [PAD] O [PAD] [PAD] [PAD] O O B-arrive_time.period_of_day
atis_flight O O O O O O O O [PAD] [PAD] O [PAD] O O [PAD] [PAD] [PAD] [PAD] [PAD] B-arrive_time.period_of_day
atis_flight O O O O [PAD] O O O [PAD] O [PAD] [PAD] O O B-arrive_time.period_of_day
atis_flight O O O O O [PAD] [PAD] O [PAD] [PAD] [PAD] O O [PAD] [PAD] [PAD] O O B-arrive_time.period_of_day
atis_flight O O [PAD] [PAD] B-flight_days O O [PAD] O [PAD]
atis_flight O O B-flight_days O O [PAD] O [PAD] O O [PAD] O [PAD] O [PAD] [PAD]
atis_flight O B-flight_days O O [PAD] [PAD] O [PAD] O [PAD] O [PAD] [PAD] O
atis_flight O O B-flight_days O O [PAD] O [PAD] O O O [PAD] O [PAD] O [PAD] [PAD]
atis_flight O B-flight_days O O [PAD] O [PAD] O [PAD] [PAD]
atis_flight O O O B-flight_days O O [PAD] O [PAD]
atis_flight O O O B-flight_days O O [PAD] O [PAD]
atis_flight O O [PAD] O [PAD] B-flight_days
atis_flight O B-flight_days O O [PAD] O [PAD] O [PAD] [PAD]
atis_airfare [PAD] [PAD] O O [PAD] O [PAD] [PAD] O B-fare_amount I-fare_amount [PAD] [PAD] O O [PAD] O [PAD] [PAD] O [PAD] [PAD] [PAD] [PAD] O O [PAD] O [PAD] [PAD] O [PAD] [PAD]
atis_airfare [PAD] [PAD] O O [PAD] O [PAD] [PAD] O [PAD] [PAD] [PAD] [PAD] O O [PAD] O [PAD] [PAD] O B-fare_amount I-fare_amount [PAD] [PAD] O O [PAD] O [PAD] [PAD] O [PAD] [PAD]
atis_airfare [PAD] [PAD] O O [PAD] O [PAD] [PAD] O [PAD] [PAD] [PAD] [PAD] O O [PAD] O [PAD] [PAD] O [PAD] [PAD] [PAD] [PAD] O O [PAD] O [PAD] [PAD] O B-fare_amount I-fare_amount
atis_airfare [PAD] [PAD] O O O [PAD] O [PAD] [PAD] O B-fare_amount I-fare_amount
atis_airfare O O O O O [PAD] O [PAD] [PAD] O O [PAD] O B-fare_amount I-fare_amount [PAD] [PAD]
atis_airfare O O O [PAD] O B-fare_amount I-fare_amount O O O [PAD] O [PAD]
atis_airfare [PAD] [PAD] O O [PAD] O [PAD] [PAD] O B-fare_amount I-fare_amount [PAD] [PAD] O O [PAD] O [PAD] [PAD] O [PAD] [PAD] [PAD] [PAD] O O [PAD] O [PAD] [PAD] O [PAD] [PAD]
atis_airfare [PAD] [PAD] O O [PAD] O [PAD] [PAD] O [PAD] [PAD] [PAD] [PAD] O O [PAD] O [PAD] [PAD] O B-fare_amount I-fare_amount [PAD] [PAD] O O [PAD] O [PAD] [PAD] O [PAD] [PAD]
atis_airfare [PAD] [PAD] O O [PAD] O [PAD] [PAD] O [PAD] [PAD] [PAD] [PAD] O O [PAD] O [PAD] [PAD] O [PAD] [PAD] [PAD] [PAD] O O [PAD] O [PAD] [PAD] O B-fare_amount I-fare_amount
atis_flight O O O O O O [PAD] O [PAD] B-fare_amount I-fare_amount O O O O O O [PAD] O [PAD]
atis_flight O [PAD] O O [PAD] [PAD] O [PAD] O O O [PAD] O B-arrive_time.end_time I-arrive_time.end_time
atis_flight O O O O O O [PAD] O O O [PAD] [PAD] [PAD] [PAD] [PAD] O O O O O O O O O [PAD] O [PAD] O B-arrive_time.end_time I-arrive_time.end_time
atis_flight O O O [PAD] O [PAD] O O [PAD] O B-arrive_time.end_time I-arrive_time.end_time
atis_flight O O O [PAD] O [PAD] O O [PAD] O [PAD] [PAD] O B-arrive_time.end_time I-arrive_time.end_time
atis_flight O O O O O [PAD] O [PAD] O O O [PAD] O B-arrive_time.end_time I-arrive_time.end_time
atis_flight O O [PAD] O O [PAD] [PAD] [PAD] O [PAD] O [PAD] O O [PAD] O [PAD] [PAD] O B-arrive_time.end_time I-arrive_time.end_time
atis_flight O O O O [PAD] O [PAD] O [PAD] O O [PAD] O [PAD] [PAD] O B-arrive_time.end_time I-arrive_time.end_time
atis_flight O O O O O [PAD] O [PAD] O [PAD] O B-arrive_time.end_time I-arrive_time.end_time
atis_flight O O O [PAD] O O [PAD] O [PAD] O O [PAD] [PAD] O B-arrive_time.end_time I-arrive_time.end_time
atis_flight O O [PAD] [PAD] [PAD] O O [PAD] O [PAD] O O O [PAD] O [PAD] [PAD] O B-arrive_time.end_time I-arrive_time.end_time
atis_flight O O [PAD] O [PAD] O O [PAD] O B-arrive_time.end_time I-arrive_time.end_time
atis_flight O O O O O O O [PAD] O [PAD] O B-economy O
atis_airfare O O B-economy O O [PAD] O [PAD]
atis_flight O O O O O B-economy O O [PAD] O [PAD] O [PAD]
atis_flight O O O O O [PAD] O [PAD] O [PAD] [PAD] B-economy O
atis_quantity O O O O O O B-economy I-economy
atis_flight O O O [PAD] O [PAD] [PAD] [PAD] [PAD] [PAD] O [PAD] [PAD] B-economy I-economy
atis_flight O O O O O O O B-economy I-economy O [PAD] O [PAD]
atis_flight O O O O O O O [PAD] O [PAD] O B-economy O
atis_airfare O O O B-economy [PAD] O O [PAD] O [PAD]
atis_flight O O O O O [PAD] O B-toloc.city_name [PAD] [PAD]
atis_airfare [PAD] [PAD] O O [PAD] O B-toloc.city_name [PAD] O [PAD] [PAD] [PAD] [PAD] O O [PAD] O [PAD] [PAD] O [PAD] [PAD] [PAD] [PAD] O O [PAD] O [PAD] [PAD] O [PAD] [PAD]
atis_airfare [PAD] [PAD] O O [PAD] O [PAD] [PAD] O [PAD] [PAD] [PAD] [PAD] O O [PAD] O B-toloc.city_name [PAD] O [PAD] [PAD] [PAD] [PAD] O O [PAD] O [PAD] [PAD] O [PAD] [PAD]
atis_airfare [PAD] [PAD] O O [PAD] O [PAD] [PAD] O [PAD] [PAD] [PAD] [PAD] O O [PAD] O [PAD] [PAD] O [PAD] [PAD] [PAD] [PAD] O O [PAD] O B-toloc.city_name [PAD] O [PAD] [PAD]
atis_flight O O O O O O B-toloc.city_name O [PAD] [PAD]
atis_flight O O O O O O O [PAD] [PAD] O O B-toloc.city_name O [PAD] O O [PAD] [PAD] [PAD]
atis_airline O O O O [PAD] O B-toloc.city_name [PAD] O O O
atis_flight O O O O O O [PAD] O B-toloc.city_name I-toloc.city_name O O O [PAD] [PAD] O O [PAD] O O O O O O O
atis_flight O O O O [PAD] O O O O O B-toloc.city_name O [PAD] [PAD]
atis_flight O O O O O O [PAD] O B-toloc.city_name
atis_flight O O O O O O [PAD] [PAD] O [PAD] O B-toloc.city_name I-toloc.city_name O O [PAD] O O
atis_flight O [PAD] O O O [PAD] O B-toloc.city_name I-toloc.city_name [PAD] O O [PAD] [PAD]
atis_flight [PAD] O O [PAD] O B-toloc.city_name I-toloc.city_name [PAD]
atis_flight O O [PAD] O O O O O O O [PAD] O B-toloc.city_name I-toloc.city_name [PAD] O [PAD]
atis_flight O O [PAD] O O O O O O O [PAD] O [PAD] [PAD] [PAD] O B-toloc.city_name
atis_flight O O O B-flight_stop O O [PAD] O [PAD]
atis_flight O O O O O O [PAD] O [PAD] O [PAD] [PAD] B-flight_stop
atis_flight O B-flight_stop O O [PAD] [PAD] O [PAD] O O O [PAD] O [PAD] [PAD]
atis_flight O O O O B-flight_stop O O [PAD] O [PAD]
atis_flight O O B-flight_stop O O [PAD] O [PAD] [PAD]
atis_flight O O O O O O [PAD] O [PAD] [PAD] O O [PAD] O O [PAD] O O O [PAD] [PAD] O O O O B-flight_stop O
atis_flight O O O O [PAD] O [PAD] O O O O O O [PAD] O O [PAD] [PAD] [PAD] O O O O O B-flight_stop
atis_flight O O O O O O O [PAD] [PAD] O [PAD] O [PAD] [PAD] O B-flight_stop I-flight_stop O [PAD]
atis_flight O O O O O [PAD] [PAD] O [PAD] [PAD] B-flight_stop
atis_flight O O O O O O O [PAD] [PAD] O O [PAD] O B-stoploc.city_name O O [PAD] [PAD] [PAD]
atis_flight O O O O O O [PAD] O [PAD] [PAD] O O O B-stoploc.city_name I-stoploc.city_name O O [PAD] O O O O O O O
atis_flight O O O O O [PAD] O [PAD] [PAD] O O O O B-stoploc.city_name
atis_flight O O O O O O O O O [PAD] O O O [PAD] [PAD] [PAD] O O O O O O O B-stoploc.city_name
atis_flight [PAD] O O O O B-stoploc.city_name
atis_flight O O O O O [PAD] [PAD] O [PAD] O O O O B-stoploc.city_name I-stoploc.city_name I-stoploc.city_name
atis_flight O O O O [PAD] [PAD] O [PAD] [PAD] O O B-stoploc.city_name
atis_flight O O O O O O [PAD] O [PAD] [PAD] [PAD] O O O O B-stoploc.city_name
atis_flight O O O O O O O [PAD] O O O [PAD] [PAD] O O O O B-stoploc.city_name
atis_flight O O O O [PAD] O [PAD] [PAD] O O O B-stoploc.city_name I-stoploc.city_name O O [PAD] O O O O O O O O O O
atis_flight O O O O O [PAD] O [PAD] O O O O B-stoploc.city_name
atis_flight O O O [PAD] O O [PAD] O B-toloc.airport_code O O O [PAD]
atis_flight_time O O O O O [PAD] O O O [PAD] O [PAD] O B-toloc.airport_code O [PAD] [PAD]
atis_meal O O O O [PAD] O O [PAD] O B-toloc.airport_code O [PAD] [PAD]
atis_flight O O [PAD] O O [PAD] O B-toloc.airport_code O O [PAD]
atis_flight O O O O [PAD] O B-toloc.airport_code
atis_airfare O O [PAD] [PAD] [PAD] O O [PAD] O B-toloc.airport_code
atis_airfare O O O O O O [PAD] [PAD] O [PAD] [PAD] O [PAD] O B-toloc.airport_code
atis_flight O O [PAD] [PAD] O B-toloc.airport_code
atis_flight O O O O O [PAD] [PAD] [PAD] [PAD] [PAD] O [PAD] O B-toloc.airport_code
atis_airfare O O O O O O O [PAD] O B-toloc.airport_code O O [PAD] [PAD]
atis_ground_service O O O O O O B-day_name [PAD] [PAD] O [PAD] [PAD] [PAD] O [PAD] [PAD]
atis_ground_service O O O O O O [PAD] [PAD] [PAD] O B-day_name [PAD] [PAD] O [PAD] [PAD]
atis_ground_service O O O O O O O [PAD] [PAD] O B-day_name [PAD]
atis_flight O O O O O O [PAD] O B-arrive_date.month_name [PAD]
atis_airfare O O [PAD] [PAD] O O O O O O O [PAD] O [PAD] O O B-arrive_date.month_name [PAD]
atis_quantity O O [PAD] O O O [PAD] O [PAD] B-arrive_date.month_name [PAD] [PAD]
atis_flight O O O O O O [PAD] O O O O [PAD] O O O [PAD] O B-arrive_date.month_name [PAD]
atis_flight O O O [PAD] [PAD] [PAD] O O O [PAD] O [PAD] O O O B-arrive_date.month_name [PAD]
atis_flight O O O [PAD] O O [PAD] [PAD] O [PAD] O O [PAD] B-arrive_date.month_name [PAD] [PAD]
atis_flight O O O [PAD] O O O [PAD] O [PAD] B-arrive_date.month_name [PAD] O O [PAD] [PAD]
atis_airline O O O O [PAD] O O [PAD] O O O [PAD] O B-arrive_date.month_name [PAD]
atis_flight O O O O O [PAD] O [PAD] [PAD] [PAD] O B-arrive_date.month_name [PAD]
atis_flight O O O [PAD] [PAD] O O [PAD] [PAD] O O O [PAD] O B-arrive_date.month_name [PAD]
atis_airfare O O O O O O [PAD] [PAD] O O [PAD] O [PAD] O O [PAD] [PAD] [PAD] O O O B-return_date.month_name [PAD]
atis_flight O O O O [PAD] O O [PAD] O [PAD] O [PAD] [PAD] [PAD] O O B-return_date.month_name [PAD]
atis_flight O [PAD] O O O [PAD] O [PAD] [PAD] B-toloc.state_name O O [PAD] [PAD]
atis_flight O O O O O [PAD] [PAD] O [PAD] [PAD] O [PAD] B-toloc.state_name
atis_flight O O O O [PAD] [PAD] O [PAD] O [PAD] B-toloc.state_name
atis_flight O O O O [PAD] [PAD] O [PAD] B-toloc.state_name
atis_flight O O O O O O [PAD] [PAD] [PAD] O [PAD] [PAD] [PAD] B-toloc.state_name O O O O O O O O [PAD] [PAD]
atis_flight O O O O O O [PAD] O O O [PAD] B-toloc.state_name I-toloc.state_name [PAD] [PAD] O O O O O O O O O [PAD] O [PAD] O [PAD] [PAD]
atis_flight [PAD] O O [PAD] [PAD] O [PAD] B-toloc.state_name
atis_flight O O O O O O O [PAD] [PAD] O [PAD] [PAD] B-toloc.state_name O O O [PAD] [PAD] [PAD] O [PAD]
atis_flight O O [PAD] [PAD] [PAD] O O [PAD] [PAD] O [PAD] B-toloc.state_name I-toloc.state_name
atis_flight O O [PAD] O [PAD] B-toloc.state_name
atis_flight O O [PAD] [PAD] [PAD] O [PAD] B-toloc.state_name
atis_flight O O O [PAD] O [PAD] O O B-stoploc.airport_name
atis_flight O O O O O [PAD] O [PAD] B-round_trip I-round_trip
atis_airfare B-round_trip I-round_trip O O [PAD] O [PAD] [PAD] O [PAD] [PAD] [PAD] [PAD] O O [PAD] O [PAD] [PAD] O [PAD] [PAD] [PAD] [PAD] O O [PAD] O [PAD] [PAD] O [PAD] [PAD]
atis_airfare [PAD] [PAD] O O [PAD] O [PAD] [PAD] O [PAD] [PAD] B-round_trip I-round_trip O O [PAD] O [PAD] [PAD] O [PAD] [PAD] [PAD] [PAD] O O [PAD] O [PAD] [PAD] O [PAD] [PAD]
atis_airfare [PAD] [PAD] O O [PAD] O [PAD] [PAD] O [PAD] [PAD] [PAD] [PAD] O O [PAD] O [PAD] [PAD] O [PAD] [PAD] B-round_trip I-round_trip O O [PAD] O [PAD] [PAD] O [PAD] [PAD]
atis_airfare O O O O O [PAD] [PAD] B-round_trip I-round_trip O O [PAD] O [PAD]
atis_airfare O O O O O O B-round_trip I-round_trip O O [PAD] O [PAD]
atis_airfare B-round_trip I-round_trip O O O [PAD] O [PAD] [PAD] O [PAD] [PAD]
atis_flight O O B-round_trip I-round_trip [PAD] O O [PAD] O [PAD]
atis_airfare O O O B-round_trip I-round_trip O O [PAD] O [PAD]
atis_flight O O O O O B-round_trip I-round_trip O O [PAD] O [PAD]
atis_airfare O O O O O [PAD] B-round_trip I-round_trip O O [PAD] O [PAD] [PAD]
atis_airline O O O O [PAD] O [PAD] B-toloc.state_code O O O
atis_airline O O O O [PAD] O [PAD] B-toloc.state_code O O O O O O
atis_flight O O O O O O [PAD] O [PAD] O [PAD] B-toloc.state_code [PAD]
atis_flight O O O [PAD] O [PAD] B-toloc.state_code O [PAD] [PAD]
atis_flight O O [PAD] [PAD] O O [PAD] O [PAD] B-toloc.state_code O [PAD] [PAD] [PAD]
atis_flight O O O O O [PAD] [PAD] [PAD] O B-toloc.state_code [PAD] O [PAD] [PAD] [PAD]
atis_aircraft O O O O O O [PAD] O [PAD] B-toloc.state_code O [PAD] [PAD]
atis_flight O O O O O O [PAD] O [PAD] B-toloc.state_code O O O O O [PAD] [PAD] [PAD] O [PAD]
atis_flight O O [PAD] O [PAD] B-toloc.state_code O [PAD] [PAD]
atis_flight O O [PAD] O O [PAD] O [PAD] B-toloc.state_code
atis_quantity O O O O B-airline_code O O [PAD] [PAD]
atis_flight O O O O O B-airline_code O O [PAD] O [PAD]
atis_abbreviation O O B-airline_code
atis_flight O O O O O B-airline_code O [PAD] O [PAD]
atis_airfare O O O O O [PAD] O [PAD] [PAD] O O B-airline_code [PAD]
atis_flight O O O O O [PAD] O [PAD] O [PAD] [PAD] [PAD] O O B-airline_code [PAD] [PAD] [PAD]
atis_abbreviation O O B-airline_code
atis_flight O O O O O [PAD] [PAD] B-airline_code O O O [PAD]
atis_abbreviation O O O O O O O B-airline_code O O
atis_airfare B-airline_code [PAD] [PAD] O [PAD] O O O O
atis_flight O O O O O [PAD] O [PAD] O B-airline_code
atis_flight O O O O O [PAD] [PAD] O [PAD] O O B-arrive_time.period_mod O O [PAD]
atis_flight O O O O O [PAD] O [PAD] O [PAD] B-arrive_time.period_mod O [PAD]
atis_flight O O O [PAD] O [PAD] O B-arrive_time.period_mod O O [PAD]
atis_flight O O O O O O [PAD] O [PAD] [PAD] O O O [PAD] [PAD] O O B-meal_description O O O O O O O
atis_flight O O O [PAD] O O [PAD] [PAD] O [PAD] O O O B-meal_description
atis_flight O O [PAD] O O [PAD] O [PAD] O O B-meal_description
atis_flight O O O O O [PAD] O [PAD] O [PAD] [PAD] O B-meal_description
atis_flight O O O O [PAD] O [PAD] [PAD] O O O [PAD] [PAD] O O B-meal_description O O O O O O O O O O
atis_flight O O O [PAD] O O [PAD] O [PAD] O O O B-meal_description
atis_flight O O O O O O [PAD] O [PAD] O O B-meal_description
atis_flight O O O [PAD] O [PAD] [PAD] O O O B-meal_description
atis_flight O O O [PAD] O O [PAD] O [PAD] O O B-meal_description
atis_flight O O O O [PAD] [PAD] O [PAD] O [PAD] O O B-meal_description O [PAD]
atis_airline O O O O O O O B-mod O O O O O
atis_flight O O O O O [PAD] O [PAD] O [PAD] [PAD] [PAD] [PAD] O O B-mod O O O
atis_flight O O O O O O B-mod O O O O [PAD] O O O [PAD] O [PAD] [PAD]
atis_aircraft O O O B-mod O O O O
atis_aircraft O O O B-mod O O O O O O [PAD] O [PAD]
atis_flight O O O [PAD] O [PAD] O O B-mod O O O
atis_airline O O O O B-mod O O [PAD] O O O [PAD] O [PAD] [PAD]
atis_aircraft O O B-mod O O O O [PAD] O [PAD] O [PAD] O
atis_aircraft O O O O B-mod O O
atis_flight O O O O O [PAD] O [PAD] O O B-mod O [PAD] [PAD]
atis_flight O [PAD] O O O [PAD] O [PAD] [PAD] [PAD] O O B-depart_time.time_relative [PAD]
atis_flight O O O [PAD] [PAD] [PAD] B-depart_time.time_relative [PAD] [PAD] O O O [PAD] [PAD]
atis_flight O O O [PAD] O [PAD] O [PAD] [PAD] O O B-depart_time.time_relative [PAD]
atis_flight O O O O O [PAD] O [PAD] [PAD] [PAD] [PAD] O O B-depart_time.time_relative [PAD]
atis_flight O O O O O [PAD] O [PAD] O [PAD] O O O O B-depart_time.time_relative [PAD] O [PAD] O [PAD]
atis_airfare O O O [PAD] O O O O [PAD] O [PAD] O B-depart_time.time_relative [PAD] [PAD]
atis_flight O O O [PAD] O O O [PAD] O [PAD] B-depart_time.time_relative [PAD]
atis_flight O O O [PAD] O [PAD] O B-depart_time.time_relative [PAD] [PAD] O [PAD] [PAD] [PAD]
atis_flight O O O [PAD] O [PAD] O [PAD] [PAD] [PAD] O B-depart_time.time_relative [PAD] [PAD]
atis_aircraft O O O O O O O O O O [PAD] O [PAD] [PAD] [PAD] B-depart_time.time_relative [PAD]
atis_flight O O O O O [PAD] [PAD] O [PAD] O [PAD] [PAD] O O B-return_date.date_relative I-return_date.date_relative I-return_date.date_relative
atis_flight O O O O O [PAD] O [PAD] O O O O O B-return_date.date_relative O O O O O O O O O [PAD]
atis_flight O O O O O O [PAD] O [PAD] O O O O O [PAD] O O O O O O O O O O O O [PAD] O O O O O O B-return_date.date_relative
atis_flight O O O O O [PAD] [PAD] O [PAD] [PAD] [PAD] O [PAD] [PAD] [PAD] O O [PAD] O [PAD] [PAD] [PAD] O O [PAD] O O O B-return_date.date_relative O O O [PAD] [PAD] O [PAD] [PAD] [PAD] O O [PAD] O O O O O
atis_flight O O O [PAD] O O O [PAD] O [PAD] O O O B-return_date.date_relative
atis_flight O O O [PAD] O O [PAD] O [PAD] O O [PAD] O O [PAD] O O O B-return_date.date_relative
atis_flight O O O O O [PAD] O [PAD] O O O O O B-return_date.date_relative O O O [PAD] O O [PAD]
atis_ground_service O O O O B-time O O O O [PAD]
atis_ground_service O O O O O O O O [PAD] O O O O O O O O [PAD] [PAD] B-time I-time
atis_flight O O O O O O [PAD] O [PAD] B-arrive_date.day_number
atis_airfare O O [PAD] [PAD] O O O O O O O [PAD] O [PAD] O O [PAD] B-arrive_date.day_number
atis_quantity O O [PAD] O O O [PAD] O [PAD] [PAD] B-arrive_date.day_number I-arrive_date.day_number
atis_flight O O O O O O [PAD] O O O O [PAD] O O O [PAD] O [PAD] B-arrive_date.day_number
atis_flight O O O [PAD] [PAD] [PAD] O O O [PAD] O [PAD] O O O [PAD] B-arrive_date.day_number
atis_flight O O O [PAD] O O [PAD] [PAD] O [PAD] O O [PAD] [PAD] B-arrive_date.day_number I-arrive_date.day_number
atis_flight O O O [PAD] O O O [PAD] O [PAD] [PAD] B-arrive_date.day_number O O [PAD] [PAD]
atis_airline O O O O [PAD] O O [PAD] O O O [PAD] O [PAD] B-arrive_date.day_number
atis_flight O O O O O [PAD] O [PAD] [PAD] [PAD] O [PAD] B-arrive_date.day_number
atis_flight O O O [PAD] [PAD] O O [PAD] [PAD] O O O [PAD] O [PAD] B-arrive_date.day_number
atis_ground_service O O O O O O O O B-toloc.airport_name I-toloc.airport_name I-toloc.airport_name
atis_flight O O O O O [PAD] [PAD] [PAD] O B-toloc.airport_name I-toloc.airport_name [PAD] [PAD]
atis_flight O O O [PAD] O O B-toloc.airport_name I-toloc.airport_name
atis_flight O O O O O [PAD] [PAD] O B-toloc.airport_name I-toloc.airport_name [PAD]
atis_airfare O O O O O O O O O [PAD] O B-toloc.airport_name I-toloc.airport_name [PAD] [PAD]
atis_flight O O O [PAD] O O O O O O [PAD] O [PAD] B-toloc.airport_name
atis_flight O O O O O B-toloc.airport_name I-toloc.airport_name I-toloc.airport_name
atis_quantity O O O O O B-toloc.airport_name I-toloc.airport_name I-toloc.airport_name
atis_flight O O O O O B-toloc.airport_name I-toloc.airport_name I-toloc.airport_name
atis_airline O O O O O O O B-toloc.airport_name I-toloc.airport_name I-toloc.airport_name
atis_flight O O O O O [PAD] B-fromloc.state_name I-fromloc.state_name O [PAD] [PAD] [PAD] [PAD]
atis_flight O O O O O O [PAD] [PAD] B-fromloc.state_name O [PAD] [PAD] [PAD] [PAD] O O O O O O O O [PAD] [PAD]
atis_flight [PAD] O O [PAD] B-fromloc.state_name O [PAD] [PAD]
atis_flight O O O O O O O [PAD] B-fromloc.state_name O [PAD] [PAD] [PAD] O O O [PAD] [PAD] [PAD] O [PAD]
atis_flight O O O O O O [PAD] B-fromloc.state_name O [PAD] O [PAD]
atis_flight O O [PAD] [PAD] [PAD] O O [PAD] B-fromloc.state_name O [PAD] [PAD] [PAD]
atis_flight O O [PAD] B-fromloc.state_name I-fromloc.state_name O [PAD] [PAD]
atis_flight O O O O O O O [PAD] B-fromloc.state_name O [PAD] O O [PAD] [PAD]
atis_flight O O O O O O O [PAD] [PAD] B-fromloc.state_name O [PAD] [PAD] [PAD] [PAD]
atis_flight O [PAD] O O O O O O [PAD] B-fromloc.state_name I-fromloc.state_name O [PAD] [PAD] O O O O O O [PAD] [PAD] [PAD] [PAD]
atis_flight_no O O O O O O O O O [PAD] B-fromloc.state_name O [PAD] [PAD] O [PAD]
atis_ground_service O O O O O O [PAD] B-state_code
atis_airport O O O O [PAD] B-state_code
atis_ground_service O O O O O O O O O O [PAD] B-state_code O O
atis_airport O O O O [PAD] B-state_code
atis_ground_service O O O O O [PAD] B-state_code
atis_ground_service O O O O O O O O [PAD] B-state_code
atis_ground_service O O O O O O O O [PAD] B-state_code
atis_airfare O O O O O O [PAD] [PAD] O O [PAD] O [PAD] O O [PAD] [PAD] [PAD] O O O [PAD] B-return_date.day_number
atis_flight O O O O [PAD] O O [PAD] O [PAD] O [PAD] [PAD] [PAD] O O [PAD] B-return_date.day_number
atis_flight O O O O O B-flight_mod O O [PAD] O [PAD] O O O [PAD]
atis_flight O O O B-flight_mod O O [PAD] O [PAD] O O [PAD] O O [PAD] O [PAD] O O [PAD] O
atis_flight O O O [PAD] O O [PAD] O [PAD] O O B-flight_mod O O [PAD] O [PAD] O O [PAD] O
atis_flight O O O B-flight_mod O O [PAD] [PAD] O [PAD] O O O [PAD]
atis_flight O O O B-flight_mod O O [PAD] O [PAD]
atis_flight O O O B-flight_mod O [PAD] O [PAD] [PAD] O [PAD] [PAD] O [PAD]
atis_flight O O O B-flight_mod O O [PAD] O [PAD] O [PAD] [PAD]
atis_flight O O B-flight_mod O O [PAD] O [PAD] [PAD]
atis_flight O O B-flight_mod O O [PAD] O [PAD] O O [PAD]
atis_flight B-flight_mod O O [PAD] O [PAD] [PAD]
atis_flight O O O O O [PAD] [PAD] B-depart_date.year O [PAD] O [PAD] [PAD]
atis_flight O O O O O [PAD] O [PAD] O [PAD] [PAD] [PAD] B-depart_date.year O O [PAD] O O O
atis_flight O O O O O [PAD] [PAD] B-depart_date.year O [PAD] O [PAD] [PAD]
atis_flight O O O O O O [PAD] O [PAD] O [PAD] O [PAD] [PAD] [PAD] B-depart_date.year
atis_flight O O O O O [PAD] O [PAD] O [PAD] [PAD] [PAD] B-depart_date.year
atis_flight O [PAD] [PAD] O O O O [PAD] O [PAD] O [PAD] [PAD] [PAD] B-depart_date.year
atis_airfare O O O O O O O O O [PAD] O [PAD] [PAD] [PAD] [PAD] B-depart_date.year
atis_flight O O O O O [PAD] O [PAD] O [PAD] [PAD] [PAD] B-depart_date.year
atis_flight O O O O [PAD] O [PAD] [PAD] O [PAD] [PAD] [PAD] B-depart_date.year
atis_flight [PAD] O [PAD] O [PAD] [PAD] [PAD] B-depart_date.year
atis_flight O O O O O O [PAD] [PAD] O [PAD] O [PAD] [PAD] O O B-depart_time.period_of_day O O
atis_flight [PAD] O O [PAD] O [PAD] [PAD] B-depart_time.period_of_day
atis_flight O O O O O [PAD] O [PAD] O O [PAD] B-depart_time.period_of_day [PAD] [PAD] [PAD]
atis_flight O O O O O [PAD] O [PAD] O O [PAD] [PAD] [PAD] [PAD] B-depart_time.period_of_day
atis_flight O O B-depart_time.period_of_day O O [PAD] [PAD] O [PAD] [PAD] O [PAD]
atis_flight O O O [PAD] O [PAD] O [PAD] [PAD] [PAD] O O B-depart_time.period_of_day
atis_flight [PAD] B-depart_time.period_of_day O O [PAD] O [PAD]
atis_flight O O O O O [PAD] O [PAD] O [PAD] B-depart_time.period_of_day O [PAD]
atis_flight O O O O O O O B-depart_time.period_of_day [PAD] O [PAD] O [PAD]
atis_flight O O O O O O O [PAD] B-depart_time.period_of_day O [PAD] O [PAD]
atis_abbreviation O [PAD] O B-meal_code I-meal_code
atis_abbreviation O O B-meal_code O O O [PAD]
atis_abbreviation O O B-meal_code I-meal_code O O O [PAD]
atis_abbreviation O O O O O B-meal_code I-meal_code I-meal_code
atis_abbreviation O O B-meal_code O O
atis_abbreviation O O O [PAD] O B-meal_code O O
atis_city O O O O B-city_name O
atis_ground_service O O O O O B-city_name O O [PAD]
atis_ground_service O O O O O [PAD] O O B-city_name
atis_ground_service O O O B-city_name
atis_flight O O O O O B-city_name O [PAD] [PAD]
atis_ground_service O O O B-city_name
atis_ground_service O O O O O O B-city_name I-city_name
atis_ground_service O O O O O O B-city_name
atis_ground_service O O O O O O O O O O O B-city_name
atis_ground_service O O O O O O O O B-city_name
atis_ground_service O O O O O O O O B-city_name I-city_name I-city_name
atis_ground_service O O O O O O O B-city_name
atis_flight O O [PAD] O [PAD] O [PAD] [PAD] O B-depart_time.end_time I-depart_time.end_time
atis_flight O O O [PAD] O [PAD] [PAD] O [PAD] [PAD] O B-depart_time.end_time I-depart_time.end_time O [PAD]
atis_flight O O O O O [PAD] O [PAD] [PAD] [PAD] O [PAD] O [PAD] O B-depart_time.end_time I-depart_time.end_time
atis_flight O O O O O O [PAD] [PAD] O B-depart_time.end_time I-depart_time.end_time O [PAD] O [PAD] [PAD]
atis_flight O O O O [PAD] O O [PAD] O [PAD] O B-depart_time.end_time O O [PAD]
atis_flight O O O O O O [PAD] [PAD] [PAD] O O [PAD] [PAD] [PAD] [PAD] O O O [PAD] O B-depart_time.end_time I-depart_time.end_time
atis_flight O O O O [PAD] [PAD] O O [PAD] O [PAD] O B-depart_time.end_time O O [PAD]
atis_flight O O O [PAD] [PAD] O O O [PAD] O [PAD] O B-depart_time.end_time O O [PAD]
atis_flight O O O O O O [PAD] O [PAD] O [PAD] [PAD] O B-depart_time.end_time I-depart_time.end_time
atis_flight O O [PAD] O [PAD] O [PAD] [PAD] O B-depart_time.end_time I-depart_time.end_time
atis_flight O O O O O O [PAD] O O [PAD] O [PAD] O O O O [PAD] B-return_time.period_of_day
atis_flight O [PAD] O O O O [PAD] [PAD] O O [PAD] O [PAD] O O O O [PAD] B-return_time.period_of_day
